        -:    0:Source:/usr/include/boost/serialization/serialization.hpp
        -:    0:Graph:/home/m4zz31/cppprojct/cmake-build-debug-coverage/CMakeFiles/cppprojct.dir/GraphClasses/CliqueGraph.cpp.gcno
        -:    0:Data:/home/m4zz31/cppprojct/cmake-build-debug-coverage/CMakeFiles/cppprojct.dir/GraphClasses/CliqueGraph.cpp.gcda
        -:    0:Runs:1
        -:    0:Programs:1
        -:    1:#ifndef BOOST_SERIALIZATION_SERIALIZATION_HPP
        -:    2:#define BOOST_SERIALIZATION_SERIALIZATION_HPP
        -:    3:
        -:    4:// MS compatible compilers support #pragma once
        -:    5:#if defined(_MSC_VER)
        -:    6:# pragma once
        -:    7:#endif
        -:    8:
        -:    9:#if defined(_MSC_VER)
        -:   10:#  pragma warning (disable : 4675) // suppress ADL warning
        -:   11:#endif
        -:   12:
        -:   13:#include <boost/config.hpp>
        -:   14:#include <boost/serialization/strong_typedef.hpp>
        -:   15:
        -:   16://///////1/////////2/////////3/////////4/////////5/////////6/////////7/////////8
        -:   17:// serialization.hpp: interface for serialization system.
        -:   18:
        -:   19:// (C) Copyright 2002 Robert Ramey - http://www.rrsd.com .
        -:   20:// Use, modification and distribution is subject to the Boost Software
        -:   21:// License, Version 1.0. (See accompanying file LICENSE_1_0.txt or copy at
        -:   22:// http://www.boost.org/LICENSE_1_0.txt)
        -:   23:
        -:   24://  See http://www.boost.org for updates, documentation, and revision history.
        -:   25:
        -:   26://////////////////////////////////////////////////////////////////////
        -:   27:// public interface to serialization.
        -:   28:
        -:   29://///////////////////////////////////////////////////////////////////////////
        -:   30:// layer 0 - intrusive verison
        -:   31:// declared and implemented for each user defined class to be serialized
        -:   32://
        -:   33://  template<Archive>
        -:   34://  serialize(Archive &ar, const unsigned int file_version){
        -:   35://      ar & base_object<base>(*this) & member1 & member2 ... ;
        -:   36://  }
        -:   37:
        -:   38://///////////////////////////////////////////////////////////////////////////
        -:   39:// layer 1 - layer that routes member access through the access class.
        -:   40:// this is what permits us to grant access to private class member functions
        -:   41:// by specifying friend class boost::serialization::access
        -:   42:
        -:   43:#include <boost/serialization/access.hpp>
        -:   44:
        -:   45://///////////////////////////////////////////////////////////////////////////
        -:   46:// layer 2 - default implementation of non-intrusive serialization.
        -:   47://
        -:   48:
        -:   49:namespace boost {
        -:   50:namespace serialization {
        -:   51:
function _ZNK5boost13serialization12version_typecvRKjEv called 0 returned 0% blocks executed 0%
function _ZN5boost13serialization12version_typeC2ERKj called 0 returned 0% blocks executed 0%
    #####:   52:BOOST_STRONG_TYPEDEF(unsigned int, version_type)
    $$$$$:   52-block  0
    $$$$$:   52-block  1
    $$$$$:   52-block  2
        -:   53:
        -:   54:// default implementation - call the member function "serialize"
        -:   55:template<class Archive, class T>
function _ZN5boost13serialization9serializeINS_3mpi15packed_iarchiveENS0_13array_wrapperIdEEEEvRT_RT0_j called 0 returned 0% blocks executed 0%
function _ZN5boost13serialization9serializeINS_3mpi15packed_iarchiveE11DynamicEdgeEEvRT_RT0_j called 0 returned 0% blocks executed 0%
function _ZN5boost13serialization9serializeINS_3mpi15packed_iarchiveE11DynamicNodeEEvRT_RT0_j called 0 returned 0% blocks executed 0%
function _ZN5boost13serialization9serializeINS_3mpi15packed_oarchiveE11DynamicEdgeEEvRT_RT0_j called 0 returned 0% blocks executed 0%
function _ZN5boost13serialization9serializeINS_3mpi15packed_oarchiveENS_6detail8parallel20maybe_store_propertyI11DynamicEdgeEEEEvRT_RT0_j called 0 returned 0% blocks executed 0%
function _ZN5boost13serialization9serializeINS_3mpi15packed_oarchiveENS_6detail8parallel22msg_nonlocal_edge_dataI11DynamicEdgeNS4_14edge_desc_implINS_12directed_tagEmEEEEEEvRT_RT0_j called 0 returned 0% blocks executed 0%
    #####:   56:inline void serialize(
    $$$$$:   56-block  0
    $$$$$:   56-block  1
    $$$$$:   56-block  2
    $$$$$:   56-block  3
    $$$$$:   56-block  4
    $$$$$:   56-block  5
        -:   57:    Archive & ar, T & t, const unsigned int file_version
        -:   58:){
    #####:   59:    access::serialize(ar, t, static_cast<unsigned int>(file_version));
    $$$$$:   59-block  0
call    0 never executed
    $$$$$:   59-block  1
call    1 never executed
    $$$$$:   59-block  2
call    2 never executed
    $$$$$:   59-block  3
call    3 never executed
    $$$$$:   59-block  4
call    4 never executed
    $$$$$:   59-block  5
call    5 never executed
    #####:   60:}
        -:   61:
        -:   62:// save data required for construction
        -:   63:template<class Archive, class T>
        -:   64:inline void save_construct_data(
        -:   65:    Archive & /*ar*/,
        -:   66:    const T * /*t*/,
        -:   67:    const unsigned int /*file_version */
        -:   68:){
        -:   69:    // default is to save no data because default constructor
        -:   70:    // requires no arguments.
        -:   71:}
        -:   72:
        -:   73:// load data required for construction and invoke constructor in place
        -:   74:template<class Archive, class T>
        -:   75:inline void load_construct_data(
        -:   76:    Archive & /*ar*/,
        -:   77:    T * t,
        -:   78:    const unsigned int /*file_version*/
        -:   79:){
        -:   80:    // default just uses the default constructor.  going
        -:   81:    // through access permits usage of otherwise private default
        -:   82:    // constructor
        -:   83:    access::construct(t);
        -:   84:}
        -:   85:
        -:   86://///////////////////////////////////////////////////////////////////////////
        -:   87:// layer 3 - move call into serialization namespace so that ADL will function
        -:   88:// in the manner we desire.
        -:   89://
        -:   90:// on compilers which don't implement ADL. only the current namespace
        -:   91:// i.e. boost::serialization will be searched.
        -:   92://
        -:   93:// on compilers which DO implement ADL
        -:   94:// serialize overrides can be in any of the following
        -:   95://
        -:   96:// 1) same namepace as Archive
        -:   97:// 2) same namespace as T
        -:   98:// 3) boost::serialization
        -:   99://
        -:  100:// Due to Martin Ecker
        -:  101:
        -:  102:template<class Archive, class T>
function _ZN5boost13serialization13serialize_adlINS_3mpi15packed_iarchiveENS0_13array_wrapperIdEEEEvRT_RT0_j called 0 returned 0% blocks executed 0%
function _ZN5boost13serialization13serialize_adlINS_3mpi15packed_iarchiveENS0_3nvpIjEEEEvRT_RT0_j called 0 returned 0% blocks executed 0%
function _ZN5boost13serialization13serialize_adlINS_3mpi15packed_iarchiveENS0_3nvpINS0_20collection_size_typeEEEEEvRT_RT0_j called 0 returned 0% blocks executed 0%
function _ZN5boost13serialization13serialize_adlINS_3mpi15packed_iarchiveE11DynamicEdgeEEvRT_RT0_j called 0 returned 0% blocks executed 0%
function _ZN5boost13serialization13serialize_adlINS_3mpi15packed_iarchiveESt6vectorIdSaIdEEEEvRT_RT0_j called 0 returned 0% blocks executed 0%
function _ZN5boost13serialization13serialize_adlINS_3mpi15packed_iarchiveE11DynamicNodeEEvRT_RT0_j called 0 returned 0% blocks executed 0%
function _ZN5boost13serialization13serialize_adlINS_3mpi15packed_oarchiveE11DynamicEdgeEEvRT_RT0_j called 0 returned 0% blocks executed 0%
function _ZN5boost13serialization13serialize_adlINS_3mpi15packed_oarchiveENS_6detail8parallel20maybe_store_propertyI11DynamicEdgeEEEEvRT_RT0_j called 0 returned 0% blocks executed 0%
function _ZN5boost13serialization13serialize_adlINS_3mpi15packed_oarchiveENS_6detail8parallel22msg_nonlocal_edge_dataI11DynamicEdgeNS4_14edge_desc_implINS_12directed_tagEmEEEEEEvRT_RT0_j called 0 returned 0% blocks executed 0%
    #####:  103:inline void serialize_adl(
    $$$$$:  103-block  0
    $$$$$:  103-block  1
    $$$$$:  103-block  2
    $$$$$:  103-block  3
    $$$$$:  103-block  4
    $$$$$:  103-block  5
    $$$$$:  103-block  6
    $$$$$:  103-block  7
    $$$$$:  103-block  8
        -:  104:    Archive & ar,
        -:  105:    T & t,
        -:  106:    const unsigned int file_version
        -:  107:){
    #####:  108:    const version_type v(file_version);
    $$$$$:  108-block  0
call    0 never executed
    $$$$$:  108-block  1
call    1 never executed
    $$$$$:  108-block  2
call    2 never executed
    $$$$$:  108-block  3
call    3 never executed
    $$$$$:  108-block  4
call    4 never executed
    $$$$$:  108-block  5
call    5 never executed
    $$$$$:  108-block  6
call    6 never executed
    $$$$$:  108-block  7
call    7 never executed
    $$$$$:  108-block  8
call    8 never executed
    #####:  109:    serialize(ar, t, v);
call    0 never executed
call    1 never executed
branch  2 never executed
branch  3 never executed
call    4 never executed
call    5 never executed
branch  6 never executed
branch  7 never executed
call    8 never executed
call    9 never executed
branch 10 never executed
branch 11 never executed
call   12 never executed
call   13 never executed
branch 14 never executed
branch 15 never executed
call   16 never executed
call   17 never executed
branch 18 never executed
branch 19 never executed
call   20 never executed
call   21 never executed
branch 22 never executed
branch 23 never executed
call   24 never executed
call   25 never executed
branch 26 never executed
branch 27 never executed
call   28 never executed
call   29 never executed
branch 30 never executed
branch 31 never executed
call   32 never executed
call   33 never executed
branch 34 never executed
branch 35 never executed
    #####:  110:}
    $$$$$:  110-block  0
    $$$$$:  110-block  1
    $$$$$:  110-block  2
    $$$$$:  110-block  3
    $$$$$:  110-block  4
    $$$$$:  110-block  5
    $$$$$:  110-block  6
    $$$$$:  110-block  7
    $$$$$:  110-block  8
        -:  111:
        -:  112:template<class Archive, class T>
        -:  113:inline void save_construct_data_adl(
        -:  114:    Archive & ar,
        -:  115:    const T * t,
        -:  116:    const unsigned int file_version
        -:  117:){
        -:  118:
        -:  119:    const version_type v(file_version);
        -:  120:    save_construct_data(ar, t, v);
        -:  121:}
        -:  122:
        -:  123:template<class Archive, class T>
        -:  124:inline void load_construct_data_adl(
        -:  125:    Archive & ar,
        -:  126:    T * t,
        -:  127:    const unsigned int file_version
        -:  128:){
        -:  129:    // see above comment
        -:  130:    const version_type v(file_version);
        -:  131:    load_construct_data(ar, t, v);
        -:  132:}
        -:  133:
        -:  134:} // namespace serialization
        -:  135:} // namespace boost
        -:  136:
        -:  137:#endif //BOOST_SERIALIZATION_SERIALIZATION_HPP
