        -:    0:Source:/home/m4zz31/cppprojct/Utils/adequate_synchronization.h
        -:    0:Graph:/home/m4zz31/cppprojct/cmake-build-debug-coverage/CMakeFiles/cppprojct.dir/GraphClasses/GeneralGraph.cpp.gcno
        -:    0:Data:/home/m4zz31/cppprojct/cmake-build-debug-coverage/CMakeFiles/cppprojct.dir/GraphClasses/GeneralGraph.cpp.gcda
        -:    0:Runs:1
        -:    0:Programs:1
        -:    1://
        -:    2:// Created by m4zz31 on 31/10/21.
        -:    3://
        -:    4:
        -:    5:#ifndef CPPPROJCT_ADEQUATE_SYNCHRONIZATION_H
        -:    6:#define CPPPROJCT_ADEQUATE_SYNCHRONIZATION_H
        -:    7:
        -:    8:#include "../GraphClasses/GeneralGraph.h"
        -:    9:#include "msleep.h"
        -:   10:#include "../macros/macros.h"
        -:   11:
        -:   12:
        -:   13:
        -:   14:
        -:   15:
        -:   16:
        -:   17:template<int T>
        -:   18:void adsync_synchronization_barrier(std::string detail, Graph &g) {
        -:   19:    synchronize(g.process_group());
        -:   20:    MPI_Barrier(MPI_COMM_WORLD);
        -:   21:    if (VERBOSE) {
        -:   22:        if (process_id(g.process_group()) == 0) {
        -:   23:            std::cout << "[info] " << detail << " informs: synchronization has been successful!" << std::endl;
        -:   24:        }
        -:   25:    }
        -:   26:    MPI_Barrier(MPI_COMM_WORLD);
        -:   27:}
        -:   28:
        -:   29:
        -:   30:template<int T>
        -:   31:void adsync_message_barrier(std::string message, Graph &g) {
        -:   32:    MPI_Barrier(MPI_COMM_WORLD);
        -:   33:    if (VERBOSE) {
        -:   34:        if (process_id(g.process_group()) == 0) {
        -:   35:            std::cout << message << " informs: barrier has been successfully applied!" << std::endl;
        -:   36:        }
        -:   37:    }
        -:   38:    MPI_Barrier(MPI_COMM_WORLD);
        -:   39:}
        -:   40:
        -:   41:template<int T>
function _Z14adsync_barrierILi0EEvv called 0 returned 0% blocks executed 0%
    #####:   42:void adsync_barrier() {
    $$$$$:   42-block  0
    #####:   43:    boost::mpi::communicator().barrier();
    $$$$$:   43-block  0
call    0 never executed
call    1 never executed
branch  2 never executed
branch  3 never executed
    $$$$$:   43-block  1
call    4 never executed
    %%%%%:   43-block  2
call    5 never executed
    #####:   44:    MPI_Barrier(MPI_COMM_WORLD);
call    0 never executed
    #####:   45:}
        -:   46:
        -:   47:template<int T>
        -:   48:void adsync_message(std::string message, Graph &g) {
        -:   49:    if (VERBOSE) {
        -:   50:        if (process_id(g.process_group()) == 0) {
        -:   51:            std::cout << message << std::endl;
        -:   52:        }
        -:   53:    }
        -:   54:}
        -:   55:
        -:   56:
        -:   57:
        -:   58:#endif //CPPPROJCT_ADEQUATE_SYNCHRONIZATION_H
