        -:    0:Source:/usr/include/boost/mpi/detail/mpi_datatype_oarchive.hpp
        -:    0:Graph:/home/m4zz31/cppprojct/cmake-build-debug-coverage/CMakeFiles/cppprojct.dir/Tests/graph-test-init.cpp.gcno
        -:    0:Data:/home/m4zz31/cppprojct/cmake-build-debug-coverage/CMakeFiles/cppprojct.dir/Tests/graph-test-init.cpp.gcda
        -:    0:Runs:1
        -:    0:Programs:1
        -:    1:// (C) Copyright 2005 Matthias Troyer
        -:    2:
        -:    3:// Use, modification and distribution is subject to the Boost Software
        -:    4:// License, Version 1.0. (See accompanying file LICENSE_1_0.txt or copy at
        -:    5:// http://www.boost.org/LICENSE_1_0.txt)
        -:    6:
        -:    7://  Authors: Matthias Troyer
        -:    8:
        -:    9:#ifndef BOOST_MPI_DETAIL_MPI_DATATYPE_OARCHIVE_HPP
        -:   10:#define BOOST_MPI_DETAIL_MPI_DATATYPE_OARCHIVE_HPP
        -:   11:
        -:   12:#include <boost/type_traits/is_enum.hpp>
        -:   13:#include <boost/mpl/bool.hpp>
        -:   14:#include <boost/archive/detail/oserializer.hpp>
        -:   15:#include <boost/archive/detail/auto_link_archive.hpp>
        -:   16:#include <boost/archive/basic_archive.hpp>
        -:   17:#include <boost/mpi/detail/ignore_skeleton_oarchive.hpp>
        -:   18:#include <boost/mpi/detail/mpi_datatype_primitive.hpp>
        -:   19:#include <boost/mpi/datatype_fwd.hpp>
        -:   20:#include <boost/mpl/assert.hpp>
        -:   21:#include <boost/static_assert.hpp>
        -:   22:#include <boost/integer.hpp>
        -:   23:#include <boost/archive/detail/register_archive.hpp>
        -:   24:
        -:   25:namespace boost { namespace mpi { namespace detail {
        -:   26:
        -:   27:
        -:   28:// an archive wrapper that stores only the data members but not the
        -:   29:// special types defined by the serialization library
        -:   30:// to define the data skeletons (classes, pointers, container sizes, ...)
        -:   31:
function _ZN5boost3mpi6detail21mpi_datatype_oarchiveD0Ev called 0 returned 0% blocks executed 0%
function _ZN5boost3mpi6detail21mpi_datatype_oarchiveD2Ev called 0 returned 0% blocks executed 0%
    #####:   32:class mpi_datatype_oarchive
    $$$$$:   32-block  0
    $$$$$:   32-block  1
call    0 never executed
call    1 never executed
    $$$$$:   32-block  2
    $$$$$:   32-block  3
call    2 never executed
call    3 never executed
        -:   33:  : public mpi_datatype_primitive,
        -:   34:    public ignore_skeleton_oarchive<mpi_datatype_oarchive>
        -:   35:{
        -:   36:public:
        -:   37:    template <class T>
function _ZN5boost3mpi6detail21mpi_datatype_oarchiveC2INS_6detail8parallel17msg_add_edge_dataINS5_17global_descriptorImEEmEEEERKT_ called 0 returned 0% blocks executed 0%
function _ZN5boost3mpi6detail21mpi_datatype_oarchiveC2INS_6detail8parallel20msg_remove_edge_dataINS5_15edge_descriptorINS4_14edge_desc_implINS_12directed_tagEmEEEEEEEERKT_ called 0 returned 0% blocks executed 0%
function _ZN5boost3mpi6detail21mpi_datatype_oarchiveC2INS_8parallel6detail14untracked_pairINS_6detail8parallel15edge_descriptorINS7_14edge_desc_implINS_12directed_tagEmEEEEbEEEERKT_ called 0 returned 0% blocks executed 0%
function _ZN5boost3mpi6detail21mpi_datatype_oarchiveC2INS_8parallel6detail14untracked_pairIiNS_6detail8parallel17msg_add_edge_dataINS8_17global_descriptorImEEmEEEEEERKT_ called 0 returned 0% blocks executed 0%
    #####:   38:    mpi_datatype_oarchive(const T& x)
    $$$$$:   38-block  0
    $$$$$:   38-block  1
    $$$$$:   38-block  2
    $$$$$:   38-block  3
    #####:   39:         :  mpi_datatype_primitive(&x) // register address
    $$$$$:   39-block  0
call    0 never executed
call    1 never executed
branch  2 never executed
branch  3 never executed
    %%%%%:   39-block  1
call    4 never executed
    %%%%%:   39-block  2
call    5 never executed
    $$$$$:   39-block  3
call    6 never executed
call    7 never executed
branch  8 never executed
branch  9 never executed
    %%%%%:   39-block  4
call   10 never executed
    %%%%%:   39-block  5
call   11 never executed
    $$$$$:   39-block  6
call   12 never executed
call   13 never executed
branch 14 never executed
branch 15 never executed
    %%%%%:   39-block  7
call   16 never executed
    %%%%%:   39-block  8
call   17 never executed
    $$$$$:   39-block  9
call   18 never executed
call   19 never executed
branch 20 never executed
branch 21 never executed
    %%%%%:   39-block 10
call   22 never executed
    %%%%%:   39-block 11
call   23 never executed
        -:   40:        {
        -:   41:          BOOST_MPL_ASSERT((is_mpi_datatype<T>));
    #####:   42:          *this << x;                   // serialize the object
    $$$$$:   42-block  0
call    0 never executed
branch  1 never executed
branch  2 never executed
    $$$$$:   42-block  1
call    3 never executed
branch  4 never executed
branch  5 never executed
    $$$$$:   42-block  2
call    6 never executed
branch  7 never executed
branch  8 never executed
    $$$$$:   42-block  3
call    9 never executed
branch 10 never executed
branch 11 never executed
    #####:   43:        }
    $$$$$:   43-block  0
    $$$$$:   43-block  1
    $$$$$:   43-block  2
    $$$$$:   43-block  3
        -:   44:
        -:   45:    template<class T>
function _ZN5boost3mpi6detail21mpi_datatype_oarchive13save_overrideINS_6detail8parallel20msg_remove_edge_dataINS5_15edge_descriptorINS4_14edge_desc_implINS_12directed_tagEmEEEEEEEEvRKT_ called 0 returned 0% blocks executed 0%
function _ZN5boost3mpi6detail21mpi_datatype_oarchive13save_overrideINS_7archive13tracking_typeEEEvRKT_ called 0 returned 0% blocks executed 0%
function _ZN5boost3mpi6detail21mpi_datatype_oarchive13save_overrideINS_7archive15class_name_typeEEEvRKT_ called 0 returned 0% blocks executed 0%
function _ZN5boost3mpi6detail21mpi_datatype_oarchive13save_overrideINS_7archive23class_id_reference_typeEEEvRKT_ called 0 returned 0% blocks executed 0%
function _ZN5boost3mpi6detail21mpi_datatype_oarchive13save_overrideINS_7archive22class_id_optional_typeEEEvRKT_ called 0 returned 0% blocks executed 0%
function _ZN5boost3mpi6detail21mpi_datatype_oarchive13save_overrideINS_7archive13class_id_typeEEEvRKT_ called 0 returned 0% blocks executed 0%
function _ZN5boost3mpi6detail21mpi_datatype_oarchive13save_overrideINS_7archive21object_reference_typeEEEvRKT_ called 0 returned 0% blocks executed 0%
function _ZN5boost3mpi6detail21mpi_datatype_oarchive13save_overrideINS_7archive14object_id_typeEEEvRKT_ called 0 returned 0% blocks executed 0%
function _ZN5boost3mpi6detail21mpi_datatype_oarchive13save_overrideINS_7archive12version_typeEEEvRKT_ called 0 returned 0% blocks executed 0%
function _ZN5boost3mpi6detail21mpi_datatype_oarchive13save_overrideIlEEvRKT_ called 0 returned 0% blocks executed 0%
function _ZN5boost3mpi6detail21mpi_datatype_oarchive13save_overrideINS_6detail9edge_baseINS_12directed_tagEmEEEEvRKT_ called 0 returned 0% blocks executed 0%
function _ZN5boost3mpi6detail21mpi_datatype_oarchive13save_overrideINS_6detail14edge_desc_implINS_12directed_tagEmEEEEvRKT_ called 0 returned 0% blocks executed 0%
function _ZN5boost3mpi6detail21mpi_datatype_oarchive13save_overrideIsEEvRKT_ called 0 returned 0% blocks executed 0%
function _ZN5boost3mpi6detail21mpi_datatype_oarchive13save_overrideINS_6detail8parallel17global_descriptorImEEEEvRKT_ called 0 returned 0% blocks executed 0%
function _ZN5boost3mpi6detail21mpi_datatype_oarchive13save_overrideImEEvRKT_ called 0 returned 0% blocks executed 0%
function _ZN5boost3mpi6detail21mpi_datatype_oarchive13save_overrideIbEEvRKT_ called 0 returned 0% blocks executed 0%
function _ZN5boost3mpi6detail21mpi_datatype_oarchive13save_overrideINS_6detail8parallel15edge_descriptorINS4_14edge_desc_implINS_12directed_tagEmEEEEEEvRKT_ called 0 returned 0% blocks executed 0%
function _ZN5boost3mpi6detail21mpi_datatype_oarchive13save_overrideINS_6detail8parallel17msg_add_edge_dataINS5_17global_descriptorImEEmEEEEvRKT_ called 0 returned 0% blocks executed 0%
function _ZN5boost3mpi6detail21mpi_datatype_oarchive13save_overrideIiEEvRKT_ called 0 returned 0% blocks executed 0%
function _ZN5boost3mpi6detail21mpi_datatype_oarchive13save_overrideINS_13serialization3nvpIbEEEEvRKT_ called 0 returned 0% blocks executed 0%
function _ZN5boost3mpi6detail21mpi_datatype_oarchive13save_overrideINS_13serialization3nvpINS_6detail8parallel15edge_descriptorINS6_14edge_desc_implINS_12directed_tagEmEEEEEEEEvRKT_ called 0 returned 0% blocks executed 0%
function _ZN5boost3mpi6detail21mpi_datatype_oarchive13save_overrideINS_13serialization3nvpINS_6detail8parallel17msg_add_edge_dataINS7_17global_descriptorImEEmEEEEEEvRKT_ called 0 returned 0% blocks executed 0%
function _ZN5boost3mpi6detail21mpi_datatype_oarchive13save_overrideINS_13serialization3nvpIiEEEEvRKT_ called 0 returned 0% blocks executed 0%
function _ZN5boost3mpi6detail21mpi_datatype_oarchive13save_overrideINS_8parallel6detail14untracked_pairINS_6detail8parallel15edge_descriptorINS7_14edge_desc_implINS_12directed_tagEmEEEEbEEEEvRKT_ called 0 returned 0% blocks executed 0%
function _ZN5boost3mpi6detail21mpi_datatype_oarchive13save_overrideINS_8parallel6detail14untracked_pairIiNS_6detail8parallel17msg_add_edge_dataINS8_17global_descriptorImEEmEEEEEEvRKT_ called 0 returned 0% blocks executed 0%
    #####:   46:    void save_override(T const& t)
    $$$$$:   46-block  0
    $$$$$:   46-block  1
    $$$$$:   46-block  2
    $$$$$:   46-block  3
    $$$$$:   46-block  4
    $$$$$:   46-block  5
    $$$$$:   46-block  6
    $$$$$:   46-block  7
    $$$$$:   46-block  8
    $$$$$:   46-block  9
    $$$$$:   46-block 10
    $$$$$:   46-block 11
    $$$$$:   46-block 12
    $$$$$:   46-block 13
    $$$$$:   46-block 14
    $$$$$:   46-block 15
    $$$$$:   46-block 16
    $$$$$:   46-block 17
    $$$$$:   46-block 18
    $$$$$:   46-block 19
    $$$$$:   46-block 20
    $$$$$:   46-block 21
    $$$$$:   46-block 22
    $$$$$:   46-block 23
    $$$$$:   46-block 24
        -:   47:    {
    #####:   48:      save_enum(t,boost::is_enum<T>());
    $$$$$:   48-block  0
call    0 never executed
call    1 never executed
branch  2 never executed
branch  3 never executed
    $$$$$:   48-block  1
call    4 never executed
call    5 never executed
branch  6 never executed
branch  7 never executed
    $$$$$:   48-block  2
call    8 never executed
call    9 never executed
branch 10 never executed
branch 11 never executed
    $$$$$:   48-block  3
call   12 never executed
call   13 never executed
branch 14 never executed
branch 15 never executed
    $$$$$:   48-block  4
call   16 never executed
call   17 never executed
branch 18 never executed
branch 19 never executed
    $$$$$:   48-block  5
call   20 never executed
call   21 never executed
branch 22 never executed
branch 23 never executed
    $$$$$:   48-block  6
call   24 never executed
call   25 never executed
branch 26 never executed
branch 27 never executed
    $$$$$:   48-block  7
call   28 never executed
call   29 never executed
branch 30 never executed
branch 31 never executed
    $$$$$:   48-block  8
call   32 never executed
call   33 never executed
branch 34 never executed
branch 35 never executed
    $$$$$:   48-block  9
call   36 never executed
call   37 never executed
branch 38 never executed
branch 39 never executed
    $$$$$:   48-block 10
call   40 never executed
call   41 never executed
branch 42 never executed
branch 43 never executed
    $$$$$:   48-block 11
call   44 never executed
call   45 never executed
branch 46 never executed
branch 47 never executed
    $$$$$:   48-block 12
call   48 never executed
call   49 never executed
branch 50 never executed
branch 51 never executed
    $$$$$:   48-block 13
call   52 never executed
call   53 never executed
branch 54 never executed
branch 55 never executed
    $$$$$:   48-block 14
call   56 never executed
call   57 never executed
branch 58 never executed
branch 59 never executed
    $$$$$:   48-block 15
call   60 never executed
call   61 never executed
branch 62 never executed
branch 63 never executed
    $$$$$:   48-block 16
call   64 never executed
call   65 never executed
branch 66 never executed
branch 67 never executed
    $$$$$:   48-block 17
call   68 never executed
call   69 never executed
branch 70 never executed
branch 71 never executed
    $$$$$:   48-block 18
call   72 never executed
call   73 never executed
branch 74 never executed
branch 75 never executed
    $$$$$:   48-block 19
call   76 never executed
call   77 never executed
branch 78 never executed
branch 79 never executed
    $$$$$:   48-block 20
call   80 never executed
call   81 never executed
branch 82 never executed
branch 83 never executed
    $$$$$:   48-block 21
call   84 never executed
call   85 never executed
branch 86 never executed
branch 87 never executed
    $$$$$:   48-block 22
call   88 never executed
call   89 never executed
branch 90 never executed
branch 91 never executed
    $$$$$:   48-block 23
call   92 never executed
call   93 never executed
branch 94 never executed
branch 95 never executed
    $$$$$:   48-block 24
call   96 never executed
call   97 never executed
branch 98 never executed
branch 99 never executed
    #####:   49:    }
    $$$$$:   49-block  0
    $$$$$:   49-block  1
    $$$$$:   49-block  2
    $$$$$:   49-block  3
    $$$$$:   49-block  4
    $$$$$:   49-block  5
    $$$$$:   49-block  6
    $$$$$:   49-block  7
    $$$$$:   49-block  8
    $$$$$:   49-block  9
    $$$$$:   49-block 10
    $$$$$:   49-block 11
    $$$$$:   49-block 12
    $$$$$:   49-block 13
    $$$$$:   49-block 14
    $$$$$:   49-block 15
    $$$$$:   49-block 16
    $$$$$:   49-block 17
    $$$$$:   49-block 18
    $$$$$:   49-block 19
    $$$$$:   49-block 20
    $$$$$:   49-block 21
    $$$$$:   49-block 22
    $$$$$:   49-block 23
    $$$$$:   49-block 24
        -:   50:
        -:   51:    template<class T>
function _ZN5boost3mpi6detail21mpi_datatype_oarchive9save_enumINS_6detail8parallel20msg_remove_edge_dataINS5_15edge_descriptorINS4_14edge_desc_implINS_12directed_tagEmEEEEEEEEvRKT_N4mpl_5bool_ILb0EEE called 0 returned 0% blocks executed 0%
function _ZN5boost3mpi6detail21mpi_datatype_oarchive9save_enumINS_7archive13tracking_typeEEEvRKT_N4mpl_5bool_ILb0EEE called 0 returned 0% blocks executed 0%
function _ZN5boost3mpi6detail21mpi_datatype_oarchive9save_enumINS_7archive15class_name_typeEEEvRKT_N4mpl_5bool_ILb0EEE called 0 returned 0% blocks executed 0%
function _ZN5boost3mpi6detail21mpi_datatype_oarchive9save_enumINS_7archive23class_id_reference_typeEEEvRKT_N4mpl_5bool_ILb0EEE called 0 returned 0% blocks executed 0%
function _ZN5boost3mpi6detail21mpi_datatype_oarchive9save_enumINS_7archive22class_id_optional_typeEEEvRKT_N4mpl_5bool_ILb0EEE called 0 returned 0% blocks executed 0%
function _ZN5boost3mpi6detail21mpi_datatype_oarchive9save_enumINS_7archive13class_id_typeEEEvRKT_N4mpl_5bool_ILb0EEE called 0 returned 0% blocks executed 0%
function _ZN5boost3mpi6detail21mpi_datatype_oarchive9save_enumINS_7archive21object_reference_typeEEEvRKT_N4mpl_5bool_ILb0EEE called 0 returned 0% blocks executed 0%
function _ZN5boost3mpi6detail21mpi_datatype_oarchive9save_enumINS_7archive14object_id_typeEEEvRKT_N4mpl_5bool_ILb0EEE called 0 returned 0% blocks executed 0%
function _ZN5boost3mpi6detail21mpi_datatype_oarchive9save_enumINS_7archive12version_typeEEEvRKT_N4mpl_5bool_ILb0EEE called 0 returned 0% blocks executed 0%
function _ZN5boost3mpi6detail21mpi_datatype_oarchive9save_enumIlEEvRKT_N4mpl_5bool_ILb0EEE called 0 returned 0% blocks executed 0%
function _ZN5boost3mpi6detail21mpi_datatype_oarchive9save_enumINS_6detail9edge_baseINS_12directed_tagEmEEEEvRKT_N4mpl_5bool_ILb0EEE called 0 returned 0% blocks executed 0%
function _ZN5boost3mpi6detail21mpi_datatype_oarchive9save_enumINS_6detail14edge_desc_implINS_12directed_tagEmEEEEvRKT_N4mpl_5bool_ILb0EEE called 0 returned 0% blocks executed 0%
function _ZN5boost3mpi6detail21mpi_datatype_oarchive9save_enumIsEEvRKT_N4mpl_5bool_ILb0EEE called 0 returned 0% blocks executed 0%
function _ZN5boost3mpi6detail21mpi_datatype_oarchive9save_enumINS_6detail8parallel17global_descriptorImEEEEvRKT_N4mpl_5bool_ILb0EEE called 0 returned 0% blocks executed 0%
function _ZN5boost3mpi6detail21mpi_datatype_oarchive9save_enumImEEvRKT_N4mpl_5bool_ILb0EEE called 0 returned 0% blocks executed 0%
function _ZN5boost3mpi6detail21mpi_datatype_oarchive9save_enumIbEEvRKT_N4mpl_5bool_ILb0EEE called 0 returned 0% blocks executed 0%
function _ZN5boost3mpi6detail21mpi_datatype_oarchive9save_enumINS_6detail8parallel15edge_descriptorINS4_14edge_desc_implINS_12directed_tagEmEEEEEEvRKT_N4mpl_5bool_ILb0EEE called 0 returned 0% blocks executed 0%
function _ZN5boost3mpi6detail21mpi_datatype_oarchive9save_enumINS_6detail8parallel17msg_add_edge_dataINS5_17global_descriptorImEEmEEEEvRKT_N4mpl_5bool_ILb0EEE called 0 returned 0% blocks executed 0%
function _ZN5boost3mpi6detail21mpi_datatype_oarchive9save_enumIiEEvRKT_N4mpl_5bool_ILb0EEE called 0 returned 0% blocks executed 0%
function _ZN5boost3mpi6detail21mpi_datatype_oarchive9save_enumINS_13serialization3nvpIbEEEEvRKT_N4mpl_5bool_ILb0EEE called 0 returned 0% blocks executed 0%
function _ZN5boost3mpi6detail21mpi_datatype_oarchive9save_enumINS_13serialization3nvpINS_6detail8parallel15edge_descriptorINS6_14edge_desc_implINS_12directed_tagEmEEEEEEEEvRKT_N4mpl_5bool_ILb0EEE called 0 returned 0% blocks executed 0%
function _ZN5boost3mpi6detail21mpi_datatype_oarchive9save_enumINS_13serialization3nvpINS_6detail8parallel17msg_add_edge_dataINS7_17global_descriptorImEEmEEEEEEvRKT_N4mpl_5bool_ILb0EEE called 0 returned 0% blocks executed 0%
function _ZN5boost3mpi6detail21mpi_datatype_oarchive9save_enumINS_13serialization3nvpIiEEEEvRKT_N4mpl_5bool_ILb0EEE called 0 returned 0% blocks executed 0%
function _ZN5boost3mpi6detail21mpi_datatype_oarchive9save_enumINS_8parallel6detail14untracked_pairINS_6detail8parallel15edge_descriptorINS7_14edge_desc_implINS_12directed_tagEmEEEEbEEEEvRKT_N4mpl_5bool_ILb0EEE called 0 returned 0% blocks executed 0%
function _ZN5boost3mpi6detail21mpi_datatype_oarchive9save_enumINS_8parallel6detail14untracked_pairIiNS_6detail8parallel17msg_add_edge_dataINS8_17global_descriptorImEEmEEEEEEvRKT_N4mpl_5bool_ILb0EEE called 0 returned 0% blocks executed 0%
    #####:   52:    void save_enum(T const& t, mpl::false_)
    $$$$$:   52-block  0
    $$$$$:   52-block  1
    $$$$$:   52-block  2
    $$$$$:   52-block  3
    $$$$$:   52-block  4
    $$$$$:   52-block  5
    $$$$$:   52-block  6
    $$$$$:   52-block  7
    $$$$$:   52-block  8
    $$$$$:   52-block  9
    $$$$$:   52-block 10
    $$$$$:   52-block 11
    $$$$$:   52-block 12
    $$$$$:   52-block 13
    $$$$$:   52-block 14
    $$$$$:   52-block 15
    $$$$$:   52-block 16
    $$$$$:   52-block 17
    $$$$$:   52-block 18
    $$$$$:   52-block 19
    $$$$$:   52-block 20
    $$$$$:   52-block 21
    $$$$$:   52-block 22
    $$$$$:   52-block 23
    $$$$$:   52-block 24
        -:   53:    {
    #####:   54:      ignore_skeleton_oarchive<mpi_datatype_oarchive>::save_override(t);
    $$$$$:   54-block  0
call    0 never executed
    $$$$$:   54-block  1
call    1 never executed
    $$$$$:   54-block  2
call    2 never executed
    $$$$$:   54-block  3
call    3 never executed
    $$$$$:   54-block  4
call    4 never executed
    $$$$$:   54-block  5
call    5 never executed
    $$$$$:   54-block  6
call    6 never executed
    $$$$$:   54-block  7
call    7 never executed
    $$$$$:   54-block  8
call    8 never executed
    $$$$$:   54-block  9
call    9 never executed
    $$$$$:   54-block 10
call   10 never executed
    $$$$$:   54-block 11
call   11 never executed
    $$$$$:   54-block 12
call   12 never executed
    $$$$$:   54-block 13
call   13 never executed
    $$$$$:   54-block 14
call   14 never executed
    $$$$$:   54-block 15
call   15 never executed
    $$$$$:   54-block 16
call   16 never executed
    $$$$$:   54-block 17
call   17 never executed
    $$$$$:   54-block 18
call   18 never executed
    $$$$$:   54-block 19
call   19 never executed
    $$$$$:   54-block 20
call   20 never executed
    $$$$$:   54-block 21
call   21 never executed
    $$$$$:   54-block 22
call   22 never executed
    $$$$$:   54-block 23
call   23 never executed
    $$$$$:   54-block 24
call   24 never executed
    #####:   55:    }
        -:   56:
        -:   57:    template<class T>
        -:   58:    void save_enum(T const& t, mpl::true_)
        -:   59:    {
        -:   60:      // select the right sized integer for the enum
        -:   61:      typedef typename boost::uint_t<8*sizeof(T)>::least int_type;
        -:   62:      BOOST_STATIC_ASSERT((sizeof(T)==sizeof(int_type)));
        -:   63:      this->save(*reinterpret_cast<int_type const*>(&t));
        -:   64:    }
        -:   65:
        -:   66:};
        -:   67:
        -:   68:} } } // end namespace boost::mpi::detail
        -:   69:
        -:   70:// required by export
        -:   71:BOOST_SERIALIZATION_REGISTER_ARCHIVE(boost::mpi::detail::mpi_datatype_oarchive)
        -:   72:BOOST_SERIALIZATION_REGISTER_ARCHIVE(boost::mpi::detail::ignore_skeleton_oarchive<boost::mpi::detail::mpi_datatype_oarchive>)
        -:   73:BOOST_SERIALIZATION_USE_ARRAY_OPTIMIZATION(boost::mpi::detail::mpi_datatype_oarchive)
        -:   74:
        -:   75:#endif // BOOST_MPI_DETAIL_MPI_DATATYPE_OARCHIVE_HPP
