        -:    0:Source:/usr/include/boost/archive/detail/common_oarchive.hpp
        -:    0:Graph:/home/m4zz31/cppprojct/cmake-build-debug-coverage/CMakeFiles/cppprojct.dir/Tests/graph-test-init.cpp.gcno
        -:    0:Data:/home/m4zz31/cppprojct/cmake-build-debug-coverage/CMakeFiles/cppprojct.dir/Tests/graph-test-init.cpp.gcda
        -:    0:Runs:1
        -:    0:Programs:1
        -:    1:#ifndef BOOST_ARCHIVE_DETAIL_COMMON_OARCHIVE_HPP
        -:    2:#define BOOST_ARCHIVE_DETAIL_COMMON_OARCHIVE_HPP
        -:    3:
        -:    4:// MS compatible compilers support #pragma once
        -:    5:#if defined(_MSC_VER)
        -:    6:# pragma once
        -:    7:#endif
        -:    8:
        -:    9://///////1/////////2/////////3/////////4/////////5/////////6/////////7/////////8
        -:   10:// common_oarchive.hpp
        -:   11:
        -:   12:// (C) Copyright 2002 Robert Ramey - http://www.rrsd.com .
        -:   13:// Use, modification and distribution is subject to the Boost Software
        -:   14:// License, Version 1.0. (See accompanying file LICENSE_1_0.txt or copy at
        -:   15:// http://www.boost.org/LICENSE_1_0.txt)
        -:   16:
        -:   17://  See http://www.boost.org for updates, documentation, and revision history.
        -:   18:
        -:   19:#include <boost/config.hpp>
        -:   20:
        -:   21:#include <boost/archive/detail/basic_oarchive.hpp>
        -:   22:#include <boost/archive/detail/interface_oarchive.hpp>
        -:   23:
        -:   24:#ifdef BOOST_MSVC
        -:   25:#  pragma warning(push)
        -:   26:#  pragma warning(disable : 4511 4512)
        -:   27:#endif
        -:   28:
        -:   29:namespace boost {
        -:   30:namespace archive {
        -:   31:namespace detail {
        -:   32:
        -:   33:// note: referred to as Curiously Recurring Template Patter (CRTP)
        -:   34:template<class Archive>
        -:   35:
function _ZN5boost7archive6detail15common_oarchiveINS_3mpi6detail21mpi_datatype_oarchiveEED0Ev called 0 returned 0% blocks executed 0%
function _ZN5boost7archive6detail15common_oarchiveINS_3mpi6detail21mpi_datatype_oarchiveEED2Ev called 0 returned 0% blocks executed 0%
function _ZN5boost7archive6detail15common_oarchiveINS_3mpi15packed_oarchiveEED0Ev called 0 returned 0% blocks executed 0%
function _ZN5boost7archive6detail15common_oarchiveINS_3mpi15packed_oarchiveEED2Ev called 0 returned 0% blocks executed 0%
    #####:   36:class BOOST_SYMBOL_VISIBLE common_oarchive :
    $$$$$:   36-block  0
    $$$$$:   36-block  1
call    0 never executed
call    1 never executed
    $$$$$:   36-block  2
    $$$$$:   36-block  3
call    2 never executed
    $$$$$:   36-block  4
    $$$$$:   36-block  5
call    3 never executed
call    4 never executed
    $$$$$:   36-block  6
    $$$$$:   36-block  7
call    5 never executed
        -:   37:    public basic_oarchive,
        -:   38:    public interface_oarchive<Archive>
        -:   39:{
        -:   40:    friend class interface_oarchive<Archive>;
        -:   41:    friend class basic_oarchive;
        -:   42:private:
function _ZN5boost7archive6detail15common_oarchiveINS_3mpi6detail21mpi_datatype_oarchiveEE5vsaveENS0_12version_typeE called 0 returned 0% blocks executed 0%
function _ZN5boost7archive6detail15common_oarchiveINS_3mpi15packed_oarchiveEE5vsaveENS0_12version_typeE called 0 returned 0% blocks executed 0%
    #####:   43:    void vsave(const version_type t) BOOST_OVERRIDE {
    $$$$$:   43-block  0
    $$$$$:   43-block  1
    #####:   44:        * this->This() << t;
    $$$$$:   44-block  0
call    0 never executed
call    1 never executed
    $$$$$:   44-block  1
call    2 never executed
call    3 never executed
    #####:   45:    }
function _ZN5boost7archive6detail15common_oarchiveINS_3mpi6detail21mpi_datatype_oarchiveEE5vsaveENS0_14object_id_typeE called 0 returned 0% blocks executed 0%
function _ZN5boost7archive6detail15common_oarchiveINS_3mpi15packed_oarchiveEE5vsaveENS0_14object_id_typeE called 0 returned 0% blocks executed 0%
    #####:   46:    void vsave(const object_id_type t) BOOST_OVERRIDE {
    $$$$$:   46-block  0
    $$$$$:   46-block  1
    #####:   47:        * this->This() << t;
    $$$$$:   47-block  0
call    0 never executed
call    1 never executed
    $$$$$:   47-block  1
call    2 never executed
call    3 never executed
    #####:   48:    }
function _ZN5boost7archive6detail15common_oarchiveINS_3mpi6detail21mpi_datatype_oarchiveEE5vsaveENS0_21object_reference_typeE called 0 returned 0% blocks executed 0%
function _ZN5boost7archive6detail15common_oarchiveINS_3mpi15packed_oarchiveEE5vsaveENS0_21object_reference_typeE called 0 returned 0% blocks executed 0%
    #####:   49:    void vsave(const object_reference_type t) BOOST_OVERRIDE {
    $$$$$:   49-block  0
    $$$$$:   49-block  1
    #####:   50:        * this->This() << t;
    $$$$$:   50-block  0
call    0 never executed
call    1 never executed
    $$$$$:   50-block  1
call    2 never executed
call    3 never executed
    #####:   51:    }
function _ZN5boost7archive6detail15common_oarchiveINS_3mpi6detail21mpi_datatype_oarchiveEE5vsaveENS0_13class_id_typeE called 0 returned 0% blocks executed 0%
function _ZN5boost7archive6detail15common_oarchiveINS_3mpi15packed_oarchiveEE5vsaveENS0_13class_id_typeE called 0 returned 0% blocks executed 0%
    #####:   52:    void vsave(const class_id_type t) BOOST_OVERRIDE {
    $$$$$:   52-block  0
    $$$$$:   52-block  1
    #####:   53:        * this->This() << t;
    $$$$$:   53-block  0
call    0 never executed
call    1 never executed
    $$$$$:   53-block  1
call    2 never executed
call    3 never executed
    #####:   54:    }
function _ZN5boost7archive6detail15common_oarchiveINS_3mpi6detail21mpi_datatype_oarchiveEE5vsaveENS0_23class_id_reference_typeE called 0 returned 0% blocks executed 0%
function _ZN5boost7archive6detail15common_oarchiveINS_3mpi15packed_oarchiveEE5vsaveENS0_23class_id_reference_typeE called 0 returned 0% blocks executed 0%
    #####:   55:    void vsave(const class_id_reference_type t) BOOST_OVERRIDE {
    $$$$$:   55-block  0
    $$$$$:   55-block  1
    #####:   56:        * this->This() << t;
    $$$$$:   56-block  0
call    0 never executed
call    1 never executed
    $$$$$:   56-block  1
call    2 never executed
call    3 never executed
    #####:   57:    }
function _ZN5boost7archive6detail15common_oarchiveINS_3mpi6detail21mpi_datatype_oarchiveEE5vsaveENS0_22class_id_optional_typeE called 0 returned 0% blocks executed 0%
function _ZN5boost7archive6detail15common_oarchiveINS_3mpi15packed_oarchiveEE5vsaveENS0_22class_id_optional_typeE called 0 returned 0% blocks executed 0%
    #####:   58:    void vsave(const class_id_optional_type t) BOOST_OVERRIDE {
    $$$$$:   58-block  0
    $$$$$:   58-block  1
    #####:   59:        * this->This() << t;
    $$$$$:   59-block  0
call    0 never executed
call    1 never executed
    $$$$$:   59-block  1
call    2 never executed
call    3 never executed
    #####:   60:    }
function _ZN5boost7archive6detail15common_oarchiveINS_3mpi6detail21mpi_datatype_oarchiveEE5vsaveERKNS0_15class_name_typeE called 0 returned 0% blocks executed 0%
function _ZN5boost7archive6detail15common_oarchiveINS_3mpi15packed_oarchiveEE5vsaveERKNS0_15class_name_typeE called 0 returned 0% blocks executed 0%
    #####:   61:    void vsave(const class_name_type & t) BOOST_OVERRIDE {
    $$$$$:   61-block  0
    $$$$$:   61-block  1
    #####:   62:        * this->This() << t;
    $$$$$:   62-block  0
call    0 never executed
call    1 never executed
    $$$$$:   62-block  1
call    2 never executed
call    3 never executed
    #####:   63:    }
function _ZN5boost7archive6detail15common_oarchiveINS_3mpi6detail21mpi_datatype_oarchiveEE5vsaveENS0_13tracking_typeE called 0 returned 0% blocks executed 0%
function _ZN5boost7archive6detail15common_oarchiveINS_3mpi15packed_oarchiveEE5vsaveENS0_13tracking_typeE called 0 returned 0% blocks executed 0%
    #####:   64:    void vsave(const tracking_type t) BOOST_OVERRIDE {
    $$$$$:   64-block  0
    $$$$$:   64-block  1
    #####:   65:        * this->This() << t;
    $$$$$:   65-block  0
call    0 never executed
call    1 never executed
    $$$$$:   65-block  1
call    2 never executed
call    3 never executed
    #####:   66:    }
        -:   67:protected:
        -:   68:    // default processing - invoke serialization library
        -:   69:    template<class T>
function _ZN5boost7archive6detail15common_oarchiveINS_3mpi15packed_oarchiveEE13save_overrideIK11DynamicEdgeEEvRT_ called 0 returned 0% blocks executed 0%
function _ZN5boost7archive6detail15common_oarchiveINS_3mpi15packed_oarchiveEE13save_overrideIKNS_6detail8parallel20maybe_store_propertyI11DynamicEdgeEEEEvRT_ called 0 returned 0% blocks executed 0%
function _ZN5boost7archive6detail15common_oarchiveINS_3mpi15packed_oarchiveEE13save_overrideIKNS_13serialization3nvpINS_6detail8parallel31msg_add_edge_with_property_dataINSA_17global_descriptorImEEm11DynamicEdgeEEEEEEvRT_ called 0 returned 0% blocks executed 0%
function _ZN5boost7archive6detail15common_oarchiveINS_3mpi15packed_oarchiveEE13save_overrideIKNS_13serialization3nvpIiEEEEvRT_ called 0 returned 0% blocks executed 0%
function _ZN5boost7archive6detail15common_oarchiveINS_3mpi15packed_oarchiveEE13save_overrideIKNS_8parallel6detail14untracked_pairIiNS_6detail8parallel31msg_add_edge_with_property_dataINSB_17global_descriptorImEEm11DynamicEdgeEEEEEEvRT_ called 0 returned 0% blocks executed 0%
function _ZN5boost7archive6detail15common_oarchiveINS_3mpi15packed_oarchiveEE13save_overrideIKNS_6detail8parallel31msg_add_edge_with_property_dataINS8_17global_descriptorImEEm11DynamicEdgeEEEEvRT_ called 0 returned 0% blocks executed 0%
function _ZN5boost7archive6detail15common_oarchiveINS_3mpi15packed_oarchiveEE13save_overrideIKNS_6detail8parallel22msg_nonlocal_edge_dataI11DynamicEdgeNS7_14edge_desc_implINS_12directed_tagEmEEEEEEvRT_ called 0 returned 0% blocks executed 0%
function _ZN5boost7archive6detail15common_oarchiveINS_3mpi15packed_oarchiveEE13save_overrideIKNSt7__cxx1112basic_stringIcSt11char_traitsIcESaIcEEEEEvRT_ called 0 returned 0% blocks executed 0%
    #####:   70:    void save_override(T & t){
    $$$$$:   70-block  0
    $$$$$:   70-block  1
    $$$$$:   70-block  2
    $$$$$:   70-block  3
    $$$$$:   70-block  4
    $$$$$:   70-block  5
    $$$$$:   70-block  6
    $$$$$:   70-block  7
    #####:   71:        archive::save(* this->This(), t);
    $$$$$:   71-block  0
call    0 never executed
call    1 never executed
    $$$$$:   71-block  1
call    2 never executed
call    3 never executed
    $$$$$:   71-block  2
call    4 never executed
call    5 never executed
    $$$$$:   71-block  3
call    6 never executed
call    7 never executed
    $$$$$:   71-block  4
call    8 never executed
call    9 never executed
    $$$$$:   71-block  5
call   10 never executed
call   11 never executed
    $$$$$:   71-block  6
call   12 never executed
call   13 never executed
    $$$$$:   71-block  7
call   14 never executed
call   15 never executed
    #####:   72:    }
        -:   73:    void save_start(const char * /*name*/){}
        -:   74:    void save_end(const char * /*name*/){}
function _ZN5boost7archive6detail15common_oarchiveINS_3mpi6detail21mpi_datatype_oarchiveEEC2Ej called 0 returned 0% blocks executed 0%
function _ZN5boost7archive6detail15common_oarchiveINS_3mpi15packed_oarchiveEEC2Ej called 0 returned 0% blocks executed 0%
    #####:   75:    common_oarchive(unsigned int flags = 0) :
    $$$$$:   75-block  0
    $$$$$:   75-block  1
        -:   76:        basic_oarchive(flags),
    #####:   77:        interface_oarchive<Archive>()
    $$$$$:   77-block  0
call    0 never executed
call    1 never executed
    $$$$$:   77-block  1
call    2 never executed
call    3 never executed
    #####:   78:    {}
        -:   79:};
        -:   80:
        -:   81:} // namespace detail
        -:   82:} // namespace archive
        -:   83:} // namespace boost
        -:   84:
        -:   85:#ifdef BOOST_MSVC
        -:   86:#pragma warning(pop)
        -:   87:#endif
        -:   88:
        -:   89:#endif // BOOST_ARCHIVE_DETAIL_COMMON_OARCHIVE_HPP
