        -:    0:Source:/usr/include/boost/archive/detail/common_iarchive.hpp
        -:    0:Graph:/home/m4zz31/cppprojct/cmake-build-debug-coverage/CMakeFiles/cppprojct.dir/Tests/graph-test-init.cpp.gcno
        -:    0:Data:/home/m4zz31/cppprojct/cmake-build-debug-coverage/CMakeFiles/cppprojct.dir/Tests/graph-test-init.cpp.gcda
        -:    0:Runs:1
        -:    0:Programs:1
        -:    1:#ifndef BOOST_ARCHIVE_DETAIL_COMMON_IARCHIVE_HPP
        -:    2:#define BOOST_ARCHIVE_DETAIL_COMMON_IARCHIVE_HPP
        -:    3:
        -:    4:// MS compatible compilers support #pragma once
        -:    5:#if defined(_MSC_VER)
        -:    6:# pragma once
        -:    7:#endif
        -:    8:
        -:    9://///////1/////////2/////////3/////////4/////////5/////////6/////////7/////////8
        -:   10:// common_iarchive.hpp
        -:   11:
        -:   12:// (C) Copyright 2002 Robert Ramey - http://www.rrsd.com .
        -:   13:// Use, modification and distribution is subject to the Boost Software
        -:   14:// License, Version 1.0. (See accompanying file LICENSE_1_0.txt or copy at
        -:   15:// http://www.boost.org/LICENSE_1_0.txt)
        -:   16:
        -:   17://  See http://www.boost.org for updates, documentation, and revision history.
        -:   18:
        -:   19:#include <boost/config.hpp>
        -:   20:
        -:   21:#include <boost/archive/detail/basic_iarchive.hpp>
        -:   22:#include <boost/archive/detail/basic_pointer_iserializer.hpp>
        -:   23:#include <boost/archive/detail/interface_iarchive.hpp>
        -:   24:
        -:   25:#ifdef BOOST_MSVC
        -:   26:#  pragma warning(push)
        -:   27:#  pragma warning(disable : 4511 4512)
        -:   28:#endif
        -:   29:
        -:   30:namespace boost {
        -:   31:namespace archive {
        -:   32:namespace detail {
        -:   33:
        -:   34:class extended_type_info;
        -:   35:
        -:   36:// note: referred to as Curiously Recurring Template Patter (CRTP)
        -:   37:template<class Archive>
function _ZN5boost7archive6detail15common_iarchiveINS_3mpi15packed_iarchiveEED0Ev called 0 returned 0% blocks executed 0%
function _ZN5boost7archive6detail15common_iarchiveINS_3mpi15packed_iarchiveEED2Ev called 0 returned 0% blocks executed 0%
    #####:   38:class BOOST_SYMBOL_VISIBLE common_iarchive :
    $$$$$:   38-block  0
    $$$$$:   38-block  1
call    0 never executed
call    1 never executed
    $$$$$:   38-block  2
    $$$$$:   38-block  3
call    2 never executed
        -:   39:    public basic_iarchive,
        -:   40:    public interface_iarchive<Archive>
        -:   41:{
        -:   42:    friend class interface_iarchive<Archive>;
        -:   43:    friend class basic_iarchive;
        -:   44:private:
function _ZN5boost7archive6detail15common_iarchiveINS_3mpi15packed_iarchiveEE5vloadERNS0_12version_typeE called 0 returned 0% blocks executed 0%
    #####:   45:    void vload(version_type & t) BOOST_OVERRIDE {
    $$$$$:   45-block  0
    #####:   46:        * this->This() >> t;
    $$$$$:   46-block  0
call    0 never executed
call    1 never executed
    #####:   47:    }
function _ZN5boost7archive6detail15common_iarchiveINS_3mpi15packed_iarchiveEE5vloadERNS0_14object_id_typeE called 0 returned 0% blocks executed 0%
    #####:   48:    void vload(object_id_type & t) BOOST_OVERRIDE {
    $$$$$:   48-block  0
    #####:   49:        * this->This() >> t;
    $$$$$:   49-block  0
call    0 never executed
call    1 never executed
    #####:   50:    }
function _ZN5boost7archive6detail15common_iarchiveINS_3mpi15packed_iarchiveEE5vloadERNS0_13class_id_typeE called 0 returned 0% blocks executed 0%
    #####:   51:    void vload(class_id_type & t) BOOST_OVERRIDE {
    $$$$$:   51-block  0
    #####:   52:        * this->This() >> t;
    $$$$$:   52-block  0
call    0 never executed
call    1 never executed
    #####:   53:    }
function _ZN5boost7archive6detail15common_iarchiveINS_3mpi15packed_iarchiveEE5vloadERNS0_22class_id_optional_typeE called 0 returned 0% blocks executed 0%
    #####:   54:    void vload(class_id_optional_type & t) BOOST_OVERRIDE {
    $$$$$:   54-block  0
    #####:   55:        * this->This() >> t;
    $$$$$:   55-block  0
call    0 never executed
call    1 never executed
    #####:   56:    }
function _ZN5boost7archive6detail15common_iarchiveINS_3mpi15packed_iarchiveEE5vloadERNS0_13tracking_typeE called 0 returned 0% blocks executed 0%
    #####:   57:    void vload(tracking_type & t) BOOST_OVERRIDE {
    $$$$$:   57-block  0
    #####:   58:        * this->This() >> t;
    $$$$$:   58-block  0
call    0 never executed
call    1 never executed
    #####:   59:    }
function _ZN5boost7archive6detail15common_iarchiveINS_3mpi15packed_iarchiveEE5vloadERNS0_15class_name_typeE called 0 returned 0% blocks executed 0%
    #####:   60:    void vload(class_name_type &s) BOOST_OVERRIDE {
    $$$$$:   60-block  0
    #####:   61:        * this->This() >> s;
    $$$$$:   61-block  0
call    0 never executed
call    1 never executed
    #####:   62:    }
        -:   63:protected:
        -:   64:    // default processing - invoke serialization library
        -:   65:    template<class T>
function _ZN5boost7archive6detail15common_iarchiveINS_3mpi15packed_iarchiveEE13load_overrideIKNS_13serialization13array_wrapperIdEEEEvRT_ called 0 returned 0% blocks executed 0%
function _ZN5boost7archive6detail15common_iarchiveINS_3mpi15packed_iarchiveEE13load_overrideIKNS_13serialization3nvpIjEEEEvRT_ called 0 returned 0% blocks executed 0%
function _ZN5boost7archive6detail15common_iarchiveINS_3mpi15packed_iarchiveEE13load_overrideIKNS_13serialization3nvpINS7_20collection_size_typeEEEEEvRT_ called 0 returned 0% blocks executed 0%
function _ZN5boost7archive6detail15common_iarchiveINS_3mpi15packed_iarchiveEE13load_overrideI11DynamicEdgeEEvRT_ called 0 returned 0% blocks executed 0%
function _ZN5boost7archive6detail15common_iarchiveINS_3mpi15packed_iarchiveEE13load_overrideISt6vectorIdSaIdEEEEvRT_ called 0 returned 0% blocks executed 0%
function _ZN5boost7archive6detail15common_iarchiveINS_3mpi15packed_iarchiveEE13load_overrideINS_6detail8parallel20maybe_store_propertyI11DynamicEdgeEEEEvRT_ called 0 returned 0% blocks executed 0%
function _ZN5boost7archive6detail15common_iarchiveINS_3mpi15packed_iarchiveEE13load_overrideIKNS_13serialization3nvpI11DynamicNodeEEEEvRT_ called 0 returned 0% blocks executed 0%
function _ZN5boost7archive6detail15common_iarchiveINS_3mpi15packed_iarchiveEE13load_overrideIKNS_13serialization3nvpINS_6detail8parallel31msg_add_edge_with_property_dataINSA_17global_descriptorImEEm11DynamicEdgeEEEEEEvRT_ called 0 returned 0% blocks executed 0%
function _ZN5boost7archive6detail15common_iarchiveINS_3mpi15packed_iarchiveEE13load_overrideIKNS_13serialization3nvpIiEEEEvRT_ called 0 returned 0% blocks executed 0%
function _ZN5boost7archive6detail15common_iarchiveINS_3mpi15packed_iarchiveEE13load_overrideI11DynamicNodeEEvRT_ called 0 returned 0% blocks executed 0%
function _ZN5boost7archive6detail15common_iarchiveINS_3mpi15packed_iarchiveEE13load_overrideINS_8parallel6detail14untracked_pairIi11DynamicNodeEEEEvRT_ called 0 returned 0% blocks executed 0%
function _ZN5boost7archive6detail15common_iarchiveINS_3mpi15packed_iarchiveEE13load_overrideINS_6detail8parallel31msg_add_edge_with_property_dataINS8_17global_descriptorImEEm11DynamicEdgeEEEEvRT_ called 0 returned 0% blocks executed 0%
function _ZN5boost7archive6detail15common_iarchiveINS_3mpi15packed_iarchiveEE13load_overrideINS_8parallel6detail14untracked_pairIiNS_6detail8parallel31msg_add_edge_with_property_dataINSB_17global_descriptorImEEm11DynamicEdgeEEEEEEvRT_ called 0 returned 0% blocks executed 0%
function _ZN5boost7archive6detail15common_iarchiveINS_3mpi15packed_iarchiveEE13load_overrideINS_6detail8parallel22msg_nonlocal_edge_dataI11DynamicEdgeNS7_14edge_desc_implINS_12directed_tagEmEEEEEEvRT_ called 0 returned 0% blocks executed 0%
function _ZN5boost7archive6detail15common_iarchiveINS_3mpi15packed_iarchiveEE13load_overrideINSt7__cxx1112basic_stringIcSt11char_traitsIcESaIcEEEEEvRT_ called 0 returned 0% blocks executed 0%
    #####:   66:    void load_override(T & t){
    $$$$$:   66-block  0
    $$$$$:   66-block  1
    $$$$$:   66-block  2
    $$$$$:   66-block  3
    $$$$$:   66-block  4
    $$$$$:   66-block  5
    $$$$$:   66-block  6
    $$$$$:   66-block  7
    $$$$$:   66-block  8
    $$$$$:   66-block  9
    $$$$$:   66-block 10
    $$$$$:   66-block 11
    $$$$$:   66-block 12
    $$$$$:   66-block 13
    $$$$$:   66-block 14
    #####:   67:        archive::load(* this->This(), t);
    $$$$$:   67-block  0
call    0 never executed
call    1 never executed
    $$$$$:   67-block  1
call    2 never executed
call    3 never executed
    $$$$$:   67-block  2
call    4 never executed
call    5 never executed
    $$$$$:   67-block  3
call    6 never executed
call    7 never executed
    $$$$$:   67-block  4
call    8 never executed
call    9 never executed
    $$$$$:   67-block  5
call   10 never executed
call   11 never executed
    $$$$$:   67-block  6
call   12 never executed
call   13 never executed
    $$$$$:   67-block  7
call   14 never executed
call   15 never executed
    $$$$$:   67-block  8
call   16 never executed
call   17 never executed
    $$$$$:   67-block  9
call   18 never executed
call   19 never executed
    $$$$$:   67-block 10
call   20 never executed
call   21 never executed
    $$$$$:   67-block 11
call   22 never executed
call   23 never executed
    $$$$$:   67-block 12
call   24 never executed
call   25 never executed
    $$$$$:   67-block 13
call   26 never executed
call   27 never executed
    $$$$$:   67-block 14
call   28 never executed
call   29 never executed
    #####:   68:    }
        -:   69:    // default implementations of functions which emit start/end tags for
        -:   70:    // archive types that require them.
        -:   71:    void load_start(const char * /*name*/){}
        -:   72:    void load_end(const char * /*name*/){}
        -:   73:    // default archive initialization
function _ZN5boost7archive6detail15common_iarchiveINS_3mpi15packed_iarchiveEEC2Ej called 0 returned 0% blocks executed 0%
    #####:   74:    common_iarchive(unsigned int flags = 0) :
    $$$$$:   74-block  0
        -:   75:        basic_iarchive(flags),
    #####:   76:        interface_iarchive<Archive>()
    $$$$$:   76-block  0
call    0 never executed
call    1 never executed
    #####:   77:    {}
        -:   78:};
        -:   79:
        -:   80:} // namespace detail
        -:   81:} // namespace archive
        -:   82:} // namespace boost
        -:   83:
        -:   84:#ifdef BOOST_MSVC
        -:   85:#pragma warning(pop)
        -:   86:#endif
        -:   87:
        -:   88:#endif // BOOST_ARCHIVE_DETAIL_COMMON_IARCHIVE_HPP
