        -:    0:Source:/usr/include/c++/7/bits/stl_construct.h
        -:    0:Graph:/home/m4zz31/cppprojct/cmake-build-debug-coverage/CMakeFiles/cppprojct.dir/Utils/HelperClasses.cpp.gcno
        -:    0:Data:/home/m4zz31/cppprojct/cmake-build-debug-coverage/CMakeFiles/cppprojct.dir/Utils/HelperClasses.cpp.gcda
        -:    0:Runs:1
        -:    0:Programs:1
        -:    1:// nonstandard construct and destroy functions -*- C++ -*-
        -:    2:
        -:    3:// Copyright (C) 2001-2017 Free Software Foundation, Inc.
        -:    4://
        -:    5:// This file is part of the GNU ISO C++ Library.  This library is free
        -:    6:// software; you can redistribute it and/or modify it under the
        -:    7:// terms of the GNU General Public License as published by the
        -:    8:// Free Software Foundation; either version 3, or (at your option)
        -:    9:// any later version.
        -:   10:
        -:   11:// This library is distributed in the hope that it will be useful,
        -:   12:// but WITHOUT ANY WARRANTY; without even the implied warranty of
        -:   13:// MERCHANTABILITY or FITNESS FOR A PARTICULAR PURPOSE.  See the
        -:   14:// GNU General Public License for more details.
        -:   15:
        -:   16:// Under Section 7 of GPL version 3, you are granted additional
        -:   17:// permissions described in the GCC Runtime Library Exception, version
        -:   18:// 3.1, as published by the Free Software Foundation.
        -:   19:
        -:   20:// You should have received a copy of the GNU General Public License and
        -:   21:// a copy of the GCC Runtime Library Exception along with this program;
        -:   22:// see the files COPYING3 and COPYING.RUNTIME respectively.  If not, see
        -:   23:// <http://www.gnu.org/licenses/>.
        -:   24:
        -:   25:/*
        -:   26: *
        -:   27: * Copyright (c) 1994
        -:   28: * Hewlett-Packard Company
        -:   29: *
        -:   30: * Permission to use, copy, modify, distribute and sell this software
        -:   31: * and its documentation for any purpose is hereby granted without fee,
        -:   32: * provided that the above copyright notice appear in all copies and
        -:   33: * that both that copyright notice and this permission notice appear
        -:   34: * in supporting documentation.  Hewlett-Packard Company makes no
        -:   35: * representations about the suitability of this software for any
        -:   36: * purpose.  It is provided "as is" without express or implied warranty.
        -:   37: *
        -:   38: *
        -:   39: * Copyright (c) 1996,1997
        -:   40: * Silicon Graphics Computer Systems, Inc.
        -:   41: *
        -:   42: * Permission to use, copy, modify, distribute and sell this software
        -:   43: * and its documentation for any purpose is hereby granted without fee,
        -:   44: * provided that the above copyright notice appear in all copies and
        -:   45: * that both that copyright notice and this permission notice appear
        -:   46: * in supporting documentation.  Silicon Graphics makes no
        -:   47: * representations about the suitability of this software for any
        -:   48: * purpose.  It is provided "as is" without express or implied warranty.
        -:   49: */
        -:   50:
        -:   51:/** @file bits/stl_construct.h
        -:   52: *  This is an internal header file, included by other library headers.
        -:   53: *  Do not attempt to use it directly. @headername{memory}
        -:   54: */
        -:   55:
        -:   56:#ifndef _STL_CONSTRUCT_H
        -:   57:#define _STL_CONSTRUCT_H 1
        -:   58:
        -:   59:#include <new>
        -:   60:#include <bits/move.h>
        -:   61:#include <ext/alloc_traits.h>
        -:   62:
        -:   63:namespace std _GLIBCXX_VISIBILITY(default)
        -:   64:{
        -:   65:_GLIBCXX_BEGIN_NAMESPACE_VERSION
        -:   66:
        -:   67:  /**
        -:   68:   * Constructs an object in existing memory by invoking an allocated
        -:   69:   * object's constructor with an initializer.
        -:   70:   */
        -:   71:#if __cplusplus >= 201103L
        -:   72:  template<typename _T1, typename... _Args>
        -:   73:    inline void
function _ZSt10_ConstructINSt7__cxx114listISt5tupleIJdiiEESaIS3_EEEJS5_EEvPT_DpOT0_ called 0 returned 0% blocks executed 0%
function _ZSt10_ConstructINSt7__cxx114listISt5tupleIJddmEESaIS3_EEEJS5_EEvPT_DpOT0_ called 0 returned 0% blocks executed 0%
function _ZSt10_ConstructI12ParallelCellJS0_EEvPT_DpOT0_ called 0 returned 0% blocks executed 0%
function _ZSt10_ConstructINSt7__cxx114listISt5tupleIJdiiEESaIS3_EEEJEEvPT_DpOT0_ called 2400 returned 100% blocks executed 100%
function _ZSt10_ConstructINSt7__cxx114listISt5tupleIJddmEESaIS3_EEEJEEvPT_DpOT0_ called 1200 returned 100% blocks executed 100%
function _ZSt10_ConstructI12ParallelCellJEEvPT_DpOT0_ called 200 returned 100% blocks executed 100%
     3800:   74:    _Construct(_T1* __p, _Args&&... __args)
    $$$$$:   74-block  0
    $$$$$:   74-block  1
    $$$$$:   74-block  2
     2400:   74-block  3
     1200:   74-block  4
      200:   74-block  5
     3800:   75:    { ::new(static_cast<void*>(__p)) _T1(std::forward<_Args>(__args)...); }
    $$$$$:   75-block  0
call    0 never executed
call    1 never executed
call    2 never executed
    $$$$$:   75-block  1
call    3 never executed
call    4 never executed
call    5 never executed
    $$$$$:   75-block  2
call    6 never executed
call    7 never executed
call    8 never executed
     2400:   75-block  3
call    9 returned 2400
call   10 returned 2400
     1200:   75-block  4
call   11 returned 1200
call   12 returned 1200
      200:   75-block  5
call   13 returned 200
call   14 returned 200
        -:   76:#else
        -:   77:  template<typename _T1, typename _T2>
        -:   78:    inline void
        -:   79:    _Construct(_T1* __p, const _T2& __value)
        -:   80:    {
        -:   81:      // _GLIBCXX_RESOLVE_LIB_DEFECTS
        -:   82:      // 402. wrong new expression in [some_]allocator::construct
        -:   83:      ::new(static_cast<void*>(__p)) _T1(__value);
        -:   84:    }
        -:   85:#endif
        -:   86:
        -:   87:  template<typename _T1>
        -:   88:    inline void
        -:   89:    _Construct_novalue(_T1* __p)
        -:   90:    { ::new(static_cast<void*>(__p)) _T1; }
        -:   91:
        -:   92:  /**
        -:   93:   * Destroy the object pointed to by a pointer type.
        -:   94:   */
        -:   95:  template<typename _Tp>
        -:   96:    inline void
function _ZSt8_DestroyI12ParallelCellEvPT_ called 0 returned 0% blocks executed 0%
function _ZSt8_DestroyINSt7__cxx114listISt5tupleIJdiiEESaIS3_EEEEvPT_ called 0 returned 0% blocks executed 0%
function _ZSt8_DestroyINSt7__cxx114listISt5tupleIJddmEESaIS3_EEEEvPT_ called 0 returned 0% blocks executed 0%
    #####:   97:    _Destroy(_Tp* __pointer)
    $$$$$:   97-block  0
    $$$$$:   97-block  1
    $$$$$:   97-block  2
    #####:   98:    { __pointer->~_Tp(); }
    $$$$$:   98-block  0
call    0 never executed
    $$$$$:   98-block  1
call    1 never executed
    $$$$$:   98-block  2
call    2 never executed
        -:   99:
        -:  100:  template<bool>
        -:  101:    struct _Destroy_aux
        -:  102:    {
        -:  103:      template<typename _ForwardIterator>
        -:  104:        static void
function _ZNSt12_Destroy_auxILb0EE9__destroyIP12ParallelCellEEvT_S4_ called 0 returned 0% blocks executed 0%
function _ZNSt12_Destroy_auxILb0EE9__destroyIPNSt7__cxx114listISt5tupleIJdiiEESaIS5_EEEEEvT_S9_ called 0 returned 0% blocks executed 0%
function _ZNSt12_Destroy_auxILb0EE9__destroyIPNSt7__cxx114listISt5tupleIJddmEESaIS5_EEEEEvT_S9_ called 0 returned 0% blocks executed 0%
    #####:  105:        __destroy(_ForwardIterator __first, _ForwardIterator __last)
    $$$$$:  105-block  0
    $$$$$:  105-block  1
    $$$$$:  105-block  2
        -:  106:	{
    #####:  107:	  for (; __first != __last; ++__first)
    $$$$$:  107-block  0
branch  0 never executed
branch  1 never executed
    $$$$$:  107-block  1
branch  2 never executed
branch  3 never executed
    $$$$$:  107-block  2
branch  4 never executed
branch  5 never executed
    #####:  108:	    std::_Destroy(std::__addressof(*__first));
    $$$$$:  108-block  0
call    0 never executed
call    1 never executed
    $$$$$:  108-block  1
call    2 never executed
call    3 never executed
    $$$$$:  108-block  2
call    4 never executed
call    5 never executed
    #####:  109:	}
        -:  110:    };
        -:  111:
        -:  112:  template<>
        -:  113:    struct _Destroy_aux<true>
        -:  114:    {
        -:  115:      template<typename _ForwardIterator>
        -:  116:        static void
function _ZNSt12_Destroy_auxILb1EE9__destroyIPdEEvT_S3_ called 0 returned 0% blocks executed 0%
function _ZNSt12_Destroy_auxILb1EE9__destroyIPiEEvT_S3_ called 0 returned 0% blocks executed 0%
    #####:  117:        __destroy(_ForwardIterator, _ForwardIterator) { }
    $$$$$:  117-block  0
    $$$$$:  117-block  1
        -:  118:    };
        -:  119:
        -:  120:  /**
        -:  121:   * Destroy a range of objects.  If the value_type of the object has
        -:  122:   * a trivial destructor, the compiler should optimize all of this
        -:  123:   * away, otherwise the objects' destructors must be invoked.
        -:  124:   */
        -:  125:  template<typename _ForwardIterator>
        -:  126:    inline void
function _ZSt8_DestroyIP12ParallelCellEvT_S2_ called 0 returned 0% blocks executed 0%
function _ZSt8_DestroyIPNSt7__cxx114listISt5tupleIJdiiEESaIS3_EEEEvT_S7_ called 0 returned 0% blocks executed 0%
function _ZSt8_DestroyIPNSt7__cxx114listISt5tupleIJddmEESaIS3_EEEEvT_S7_ called 0 returned 0% blocks executed 0%
function _ZSt8_DestroyIPdEvT_S1_ called 0 returned 0% blocks executed 0%
function _ZSt8_DestroyIPiEvT_S1_ called 0 returned 0% blocks executed 0%
    #####:  127:    _Destroy(_ForwardIterator __first, _ForwardIterator __last)
    $$$$$:  127-block  0
    $$$$$:  127-block  1
    $$$$$:  127-block  2
    $$$$$:  127-block  3
    $$$$$:  127-block  4
        -:  128:    {
        -:  129:      typedef typename iterator_traits<_ForwardIterator>::value_type
        -:  130:                       _Value_type;
        -:  131:#if __cplusplus >= 201103L
        -:  132:      // A deleted destructor is trivial, this ensures we reject such types:
        -:  133:      static_assert(is_destructible<_Value_type>::value,
        -:  134:		    "value type is destructible");
        -:  135:#endif
        -:  136:      std::_Destroy_aux<__has_trivial_destructor(_Value_type)>::
    #####:  137:	__destroy(__first, __last);
    $$$$$:  137-block  0
call    0 never executed
    $$$$$:  137-block  1
call    1 never executed
    $$$$$:  137-block  2
call    2 never executed
    $$$$$:  137-block  3
call    3 never executed
    $$$$$:  137-block  4
call    4 never executed
    #####:  138:    }
        -:  139:
        -:  140:  template<bool>
        -:  141:    struct _Destroy_n_aux
        -:  142:    {
        -:  143:      template<typename _ForwardIterator, typename _Size>
        -:  144:        static _ForwardIterator
        -:  145:        __destroy_n(_ForwardIterator __first, _Size __count)
        -:  146:	{
        -:  147:	  for (; __count > 0; (void)++__first, --__count)
        -:  148:	    std::_Destroy(std::__addressof(*__first));
        -:  149:	  return __first;
        -:  150:	}
        -:  151:    };
        -:  152:
        -:  153:  template<>
        -:  154:    struct _Destroy_n_aux<true>
        -:  155:    {
        -:  156:      template<typename _ForwardIterator, typename _Size>
        -:  157:        static _ForwardIterator
        -:  158:        __destroy_n(_ForwardIterator __first, _Size __count)
        -:  159:	{
        -:  160:	  std::advance(__first, __count);
        -:  161:	  return __first;
        -:  162:	}
        -:  163:    };
        -:  164:
        -:  165:  /**
        -:  166:   * Destroy a range of objects.  If the value_type of the object has
        -:  167:   * a trivial destructor, the compiler should optimize all of this
        -:  168:   * away, otherwise the objects' destructors must be invoked.
        -:  169:   */
        -:  170:  template<typename _ForwardIterator, typename _Size>
        -:  171:    inline _ForwardIterator
        -:  172:    _Destroy_n(_ForwardIterator __first, _Size __count)
        -:  173:    {
        -:  174:      typedef typename iterator_traits<_ForwardIterator>::value_type
        -:  175:                       _Value_type;
        -:  176:#if __cplusplus >= 201103L
        -:  177:      // A deleted destructor is trivial, this ensures we reject such types:
        -:  178:      static_assert(is_destructible<_Value_type>::value,
        -:  179:		    "value type is destructible");
        -:  180:#endif
        -:  181:      return std::_Destroy_n_aux<__has_trivial_destructor(_Value_type)>::
        -:  182:	__destroy_n(__first, __count);
        -:  183:    }
        -:  184:
        -:  185:  /**
        -:  186:   * Destroy a range of objects using the supplied allocator.  For
        -:  187:   * nondefault allocators we do not optimize away invocation of 
        -:  188:   * destroy() even if _Tp has a trivial destructor.
        -:  189:   */
        -:  190:
        -:  191:  template<typename _ForwardIterator, typename _Allocator>
        -:  192:    void
        -:  193:    _Destroy(_ForwardIterator __first, _ForwardIterator __last,
        -:  194:	     _Allocator& __alloc)
        -:  195:    {
        -:  196:      typedef __gnu_cxx::__alloc_traits<_Allocator> __traits;
        -:  197:      for (; __first != __last; ++__first)
        -:  198:	__traits::destroy(__alloc, std::__addressof(*__first));
        -:  199:    }
        -:  200:
        -:  201:  template<typename _ForwardIterator, typename _Tp>
        -:  202:    inline void
function _ZSt8_DestroyIP12ParallelCellS0_EvT_S2_RSaIT0_E called 0 returned 0% blocks executed 0%
function _ZSt8_DestroyIPNSt7__cxx114listISt5tupleIJdiiEESaIS3_EEES5_EvT_S7_RSaIT0_E called 0 returned 0% blocks executed 0%
function _ZSt8_DestroyIPNSt7__cxx114listISt5tupleIJddmEESaIS3_EEES5_EvT_S7_RSaIT0_E called 0 returned 0% blocks executed 0%
function _ZSt8_DestroyIPddEvT_S1_RSaIT0_E called 0 returned 0% blocks executed 0%
function _ZSt8_DestroyIPiiEvT_S1_RSaIT0_E called 0 returned 0% blocks executed 0%
    #####:  203:    _Destroy(_ForwardIterator __first, _ForwardIterator __last,
    $$$$$:  203-block  0
    $$$$$:  203-block  1
    $$$$$:  203-block  2
    $$$$$:  203-block  3
    $$$$$:  203-block  4
        -:  204:	     allocator<_Tp>&)
        -:  205:    {
    #####:  206:      _Destroy(__first, __last);
    $$$$$:  206-block  0
call    0 never executed
    $$$$$:  206-block  1
call    1 never executed
    $$$$$:  206-block  2
call    2 never executed
    $$$$$:  206-block  3
call    3 never executed
    $$$$$:  206-block  4
call    4 never executed
    #####:  207:    }
        -:  208:
        -:  209:#if __cplusplus > 201402L
        -:  210:  template <typename _Tp>
        -:  211:    inline void
        -:  212:    destroy_at(_Tp* __location)
        -:  213:    {
        -:  214:      std::_Destroy(__location);
        -:  215:    }
        -:  216:
        -:  217:  template <typename _ForwardIterator>
        -:  218:    inline void
        -:  219:    destroy(_ForwardIterator __first, _ForwardIterator __last)
        -:  220:    {
        -:  221:      std::_Destroy(__first, __last);
        -:  222:    }
        -:  223:
        -:  224:  template <typename _ForwardIterator, typename _Size>
        -:  225:    inline _ForwardIterator
        -:  226:    destroy_n(_ForwardIterator __first, _Size __count)
        -:  227:    {
        -:  228:      return std::_Destroy_n(__first, __count);
        -:  229:    }
        -:  230:#endif
        -:  231:
        -:  232:_GLIBCXX_END_NAMESPACE_VERSION
        -:  233:} // namespace std
        -:  234:
        -:  235:#endif /* _STL_CONSTRUCT_H */
        -:  236:
