        -:    0:Source:/usr/include/boost/smart_ptr/detail/sp_counted_impl.hpp
        -:    0:Graph:/home/m4zz31/cppprojct/cmake-build-debug-coverage/CMakeFiles/cppprojct.dir/main.cpp.gcno
        -:    0:Data:/home/m4zz31/cppprojct/cmake-build-debug-coverage/CMakeFiles/cppprojct.dir/main.cpp.gcda
        -:    0:Runs:1
        -:    0:Programs:1
        -:    1:#ifndef BOOST_SMART_PTR_DETAIL_SP_COUNTED_IMPL_HPP_INCLUDED
        -:    2:#define BOOST_SMART_PTR_DETAIL_SP_COUNTED_IMPL_HPP_INCLUDED
        -:    3:
        -:    4:// MS compatible compilers support #pragma once
        -:    5:
        -:    6:#if defined(_MSC_VER) && (_MSC_VER >= 1020)
        -:    7:# pragma once
        -:    8:#endif
        -:    9:
        -:   10://
        -:   11://  detail/sp_counted_impl.hpp
        -:   12://
        -:   13://  Copyright (c) 2001, 2002, 2003 Peter Dimov and Multi Media Ltd.
        -:   14://  Copyright 2004-2005 Peter Dimov
        -:   15://
        -:   16:// Distributed under the Boost Software License, Version 1.0. (See
        -:   17:// accompanying file LICENSE_1_0.txt or copy at
        -:   18:// http://www.boost.org/LICENSE_1_0.txt)
        -:   19://
        -:   20:
        -:   21:#if defined(BOOST_SP_USE_STD_ALLOCATOR) && defined(BOOST_SP_USE_QUICK_ALLOCATOR)
        -:   22:# error BOOST_SP_USE_STD_ALLOCATOR and BOOST_SP_USE_QUICK_ALLOCATOR are incompatible.
        -:   23:#endif
        -:   24:
        -:   25:#include <boost/smart_ptr/detail/sp_counted_base.hpp>
        -:   26:#include <boost/smart_ptr/detail/sp_noexcept.hpp>
        -:   27:#include <boost/checked_delete.hpp>
        -:   28:#include <boost/core/addressof.hpp>
        -:   29:#include <boost/config.hpp>
        -:   30:
        -:   31:#if defined(BOOST_SP_USE_QUICK_ALLOCATOR)
        -:   32:#include <boost/smart_ptr/detail/quick_allocator.hpp>
        -:   33:#endif
        -:   34:
        -:   35:#include <memory>           // std::allocator, std::allocator_traits
        -:   36:#include <cstddef>          // std::size_t
        -:   37:
        -:   38:namespace boost
        -:   39:{
        -:   40:
        -:   41:#if defined(BOOST_SP_ENABLE_DEBUG_HOOKS)
        -:   42:
        -:   43:void sp_scalar_constructor_hook( void * px, std::size_t size, void * pn );
        -:   44:void sp_scalar_destructor_hook( void * px, std::size_t size, void * pn );
        -:   45:
        -:   46:#endif
        -:   47:
        -:   48:namespace detail
        -:   49:{
        -:   50:
        -:   51:// get_local_deleter
        -:   52:
        -:   53:template<class D> class local_sp_deleter;
        -:   54:
        -:   55:template<class D> D * get_local_deleter( D * /*p*/ ) BOOST_SP_NOEXCEPT
        -:   56:{
        -:   57:    return 0;
        -:   58:}
        -:   59:
        -:   60:template<class D> D * get_local_deleter( local_sp_deleter<D> * p ) BOOST_SP_NOEXCEPT;
        -:   61:
        -:   62://
        -:   63:
function _ZN5boost6detail17sp_counted_impl_pINS_8parallel20variant_distributionINS_5graph11distributed17mpi_process_groupEmE17poly_distributionINS2_5blockEEEED0Ev called 1 returned 100% blocks executed 100%
function _ZN5boost6detail17sp_counted_impl_pINS_8parallel20variant_distributionINS_5graph11distributed17mpi_process_groupEmE17poly_distributionINS2_5blockEEEED2Ev called 1 returned 100% blocks executed 100%
function _ZN5boost6detail17sp_counted_impl_pINS_5graph11distributed17mpi_process_group16trigger_launcherI11DynamicNodeNS_8parallel6detail16simple_trigger_tINS_14adjacency_listINS_4vecSENS_12distributedSIS4_SB_NS_8defaultSEEENS_14bidirectionalSES6_11DynamicEdgeNS_11no_propertyENS_5listSEEES6_vEEEEED0Ev called 1 returned 100% blocks executed 100%
function _ZN5boost6detail17sp_counted_impl_pINS_5graph11distributed17mpi_process_group16trigger_launcherI11DynamicNodeNS_8parallel6detail16simple_trigger_tINS_14adjacency_listINS_4vecSENS_12distributedSIS4_SB_NS_8defaultSEEENS_14bidirectionalSES6_11DynamicEdgeNS_11no_propertyENS_5listSEEES6_vEEEEED2Ev called 1 returned 100% blocks executed 100%
function _ZN5boost6detail17sp_counted_impl_pINS_5graph11distributed17mpi_process_group22reply_trigger_launcherI11DynamicNodeNS_8parallel6detail16simple_trigger_tINS_14adjacency_listINS_4vecSENS_12distributedSIS4_SB_NS_8defaultSEEENS_14bidirectionalSES6_11DynamicEdgeNS_11no_propertyENS_5listSEEES6_mEEEEED0Ev called 1 returned 100% blocks executed 100%
function _ZN5boost6detail17sp_counted_impl_pINS_5graph11distributed17mpi_process_group22reply_trigger_launcherI11DynamicNodeNS_8parallel6detail16simple_trigger_tINS_14adjacency_listINS_4vecSENS_12distributedSIS4_SB_NS_8defaultSEEENS_14bidirectionalSES6_11DynamicEdgeNS_11no_propertyENS_5listSEEES6_mEEEEED2Ev called 1 returned 100% blocks executed 100%
function _ZN5boost6detail17sp_counted_impl_pINS_5graph11distributed17mpi_process_group16trigger_launcherINS0_8parallel17msg_add_edge_dataINS6_17global_descriptorImEEmEENS_8parallel6detail16simple_trigger_tINS_14adjacency_listINS_4vecSENS_12distributedSIS4_SF_NS_8defaultSEEENS_14bidirectionalSE11DynamicNode11DynamicEdgeNS_11no_propertyENS_5listSEEESA_vEEEEED0Ev called 1 returned 100% blocks executed 100%
function _ZN5boost6detail17sp_counted_impl_pINS_5graph11distributed17mpi_process_group16trigger_launcherINS0_8parallel17msg_add_edge_dataINS6_17global_descriptorImEEmEENS_8parallel6detail16simple_trigger_tINS_14adjacency_listINS_4vecSENS_12distributedSIS4_SF_NS_8defaultSEEENS_14bidirectionalSE11DynamicNode11DynamicEdgeNS_11no_propertyENS_5listSEEESA_vEEEEED2Ev called 1 returned 100% blocks executed 100%
function _ZN5boost6detail17sp_counted_impl_pINS_5graph11distributed17mpi_process_group22reply_trigger_launcherINS0_8parallel17msg_add_edge_dataINS6_17global_descriptorImEEmEENS_8parallel6detail16simple_trigger_tINS_14adjacency_listINS_4vecSENS_12distributedSIS4_SF_NS_8defaultSEEENS_14bidirectionalSE11DynamicNode11DynamicEdgeNS_11no_propertyENS_5listSEEESA_NSC_14untracked_pairINS6_15edge_descriptorINS0_14edge_desc_implINS_12directed_tagEmEEEEbEEEEEEED0Ev called 1 returned 100% blocks executed 100%
function _ZN5boost6detail17sp_counted_impl_pINS_5graph11distributed17mpi_process_group22reply_trigger_launcherINS0_8parallel17msg_add_edge_dataINS6_17global_descriptorImEEmEENS_8parallel6detail16simple_trigger_tINS_14adjacency_listINS_4vecSENS_12distributedSIS4_SF_NS_8defaultSEEENS_14bidirectionalSE11DynamicNode11DynamicEdgeNS_11no_propertyENS_5listSEEESA_NSC_14untracked_pairINS6_15edge_descriptorINS0_14edge_desc_implINS_12directed_tagEmEEEEbEEEEEEED2Ev called 1 returned 100% blocks executed 100%
function _ZN5boost6detail17sp_counted_impl_pINS_5graph11distributed17mpi_process_group16trigger_launcherINS0_8parallel31msg_add_edge_with_property_dataINS6_17global_descriptorImEEm11DynamicEdgeEENS_8parallel6detail16simple_trigger_tINS_14adjacency_listINS_4vecSENS_12distributedSIS4_SG_NS_8defaultSEEENS_14bidirectionalSE11DynamicNodeSA_NS_11no_propertyENS_5listSEEESB_vEEEEED0Ev called 1 returned 100% blocks executed 100%
function _ZN5boost6detail17sp_counted_impl_pINS_5graph11distributed17mpi_process_group16trigger_launcherINS0_8parallel31msg_add_edge_with_property_dataINS6_17global_descriptorImEEm11DynamicEdgeEENS_8parallel6detail16simple_trigger_tINS_14adjacency_listINS_4vecSENS_12distributedSIS4_SG_NS_8defaultSEEENS_14bidirectionalSE11DynamicNodeSA_NS_11no_propertyENS_5listSEEESB_vEEEEED2Ev called 1 returned 100% blocks executed 100%
function _ZN5boost6detail17sp_counted_impl_pINS_5graph11distributed17mpi_process_group22reply_trigger_launcherINS0_8parallel31msg_add_edge_with_property_dataINS6_17global_descriptorImEEm11DynamicEdgeEENS_8parallel6detail16simple_trigger_tINS_14adjacency_listINS_4vecSENS_12distributedSIS4_SG_NS_8defaultSEEENS_14bidirectionalSE11DynamicNodeSA_NS_11no_propertyENS_5listSEEESB_NSD_14untracked_pairINS6_15edge_descriptorINS0_14edge_desc_implINS_12directed_tagEmEEEEbEEEEEEED0Ev called 1 returned 100% blocks executed 100%
function _ZN5boost6detail17sp_counted_impl_pINS_5graph11distributed17mpi_process_group22reply_trigger_launcherINS0_8parallel31msg_add_edge_with_property_dataINS6_17global_descriptorImEEm11DynamicEdgeEENS_8parallel6detail16simple_trigger_tINS_14adjacency_listINS_4vecSENS_12distributedSIS4_SG_NS_8defaultSEEENS_14bidirectionalSE11DynamicNodeSA_NS_11no_propertyENS_5listSEEESB_NSD_14untracked_pairINS6_15edge_descriptorINS0_14edge_desc_implINS_12directed_tagEmEEEEbEEEEEEED2Ev called 1 returned 100% blocks executed 100%
function _ZN5boost6detail17sp_counted_impl_pINS_5graph11distributed17mpi_process_group16trigger_launcherINS0_8parallel22msg_nonlocal_edge_dataI11DynamicEdgeNS0_14edge_desc_implINS_12directed_tagEmEEEENS_8parallel6detail16simple_trigger_tINS_14adjacency_listINS_4vecSENS_12distributedSIS4_SH_NS_8defaultSEEENS_14bidirectionalSE11DynamicNodeS8_NS_11no_propertyENS_5listSEEESC_vEEEEED0Ev called 1 returned 100% blocks executed 100%
function _ZN5boost6detail17sp_counted_impl_pINS_5graph11distributed17mpi_process_group16trigger_launcherINS0_8parallel22msg_nonlocal_edge_dataI11DynamicEdgeNS0_14edge_desc_implINS_12directed_tagEmEEEENS_8parallel6detail16simple_trigger_tINS_14adjacency_listINS_4vecSENS_12distributedSIS4_SH_NS_8defaultSEEENS_14bidirectionalSE11DynamicNodeS8_NS_11no_propertyENS_5listSEEESC_vEEEEED2Ev called 1 returned 100% blocks executed 100%
function _ZN5boost6detail17sp_counted_impl_pINS_5graph11distributed17mpi_process_group16trigger_launcherINS0_8parallel20msg_remove_edge_dataINS6_15edge_descriptorINS0_14edge_desc_implINS_12directed_tagEmEEEEEENS_8parallel6detail16simple_trigger_tINS_14adjacency_listINS_4vecSENS_12distributedSIS4_SI_NS_8defaultSEEENS_14bidirectionalSE11DynamicNode11DynamicEdgeNS_11no_propertyENS_5listSEEESD_vEEEEED0Ev called 1 returned 100% blocks executed 100%
function _ZN5boost6detail17sp_counted_impl_pINS_5graph11distributed17mpi_process_group16trigger_launcherINS0_8parallel20msg_remove_edge_dataINS6_15edge_descriptorINS0_14edge_desc_implINS_12directed_tagEmEEEEEENS_8parallel6detail16simple_trigger_tINS_14adjacency_listINS_4vecSENS_12distributedSIS4_SI_NS_8defaultSEEENS_14bidirectionalSE11DynamicNode11DynamicEdgeNS_11no_propertyENS_5listSEEESD_vEEEEED2Ev called 1 returned 100% blocks executed 100%
       36:   64:template<class X> class BOOST_SYMBOL_VISIBLE sp_counted_impl_p: public sp_counted_base
        1:   64-block  0
        1:   64-block  1
call    0 returned 1
call    1 returned 1
        1:   64-block  2
        1:   64-block  3
call    2 returned 1
        1:   64-block  4
        1:   64-block  5
call    3 returned 1
call    4 returned 1
        1:   64-block  6
        1:   64-block  7
call    5 returned 1
        1:   64-block  8
        1:   64-block  9
call    6 returned 1
call    7 returned 1
        1:   64-block 10
        1:   64-block 11
call    8 returned 1
        1:   64-block 12
        1:   64-block 13
call    9 returned 1
call   10 returned 1
        1:   64-block 14
        1:   64-block 15
call   11 returned 1
        1:   64-block 16
        1:   64-block 17
call   12 returned 1
call   13 returned 1
        1:   64-block 18
        1:   64-block 19
call   14 returned 1
        1:   64-block 20
        1:   64-block 21
call   15 returned 1
call   16 returned 1
        1:   64-block 22
        1:   64-block 23
call   17 returned 1
        1:   64-block 24
        1:   64-block 25
call   18 returned 1
call   19 returned 1
        1:   64-block 26
        1:   64-block 27
call   20 returned 1
        1:   64-block 28
        1:   64-block 29
call   21 returned 1
call   22 returned 1
        1:   64-block 30
        1:   64-block 31
call   23 returned 1
        1:   64-block 32
        1:   64-block 33
call   24 returned 1
call   25 returned 1
        1:   64-block 34
        1:   64-block 35
call   26 returned 1
        -:   65:{
        -:   66:private:
        -:   67:
        -:   68:    X * px_;
        -:   69:
        -:   70:    sp_counted_impl_p( sp_counted_impl_p const & );
        -:   71:    sp_counted_impl_p & operator= ( sp_counted_impl_p const & );
        -:   72:
        -:   73:    typedef sp_counted_impl_p<X> this_type;
        -:   74:
        -:   75:public:
        -:   76:
function _ZN5boost6detail17sp_counted_impl_pINS_5graph11distributed17mpi_process_group16trigger_launcherINS0_8parallel20msg_remove_edge_dataINS6_15edge_descriptorINS0_14edge_desc_implINS_12directed_tagEmEEEEEENS_8parallel6detail16simple_trigger_tINS_14adjacency_listINS_4vecSENS_12distributedSIS4_SI_NS_8defaultSEEENS_14bidirectionalSE11DynamicNode11DynamicEdgeNS_11no_propertyENS_5listSEEESD_vEEEEEC2EPST_ called 1 returned 100% blocks executed 100%
function _ZN5boost6detail17sp_counted_impl_pINS_5graph11distributed17mpi_process_group16trigger_launcherINS0_8parallel22msg_nonlocal_edge_dataI11DynamicEdgeNS0_14edge_desc_implINS_12directed_tagEmEEEENS_8parallel6detail16simple_trigger_tINS_14adjacency_listINS_4vecSENS_12distributedSIS4_SH_NS_8defaultSEEENS_14bidirectionalSE11DynamicNodeS8_NS_11no_propertyENS_5listSEEESC_vEEEEEC2EPSR_ called 1 returned 100% blocks executed 100%
function _ZN5boost6detail17sp_counted_impl_pINS_5graph11distributed17mpi_process_group22reply_trigger_launcherINS0_8parallel31msg_add_edge_with_property_dataINS6_17global_descriptorImEEm11DynamicEdgeEENS_8parallel6detail16simple_trigger_tINS_14adjacency_listINS_4vecSENS_12distributedSIS4_SG_NS_8defaultSEEENS_14bidirectionalSE11DynamicNodeSA_NS_11no_propertyENS_5listSEEESB_NSD_14untracked_pairINS6_15edge_descriptorINS0_14edge_desc_implINS_12directed_tagEmEEEEbEEEEEEEC2EPSX_ called 1 returned 100% blocks executed 100%
function _ZN5boost6detail17sp_counted_impl_pINS_5graph11distributed17mpi_process_group16trigger_launcherINS0_8parallel31msg_add_edge_with_property_dataINS6_17global_descriptorImEEm11DynamicEdgeEENS_8parallel6detail16simple_trigger_tINS_14adjacency_listINS_4vecSENS_12distributedSIS4_SG_NS_8defaultSEEENS_14bidirectionalSE11DynamicNodeSA_NS_11no_propertyENS_5listSEEESB_vEEEEEC2EPSQ_ called 1 returned 100% blocks executed 100%
function _ZN5boost6detail17sp_counted_impl_pINS_5graph11distributed17mpi_process_group22reply_trigger_launcherINS0_8parallel17msg_add_edge_dataINS6_17global_descriptorImEEmEENS_8parallel6detail16simple_trigger_tINS_14adjacency_listINS_4vecSENS_12distributedSIS4_SF_NS_8defaultSEEENS_14bidirectionalSE11DynamicNode11DynamicEdgeNS_11no_propertyENS_5listSEEESA_NSC_14untracked_pairINS6_15edge_descriptorINS0_14edge_desc_implINS_12directed_tagEmEEEEbEEEEEEEC2EPSX_ called 1 returned 100% blocks executed 100%
function _ZN5boost6detail17sp_counted_impl_pINS_5graph11distributed17mpi_process_group16trigger_launcherINS0_8parallel17msg_add_edge_dataINS6_17global_descriptorImEEmEENS_8parallel6detail16simple_trigger_tINS_14adjacency_listINS_4vecSENS_12distributedSIS4_SF_NS_8defaultSEEENS_14bidirectionalSE11DynamicNode11DynamicEdgeNS_11no_propertyENS_5listSEEESA_vEEEEEC2EPSQ_ called 1 returned 100% blocks executed 100%
function _ZN5boost6detail17sp_counted_impl_pINS_5graph11distributed17mpi_process_group22reply_trigger_launcherI11DynamicNodeNS_8parallel6detail16simple_trigger_tINS_14adjacency_listINS_4vecSENS_12distributedSIS4_SB_NS_8defaultSEEENS_14bidirectionalSES6_11DynamicEdgeNS_11no_propertyENS_5listSEEES6_mEEEEEC2EPSL_ called 1 returned 100% blocks executed 100%
function _ZN5boost6detail17sp_counted_impl_pINS_5graph11distributed17mpi_process_group16trigger_launcherI11DynamicNodeNS_8parallel6detail16simple_trigger_tINS_14adjacency_listINS_4vecSENS_12distributedSIS4_SB_NS_8defaultSEEENS_14bidirectionalSES6_11DynamicEdgeNS_11no_propertyENS_5listSEEES6_vEEEEEC2EPSL_ called 1 returned 100% blocks executed 100%
function _ZN5boost6detail17sp_counted_impl_pINS_8parallel20variant_distributionINS_5graph11distributed17mpi_process_groupEmE17poly_distributionINS2_5blockEEEEC2EPSA_ called 1 returned 100% blocks executed 100%
       18:   77:    explicit sp_counted_impl_p( X * px ): px_( px )
        1:   77-block  0
        1:   77-block  1
call    0 returned 1
        1:   77-block  2
        1:   77-block  3
call    1 returned 1
        1:   77-block  4
        1:   77-block  5
call    2 returned 1
        1:   77-block  6
        1:   77-block  7
call    3 returned 1
        1:   77-block  8
        1:   77-block  9
call    4 returned 1
        1:   77-block 10
        1:   77-block 11
call    5 returned 1
        1:   77-block 12
        1:   77-block 13
call    6 returned 1
        1:   77-block 14
        1:   77-block 15
call    7 returned 1
        1:   77-block 16
        1:   77-block 17
call    8 returned 1
        -:   78:    {
        -:   79:#if defined(BOOST_SP_ENABLE_DEBUG_HOOKS)
        -:   80:        boost::sp_scalar_constructor_hook( px, sizeof(X), this );
        -:   81:#endif
        9:   82:    }
        -:   83:
function _ZN5boost6detail17sp_counted_impl_pINS_8parallel20variant_distributionINS_5graph11distributed17mpi_process_groupEmE17poly_distributionINS2_5blockEEEE7disposeEv called 1 returned 100% blocks executed 100%
function _ZN5boost6detail17sp_counted_impl_pINS_5graph11distributed17mpi_process_group16trigger_launcherI11DynamicNodeNS_8parallel6detail16simple_trigger_tINS_14adjacency_listINS_4vecSENS_12distributedSIS4_SB_NS_8defaultSEEENS_14bidirectionalSES6_11DynamicEdgeNS_11no_propertyENS_5listSEEES6_vEEEEE7disposeEv called 1 returned 100% blocks executed 100%
function _ZN5boost6detail17sp_counted_impl_pINS_5graph11distributed17mpi_process_group22reply_trigger_launcherI11DynamicNodeNS_8parallel6detail16simple_trigger_tINS_14adjacency_listINS_4vecSENS_12distributedSIS4_SB_NS_8defaultSEEENS_14bidirectionalSES6_11DynamicEdgeNS_11no_propertyENS_5listSEEES6_mEEEEE7disposeEv called 1 returned 100% blocks executed 100%
function _ZN5boost6detail17sp_counted_impl_pINS_5graph11distributed17mpi_process_group16trigger_launcherINS0_8parallel17msg_add_edge_dataINS6_17global_descriptorImEEmEENS_8parallel6detail16simple_trigger_tINS_14adjacency_listINS_4vecSENS_12distributedSIS4_SF_NS_8defaultSEEENS_14bidirectionalSE11DynamicNode11DynamicEdgeNS_11no_propertyENS_5listSEEESA_vEEEEE7disposeEv called 1 returned 100% blocks executed 100%
function _ZN5boost6detail17sp_counted_impl_pINS_5graph11distributed17mpi_process_group22reply_trigger_launcherINS0_8parallel17msg_add_edge_dataINS6_17global_descriptorImEEmEENS_8parallel6detail16simple_trigger_tINS_14adjacency_listINS_4vecSENS_12distributedSIS4_SF_NS_8defaultSEEENS_14bidirectionalSE11DynamicNode11DynamicEdgeNS_11no_propertyENS_5listSEEESA_NSC_14untracked_pairINS6_15edge_descriptorINS0_14edge_desc_implINS_12directed_tagEmEEEEbEEEEEEE7disposeEv called 1 returned 100% blocks executed 100%
function _ZN5boost6detail17sp_counted_impl_pINS_5graph11distributed17mpi_process_group16trigger_launcherINS0_8parallel31msg_add_edge_with_property_dataINS6_17global_descriptorImEEm11DynamicEdgeEENS_8parallel6detail16simple_trigger_tINS_14adjacency_listINS_4vecSENS_12distributedSIS4_SG_NS_8defaultSEEENS_14bidirectionalSE11DynamicNodeSA_NS_11no_propertyENS_5listSEEESB_vEEEEE7disposeEv called 1 returned 100% blocks executed 100%
function _ZN5boost6detail17sp_counted_impl_pINS_5graph11distributed17mpi_process_group22reply_trigger_launcherINS0_8parallel31msg_add_edge_with_property_dataINS6_17global_descriptorImEEm11DynamicEdgeEENS_8parallel6detail16simple_trigger_tINS_14adjacency_listINS_4vecSENS_12distributedSIS4_SG_NS_8defaultSEEENS_14bidirectionalSE11DynamicNodeSA_NS_11no_propertyENS_5listSEEESB_NSD_14untracked_pairINS6_15edge_descriptorINS0_14edge_desc_implINS_12directed_tagEmEEEEbEEEEEEE7disposeEv called 1 returned 100% blocks executed 100%
function _ZN5boost6detail17sp_counted_impl_pINS_5graph11distributed17mpi_process_group16trigger_launcherINS0_8parallel22msg_nonlocal_edge_dataI11DynamicEdgeNS0_14edge_desc_implINS_12directed_tagEmEEEENS_8parallel6detail16simple_trigger_tINS_14adjacency_listINS_4vecSENS_12distributedSIS4_SH_NS_8defaultSEEENS_14bidirectionalSE11DynamicNodeS8_NS_11no_propertyENS_5listSEEESC_vEEEEE7disposeEv called 1 returned 100% blocks executed 100%
function _ZN5boost6detail17sp_counted_impl_pINS_5graph11distributed17mpi_process_group16trigger_launcherINS0_8parallel20msg_remove_edge_dataINS6_15edge_descriptorINS0_14edge_desc_implINS_12directed_tagEmEEEEEENS_8parallel6detail16simple_trigger_tINS_14adjacency_listINS_4vecSENS_12distributedSIS4_SI_NS_8defaultSEEENS_14bidirectionalSE11DynamicNode11DynamicEdgeNS_11no_propertyENS_5listSEEESD_vEEEEE7disposeEv called 1 returned 100% blocks executed 100%
        9:   84:    void dispose() BOOST_SP_NOEXCEPT BOOST_OVERRIDE
        1:   84-block  0
        1:   84-block  1
        1:   84-block  2
        1:   84-block  3
        1:   84-block  4
        1:   84-block  5
        1:   84-block  6
        1:   84-block  7
        1:   84-block  8
        -:   85:    {
        -:   86:#if defined(BOOST_SP_ENABLE_DEBUG_HOOKS)
        -:   87:        boost::sp_scalar_destructor_hook( px_, sizeof(X), this );
        -:   88:#endif
        9:   89:        boost::checked_delete( px_ );
        1:   89-block  0
call    0 returned 1
        1:   89-block  1
call    1 returned 1
        1:   89-block  2
call    2 returned 1
        1:   89-block  3
call    3 returned 1
        1:   89-block  4
call    4 returned 1
        1:   89-block  5
call    5 returned 1
        1:   89-block  6
call    6 returned 1
        1:   89-block  7
call    7 returned 1
        1:   89-block  8
call    8 returned 1
        9:   90:    }
        -:   91:
function _ZN5boost6detail17sp_counted_impl_pINS_8parallel20variant_distributionINS_5graph11distributed17mpi_process_groupEmE17poly_distributionINS2_5blockEEEE11get_deleterERKSt9type_info called 0 returned 0% blocks executed 0%
function _ZN5boost6detail17sp_counted_impl_pINS_5graph11distributed17mpi_process_group16trigger_launcherI11DynamicNodeNS_8parallel6detail16simple_trigger_tINS_14adjacency_listINS_4vecSENS_12distributedSIS4_SB_NS_8defaultSEEENS_14bidirectionalSES6_11DynamicEdgeNS_11no_propertyENS_5listSEEES6_vEEEEE11get_deleterERKSt9type_info called 0 returned 0% blocks executed 0%
function _ZN5boost6detail17sp_counted_impl_pINS_5graph11distributed17mpi_process_group22reply_trigger_launcherI11DynamicNodeNS_8parallel6detail16simple_trigger_tINS_14adjacency_listINS_4vecSENS_12distributedSIS4_SB_NS_8defaultSEEENS_14bidirectionalSES6_11DynamicEdgeNS_11no_propertyENS_5listSEEES6_mEEEEE11get_deleterERKSt9type_info called 0 returned 0% blocks executed 0%
function _ZN5boost6detail17sp_counted_impl_pINS_5graph11distributed17mpi_process_group16trigger_launcherINS0_8parallel17msg_add_edge_dataINS6_17global_descriptorImEEmEENS_8parallel6detail16simple_trigger_tINS_14adjacency_listINS_4vecSENS_12distributedSIS4_SF_NS_8defaultSEEENS_14bidirectionalSE11DynamicNode11DynamicEdgeNS_11no_propertyENS_5listSEEESA_vEEEEE11get_deleterERKSt9type_info called 0 returned 0% blocks executed 0%
function _ZN5boost6detail17sp_counted_impl_pINS_5graph11distributed17mpi_process_group22reply_trigger_launcherINS0_8parallel17msg_add_edge_dataINS6_17global_descriptorImEEmEENS_8parallel6detail16simple_trigger_tINS_14adjacency_listINS_4vecSENS_12distributedSIS4_SF_NS_8defaultSEEENS_14bidirectionalSE11DynamicNode11DynamicEdgeNS_11no_propertyENS_5listSEEESA_NSC_14untracked_pairINS6_15edge_descriptorINS0_14edge_desc_implINS_12directed_tagEmEEEEbEEEEEEE11get_deleterERKSt9type_info called 0 returned 0% blocks executed 0%
function _ZN5boost6detail17sp_counted_impl_pINS_5graph11distributed17mpi_process_group16trigger_launcherINS0_8parallel31msg_add_edge_with_property_dataINS6_17global_descriptorImEEm11DynamicEdgeEENS_8parallel6detail16simple_trigger_tINS_14adjacency_listINS_4vecSENS_12distributedSIS4_SG_NS_8defaultSEEENS_14bidirectionalSE11DynamicNodeSA_NS_11no_propertyENS_5listSEEESB_vEEEEE11get_deleterERKSt9type_info called 0 returned 0% blocks executed 0%
function _ZN5boost6detail17sp_counted_impl_pINS_5graph11distributed17mpi_process_group22reply_trigger_launcherINS0_8parallel31msg_add_edge_with_property_dataINS6_17global_descriptorImEEm11DynamicEdgeEENS_8parallel6detail16simple_trigger_tINS_14adjacency_listINS_4vecSENS_12distributedSIS4_SG_NS_8defaultSEEENS_14bidirectionalSE11DynamicNodeSA_NS_11no_propertyENS_5listSEEESB_NSD_14untracked_pairINS6_15edge_descriptorINS0_14edge_desc_implINS_12directed_tagEmEEEEbEEEEEEE11get_deleterERKSt9type_info called 0 returned 0% blocks executed 0%
function _ZN5boost6detail17sp_counted_impl_pINS_5graph11distributed17mpi_process_group16trigger_launcherINS0_8parallel22msg_nonlocal_edge_dataI11DynamicEdgeNS0_14edge_desc_implINS_12directed_tagEmEEEENS_8parallel6detail16simple_trigger_tINS_14adjacency_listINS_4vecSENS_12distributedSIS4_SH_NS_8defaultSEEENS_14bidirectionalSE11DynamicNodeS8_NS_11no_propertyENS_5listSEEESC_vEEEEE11get_deleterERKSt9type_info called 0 returned 0% blocks executed 0%
function _ZN5boost6detail17sp_counted_impl_pINS_5graph11distributed17mpi_process_group16trigger_launcherINS0_8parallel20msg_remove_edge_dataINS6_15edge_descriptorINS0_14edge_desc_implINS_12directed_tagEmEEEEEENS_8parallel6detail16simple_trigger_tINS_14adjacency_listINS_4vecSENS_12distributedSIS4_SI_NS_8defaultSEEENS_14bidirectionalSE11DynamicNode11DynamicEdgeNS_11no_propertyENS_5listSEEESD_vEEEEE11get_deleterERKSt9type_info called 0 returned 0% blocks executed 0%
    #####:   92:    void * get_deleter( sp_typeinfo_ const & ) BOOST_SP_NOEXCEPT BOOST_OVERRIDE
    $$$$$:   92-block  0
    $$$$$:   92-block  1
    $$$$$:   92-block  2
    $$$$$:   92-block  3
    $$$$$:   92-block  4
    $$$$$:   92-block  5
    $$$$$:   92-block  6
    $$$$$:   92-block  7
    $$$$$:   92-block  8
        -:   93:    {
    #####:   94:        return 0;
    $$$$$:   94-block  0
    $$$$$:   94-block  1
    $$$$$:   94-block  2
    $$$$$:   94-block  3
    $$$$$:   94-block  4
    $$$$$:   94-block  5
    $$$$$:   94-block  6
    $$$$$:   94-block  7
    $$$$$:   94-block  8
        -:   95:    }
        -:   96:
function _ZN5boost6detail17sp_counted_impl_pINS_8parallel20variant_distributionINS_5graph11distributed17mpi_process_groupEmE17poly_distributionINS2_5blockEEEE17get_local_deleterERKSt9type_info called 0 returned 0% blocks executed 0%
function _ZN5boost6detail17sp_counted_impl_pINS_5graph11distributed17mpi_process_group16trigger_launcherI11DynamicNodeNS_8parallel6detail16simple_trigger_tINS_14adjacency_listINS_4vecSENS_12distributedSIS4_SB_NS_8defaultSEEENS_14bidirectionalSES6_11DynamicEdgeNS_11no_propertyENS_5listSEEES6_vEEEEE17get_local_deleterERKSt9type_info called 0 returned 0% blocks executed 0%
function _ZN5boost6detail17sp_counted_impl_pINS_5graph11distributed17mpi_process_group22reply_trigger_launcherI11DynamicNodeNS_8parallel6detail16simple_trigger_tINS_14adjacency_listINS_4vecSENS_12distributedSIS4_SB_NS_8defaultSEEENS_14bidirectionalSES6_11DynamicEdgeNS_11no_propertyENS_5listSEEES6_mEEEEE17get_local_deleterERKSt9type_info called 0 returned 0% blocks executed 0%
function _ZN5boost6detail17sp_counted_impl_pINS_5graph11distributed17mpi_process_group16trigger_launcherINS0_8parallel17msg_add_edge_dataINS6_17global_descriptorImEEmEENS_8parallel6detail16simple_trigger_tINS_14adjacency_listINS_4vecSENS_12distributedSIS4_SF_NS_8defaultSEEENS_14bidirectionalSE11DynamicNode11DynamicEdgeNS_11no_propertyENS_5listSEEESA_vEEEEE17get_local_deleterERKSt9type_info called 0 returned 0% blocks executed 0%
function _ZN5boost6detail17sp_counted_impl_pINS_5graph11distributed17mpi_process_group22reply_trigger_launcherINS0_8parallel17msg_add_edge_dataINS6_17global_descriptorImEEmEENS_8parallel6detail16simple_trigger_tINS_14adjacency_listINS_4vecSENS_12distributedSIS4_SF_NS_8defaultSEEENS_14bidirectionalSE11DynamicNode11DynamicEdgeNS_11no_propertyENS_5listSEEESA_NSC_14untracked_pairINS6_15edge_descriptorINS0_14edge_desc_implINS_12directed_tagEmEEEEbEEEEEEE17get_local_deleterERKSt9type_info called 0 returned 0% blocks executed 0%
function _ZN5boost6detail17sp_counted_impl_pINS_5graph11distributed17mpi_process_group16trigger_launcherINS0_8parallel31msg_add_edge_with_property_dataINS6_17global_descriptorImEEm11DynamicEdgeEENS_8parallel6detail16simple_trigger_tINS_14adjacency_listINS_4vecSENS_12distributedSIS4_SG_NS_8defaultSEEENS_14bidirectionalSE11DynamicNodeSA_NS_11no_propertyENS_5listSEEESB_vEEEEE17get_local_deleterERKSt9type_info called 0 returned 0% blocks executed 0%
function _ZN5boost6detail17sp_counted_impl_pINS_5graph11distributed17mpi_process_group22reply_trigger_launcherINS0_8parallel31msg_add_edge_with_property_dataINS6_17global_descriptorImEEm11DynamicEdgeEENS_8parallel6detail16simple_trigger_tINS_14adjacency_listINS_4vecSENS_12distributedSIS4_SG_NS_8defaultSEEENS_14bidirectionalSE11DynamicNodeSA_NS_11no_propertyENS_5listSEEESB_NSD_14untracked_pairINS6_15edge_descriptorINS0_14edge_desc_implINS_12directed_tagEmEEEEbEEEEEEE17get_local_deleterERKSt9type_info called 0 returned 0% blocks executed 0%
function _ZN5boost6detail17sp_counted_impl_pINS_5graph11distributed17mpi_process_group16trigger_launcherINS0_8parallel22msg_nonlocal_edge_dataI11DynamicEdgeNS0_14edge_desc_implINS_12directed_tagEmEEEENS_8parallel6detail16simple_trigger_tINS_14adjacency_listINS_4vecSENS_12distributedSIS4_SH_NS_8defaultSEEENS_14bidirectionalSE11DynamicNodeS8_NS_11no_propertyENS_5listSEEESC_vEEEEE17get_local_deleterERKSt9type_info called 0 returned 0% blocks executed 0%
function _ZN5boost6detail17sp_counted_impl_pINS_5graph11distributed17mpi_process_group16trigger_launcherINS0_8parallel20msg_remove_edge_dataINS6_15edge_descriptorINS0_14edge_desc_implINS_12directed_tagEmEEEEEENS_8parallel6detail16simple_trigger_tINS_14adjacency_listINS_4vecSENS_12distributedSIS4_SI_NS_8defaultSEEENS_14bidirectionalSE11DynamicNode11DynamicEdgeNS_11no_propertyENS_5listSEEESD_vEEEEE17get_local_deleterERKSt9type_info called 0 returned 0% blocks executed 0%
    #####:   97:    void * get_local_deleter( sp_typeinfo_ const & ) BOOST_SP_NOEXCEPT BOOST_OVERRIDE
    $$$$$:   97-block  0
    $$$$$:   97-block  1
    $$$$$:   97-block  2
    $$$$$:   97-block  3
    $$$$$:   97-block  4
    $$$$$:   97-block  5
    $$$$$:   97-block  6
    $$$$$:   97-block  7
    $$$$$:   97-block  8
        -:   98:    {
    #####:   99:        return 0;
    $$$$$:   99-block  0
    $$$$$:   99-block  1
    $$$$$:   99-block  2
    $$$$$:   99-block  3
    $$$$$:   99-block  4
    $$$$$:   99-block  5
    $$$$$:   99-block  6
    $$$$$:   99-block  7
    $$$$$:   99-block  8
        -:  100:    }
        -:  101:
function _ZN5boost6detail17sp_counted_impl_pINS_8parallel20variant_distributionINS_5graph11distributed17mpi_process_groupEmE17poly_distributionINS2_5blockEEEE19get_untyped_deleterEv called 0 returned 0% blocks executed 0%
function _ZN5boost6detail17sp_counted_impl_pINS_5graph11distributed17mpi_process_group16trigger_launcherI11DynamicNodeNS_8parallel6detail16simple_trigger_tINS_14adjacency_listINS_4vecSENS_12distributedSIS4_SB_NS_8defaultSEEENS_14bidirectionalSES6_11DynamicEdgeNS_11no_propertyENS_5listSEEES6_vEEEEE19get_untyped_deleterEv called 0 returned 0% blocks executed 0%
function _ZN5boost6detail17sp_counted_impl_pINS_5graph11distributed17mpi_process_group22reply_trigger_launcherI11DynamicNodeNS_8parallel6detail16simple_trigger_tINS_14adjacency_listINS_4vecSENS_12distributedSIS4_SB_NS_8defaultSEEENS_14bidirectionalSES6_11DynamicEdgeNS_11no_propertyENS_5listSEEES6_mEEEEE19get_untyped_deleterEv called 0 returned 0% blocks executed 0%
function _ZN5boost6detail17sp_counted_impl_pINS_5graph11distributed17mpi_process_group16trigger_launcherINS0_8parallel17msg_add_edge_dataINS6_17global_descriptorImEEmEENS_8parallel6detail16simple_trigger_tINS_14adjacency_listINS_4vecSENS_12distributedSIS4_SF_NS_8defaultSEEENS_14bidirectionalSE11DynamicNode11DynamicEdgeNS_11no_propertyENS_5listSEEESA_vEEEEE19get_untyped_deleterEv called 0 returned 0% blocks executed 0%
function _ZN5boost6detail17sp_counted_impl_pINS_5graph11distributed17mpi_process_group22reply_trigger_launcherINS0_8parallel17msg_add_edge_dataINS6_17global_descriptorImEEmEENS_8parallel6detail16simple_trigger_tINS_14adjacency_listINS_4vecSENS_12distributedSIS4_SF_NS_8defaultSEEENS_14bidirectionalSE11DynamicNode11DynamicEdgeNS_11no_propertyENS_5listSEEESA_NSC_14untracked_pairINS6_15edge_descriptorINS0_14edge_desc_implINS_12directed_tagEmEEEEbEEEEEEE19get_untyped_deleterEv called 0 returned 0% blocks executed 0%
function _ZN5boost6detail17sp_counted_impl_pINS_5graph11distributed17mpi_process_group16trigger_launcherINS0_8parallel31msg_add_edge_with_property_dataINS6_17global_descriptorImEEm11DynamicEdgeEENS_8parallel6detail16simple_trigger_tINS_14adjacency_listINS_4vecSENS_12distributedSIS4_SG_NS_8defaultSEEENS_14bidirectionalSE11DynamicNodeSA_NS_11no_propertyENS_5listSEEESB_vEEEEE19get_untyped_deleterEv called 0 returned 0% blocks executed 0%
function _ZN5boost6detail17sp_counted_impl_pINS_5graph11distributed17mpi_process_group22reply_trigger_launcherINS0_8parallel31msg_add_edge_with_property_dataINS6_17global_descriptorImEEm11DynamicEdgeEENS_8parallel6detail16simple_trigger_tINS_14adjacency_listINS_4vecSENS_12distributedSIS4_SG_NS_8defaultSEEENS_14bidirectionalSE11DynamicNodeSA_NS_11no_propertyENS_5listSEEESB_NSD_14untracked_pairINS6_15edge_descriptorINS0_14edge_desc_implINS_12directed_tagEmEEEEbEEEEEEE19get_untyped_deleterEv called 0 returned 0% blocks executed 0%
function _ZN5boost6detail17sp_counted_impl_pINS_5graph11distributed17mpi_process_group16trigger_launcherINS0_8parallel22msg_nonlocal_edge_dataI11DynamicEdgeNS0_14edge_desc_implINS_12directed_tagEmEEEENS_8parallel6detail16simple_trigger_tINS_14adjacency_listINS_4vecSENS_12distributedSIS4_SH_NS_8defaultSEEENS_14bidirectionalSE11DynamicNodeS8_NS_11no_propertyENS_5listSEEESC_vEEEEE19get_untyped_deleterEv called 0 returned 0% blocks executed 0%
function _ZN5boost6detail17sp_counted_impl_pINS_5graph11distributed17mpi_process_group16trigger_launcherINS0_8parallel20msg_remove_edge_dataINS6_15edge_descriptorINS0_14edge_desc_implINS_12directed_tagEmEEEEEENS_8parallel6detail16simple_trigger_tINS_14adjacency_listINS_4vecSENS_12distributedSIS4_SI_NS_8defaultSEEENS_14bidirectionalSE11DynamicNode11DynamicEdgeNS_11no_propertyENS_5listSEEESD_vEEEEE19get_untyped_deleterEv called 0 returned 0% blocks executed 0%
    #####:  102:    void * get_untyped_deleter() BOOST_SP_NOEXCEPT BOOST_OVERRIDE
    $$$$$:  102-block  0
    $$$$$:  102-block  1
    $$$$$:  102-block  2
    $$$$$:  102-block  3
    $$$$$:  102-block  4
    $$$$$:  102-block  5
    $$$$$:  102-block  6
    $$$$$:  102-block  7
    $$$$$:  102-block  8
        -:  103:    {
    #####:  104:        return 0;
    $$$$$:  104-block  0
    $$$$$:  104-block  1
    $$$$$:  104-block  2
    $$$$$:  104-block  3
    $$$$$:  104-block  4
    $$$$$:  104-block  5
    $$$$$:  104-block  6
    $$$$$:  104-block  7
    $$$$$:  104-block  8
        -:  105:    }
        -:  106:
        -:  107:#if defined(BOOST_SP_USE_STD_ALLOCATOR)
        -:  108:
        -:  109:    void * operator new( std::size_t )
        -:  110:    {
        -:  111:        return std::allocator<this_type>().allocate( 1, static_cast<this_type *>(0) );
        -:  112:    }
        -:  113:
        -:  114:    void operator delete( void * p )
        -:  115:    {
        -:  116:        std::allocator<this_type>().deallocate( static_cast<this_type *>(p), 1 );
        -:  117:    }
        -:  118:
        -:  119:#endif
        -:  120:
        -:  121:#if defined(BOOST_SP_USE_QUICK_ALLOCATOR)
        -:  122:
        -:  123:    void * operator new( std::size_t )
        -:  124:    {
        -:  125:        return quick_allocator<this_type>::alloc();
        -:  126:    }
        -:  127:
        -:  128:    void operator delete( void * p )
        -:  129:    {
        -:  130:        quick_allocator<this_type>::dealloc( p );
        -:  131:    }
        -:  132:
        -:  133:#endif
        -:  134:};
        -:  135:
        -:  136://
        -:  137:// Borland's Codeguard trips up over the -Vx- option here:
        -:  138://
        -:  139:#ifdef __CODEGUARD__
        -:  140:# pragma option push -Vx-
        -:  141:#endif
        -:  142:
        -:  143:template<class P, class D> class BOOST_SYMBOL_VISIBLE sp_counted_impl_pd: public sp_counted_base
        -:  144:{
        -:  145:private:
        -:  146:
        -:  147:    P ptr; // copy constructor must not throw
        -:  148:    D del; // copy/move constructor must not throw
        -:  149:
        -:  150:    sp_counted_impl_pd( sp_counted_impl_pd const & );
        -:  151:    sp_counted_impl_pd & operator= ( sp_counted_impl_pd const & );
        -:  152:
        -:  153:    typedef sp_counted_impl_pd<P, D> this_type;
        -:  154:
        -:  155:public:
        -:  156:
        -:  157:    // pre: d(p) must not throw
        -:  158:
        -:  159:#if !defined( BOOST_NO_CXX11_RVALUE_REFERENCES )
        -:  160:
        -:  161:    sp_counted_impl_pd( P p, D & d ): ptr( p ), del( static_cast< D&& >( d ) )
        -:  162:    {
        -:  163:    }
        -:  164:
        -:  165:#else
        -:  166:
        -:  167:    sp_counted_impl_pd( P p, D & d ): ptr( p ), del( d )
        -:  168:    {
        -:  169:    }
        -:  170:
        -:  171:#endif
        -:  172:
        -:  173:    sp_counted_impl_pd( P p ): ptr( p ), del()
        -:  174:    {
        -:  175:    }
        -:  176:
        -:  177:    void dispose() BOOST_SP_NOEXCEPT BOOST_OVERRIDE
        -:  178:    {
        -:  179:        del( ptr );
        -:  180:    }
        -:  181:
        -:  182:    void * get_deleter( sp_typeinfo_ const & ti ) BOOST_SP_NOEXCEPT BOOST_OVERRIDE
        -:  183:    {
        -:  184:        return ti == BOOST_SP_TYPEID_(D)? &reinterpret_cast<char&>( del ): 0;
        -:  185:    }
        -:  186:
        -:  187:    void * get_local_deleter( sp_typeinfo_ const & ti ) BOOST_SP_NOEXCEPT BOOST_OVERRIDE
        -:  188:    {
        -:  189:        return ti == BOOST_SP_TYPEID_(D)? boost::detail::get_local_deleter( boost::addressof( del ) ): 0;
        -:  190:    }
        -:  191:
        -:  192:    void * get_untyped_deleter() BOOST_SP_NOEXCEPT BOOST_OVERRIDE
        -:  193:    {
        -:  194:        return &reinterpret_cast<char&>( del );
        -:  195:    }
        -:  196:
        -:  197:#if defined(BOOST_SP_USE_STD_ALLOCATOR)
        -:  198:
        -:  199:    void * operator new( std::size_t )
        -:  200:    {
        -:  201:        return std::allocator<this_type>().allocate( 1, static_cast<this_type *>(0) );
        -:  202:    }
        -:  203:
        -:  204:    void operator delete( void * p )
        -:  205:    {
        -:  206:        std::allocator<this_type>().deallocate( static_cast<this_type *>(p), 1 );
        -:  207:    }
        -:  208:
        -:  209:#endif
        -:  210:
        -:  211:#if defined(BOOST_SP_USE_QUICK_ALLOCATOR)
        -:  212:
        -:  213:    void * operator new( std::size_t )
        -:  214:    {
        -:  215:        return quick_allocator<this_type>::alloc();
        -:  216:    }
        -:  217:
        -:  218:    void operator delete( void * p )
        -:  219:    {
        -:  220:        quick_allocator<this_type>::dealloc( p );
        -:  221:    }
        -:  222:
        -:  223:#endif
        -:  224:};
        -:  225:
        -:  226:template<class P, class D, class A> class BOOST_SYMBOL_VISIBLE sp_counted_impl_pda: public sp_counted_base
        -:  227:{
        -:  228:private:
        -:  229:
        -:  230:    P p_; // copy constructor must not throw
        -:  231:    D d_; // copy/move constructor must not throw
        -:  232:    A a_; // copy constructor must not throw
        -:  233:
        -:  234:    sp_counted_impl_pda( sp_counted_impl_pda const & );
        -:  235:    sp_counted_impl_pda & operator= ( sp_counted_impl_pda const & );
        -:  236:
        -:  237:    typedef sp_counted_impl_pda<P, D, A> this_type;
        -:  238:
        -:  239:public:
        -:  240:
        -:  241:    // pre: d( p ) must not throw
        -:  242:
        -:  243:#if !defined( BOOST_NO_CXX11_RVALUE_REFERENCES )
        -:  244:
        -:  245:    sp_counted_impl_pda( P p, D & d, A a ): p_( p ), d_( static_cast< D&& >( d ) ), a_( a )
        -:  246:    {
        -:  247:    }
        -:  248:
        -:  249:#else
        -:  250:
        -:  251:    sp_counted_impl_pda( P p, D & d, A a ): p_( p ), d_( d ), a_( a )
        -:  252:    {
        -:  253:    }
        -:  254:
        -:  255:#endif
        -:  256:
        -:  257:    sp_counted_impl_pda( P p, A a ): p_( p ), d_( a ), a_( a )
        -:  258:    {
        -:  259:    }
        -:  260:
        -:  261:    void dispose() BOOST_SP_NOEXCEPT BOOST_OVERRIDE
        -:  262:    {
        -:  263:        d_( p_ );
        -:  264:    }
        -:  265:
        -:  266:    void destroy() BOOST_SP_NOEXCEPT BOOST_OVERRIDE
        -:  267:    {
        -:  268:#if !defined( BOOST_NO_CXX11_ALLOCATOR )
        -:  269:
        -:  270:        typedef typename std::allocator_traits<A>::template rebind_alloc< this_type > A2;
        -:  271:
        -:  272:#else
        -:  273:
        -:  274:        typedef typename A::template rebind< this_type >::other A2;
        -:  275:
        -:  276:#endif
        -:  277:
        -:  278:        A2 a2( a_ );
        -:  279:
        -:  280:        this->~this_type();
        -:  281:
        -:  282:        a2.deallocate( this, 1 );
        -:  283:    }
        -:  284:
        -:  285:    void * get_deleter( sp_typeinfo_ const & ti ) BOOST_SP_NOEXCEPT BOOST_OVERRIDE
        -:  286:    {
        -:  287:        return ti == BOOST_SP_TYPEID_( D )? &reinterpret_cast<char&>( d_ ): 0;
        -:  288:    }
        -:  289:
        -:  290:    void * get_local_deleter( sp_typeinfo_ const & ti ) BOOST_SP_NOEXCEPT BOOST_OVERRIDE
        -:  291:    {
        -:  292:        return ti == BOOST_SP_TYPEID_( D )? boost::detail::get_local_deleter( boost::addressof( d_ ) ): 0;
        -:  293:    }
        -:  294:
        -:  295:    void * get_untyped_deleter() BOOST_SP_NOEXCEPT BOOST_OVERRIDE
        -:  296:    {
        -:  297:        return &reinterpret_cast<char&>( d_ );
        -:  298:    }
        -:  299:};
        -:  300:
        -:  301:#ifdef __CODEGUARD__
        -:  302:# pragma option pop
        -:  303:#endif
        -:  304:
        -:  305:} // namespace detail
        -:  306:
        -:  307:} // namespace boost
        -:  308:
        -:  309:#endif  // #ifndef BOOST_SMART_PTR_DETAIL_SP_COUNTED_IMPL_HPP_INCLUDED
