        -:    0:Source:/usr/lib/x86_64-linux-gnu/openmpi/include/openmpi/ompi/mpi/cxx/topology_inln.h
        -:    0:Graph:/home/m4zz31/cppprojct/cmake-build-debug-coverage/CMakeFiles/cppprojct.dir/main.cpp.gcno
        -:    0:Data:/home/m4zz31/cppprojct/cmake-build-debug-coverage/CMakeFiles/cppprojct.dir/main.cpp.gcda
        -:    0:Runs:1
        -:    0:Programs:1
        -:    1:// -*- c++ -*-
        -:    2://
        -:    3:// Copyright (c) 2004-2005 The Trustees of Indiana University and Indiana
        -:    4://                         University Research and Technology
        -:    5://                         Corporation.  All rights reserved.
        -:    6:// Copyright (c) 2004-2005 The University of Tennessee and The University
        -:    7://                         of Tennessee Research Foundation.  All rights
        -:    8://                         reserved.
        -:    9:// Copyright (c) 2004-2005 High Performance Computing Center Stuttgart,
        -:   10://                         University of Stuttgart.  All rights reserved.
        -:   11:// Copyright (c) 2004-2005 The Regents of the University of California.
        -:   12://                         All rights reserved.
        -:   13:// Copyright (c) 2007      Sun Microsystems, Inc.  All rights reserved.
        -:   14:// Copyright (c) 2011      FUJITSU LIMITED.  All rights reserved.
        -:   15:// Copyright (c) 2016 Cisco Systems, Inc.  All rights reserved.
        -:   16:// $COPYRIGHT$
        -:   17://
        -:   18:// Additional copyrights may follow
        -:   19://
        -:   20:// $HEADER$
        -:   21://
        -:   22:
        -:   23://
        -:   24://   ========   Cartcomm member functions  ========
        -:   25://
        -:   26:
        -:   27:inline
function _ZN3MPI8CartcommC2ERKP19ompi_communicator_t called 0 returned 0% blocks executed 0%
    #####:   28:MPI::Cartcomm::Cartcomm(const MPI_Comm& data) {
    $$$$$:   28-block  0
    $$$$$:   28-block  1
call    0 never executed
    %%%%%:   28-block  2
call    1 never executed
    #####:   29:  int status = 0;
    #####:   30:  if (MPI::Is_initialized() && (data != MPI_COMM_NULL)) {
call    0 never executed
branch  1 never executed
branch  2 never executed
    $$$$$:   30-block  0
branch  3 never executed
branch  4 never executed
    $$$$$:   30-block  1
branch  5 never executed
branch  6 never executed
    $$$$$:   30-block  2
    $$$$$:   30-block  3
    $$$$$:   30-block  4
branch  7 never executed
branch  8 never executed
    #####:   31:    (void)MPI_Topo_test(data, &status) ;
    $$$$$:   31-block  0
call    0 never executed
branch  1 never executed
branch  2 never executed
    #####:   32:    if (status == MPI_CART)
    $$$$$:   32-block  0
branch  0 never executed
branch  1 never executed
    #####:   33:      mpi_comm = data;
    $$$$$:   33-block  0
        -:   34:    else
    #####:   35:      mpi_comm = MPI_COMM_NULL;
    $$$$$:   35-block  0
    $$$$$:   35-block  1
        -:   36:  }
        -:   37:  else {
    #####:   38:    mpi_comm = data;
    $$$$$:   38-block  0
        -:   39:  }
    #####:   40:}
    $$$$$:   40-block  0
    %%%%%:   40-block  1
        -:   41:
        -:   42://
        -:   43:// Groups, Contexts, and Communicators
        -:   44://
        -:   45:
        -:   46:inline MPI::Cartcomm
        -:   47:MPI::Cartcomm::Dup() const
        -:   48:{
        -:   49:  MPI_Comm newcomm;
        -:   50:  (void)MPI_Comm_dup(mpi_comm, &newcomm);
        -:   51:  return newcomm;
        -:   52:}
        -:   53:
        -:   54://
        -:   55://  Process Topologies
        -:   56://
        -:   57:
        -:   58:inline int
function _ZNK3MPI8Cartcomm7Get_dimEv called 0 returned 0% blocks executed 0%
    #####:   59:MPI::Cartcomm::Get_dim() const
    $$$$$:   59-block  0
        -:   60:{
        -:   61:  int ndims;
    #####:   62:  (void)MPI_Cartdim_get(mpi_comm, &ndims);
    $$$$$:   62-block  0
call    0 never executed
branch  1 never executed
branch  2 never executed
    #####:   63:  return ndims;
    $$$$$:   63-block  0
    $$$$$:   63-block  1
        -:   64:}
        -:   65:
        -:   66:inline void
function _ZNK3MPI8Cartcomm8Get_topoEiPiPbS1_ called 0 returned 0% blocks executed 0%
    #####:   67:MPI::Cartcomm::Get_topo(int maxdims, int dims[], bool periods[],
    $$$$$:   67-block  0
        -:   68:			       int coords[]) const
        -:   69:{
    #####:   70:  int *int_periods = new int [maxdims];
    $$$$$:   70-block  0
branch  0 never executed
branch  1 never executed
    $$$$$:   70-block  1
    $$$$$:   70-block  2
call    2 never executed
    $$$$$:   70-block  3
call    3 never executed
        -:   71:  int i;
    #####:   72:  for (i=0; i<maxdims; i++) {
    $$$$$:   72-block  0
branch  0 never executed
branch  1 never executed
    $$$$$:   72-block  1
    #####:   73:    int_periods[i] = (int)periods[i];
        -:   74:  }
    #####:   75:  (void)MPI_Cart_get(mpi_comm, maxdims, dims, int_periods, coords);
    $$$$$:   75-block  0
call    0 never executed
    #####:   76:  for (i=0; i<maxdims; i++) {
    $$$$$:   76-block  0
branch  0 never executed
branch  1 never executed
    $$$$$:   76-block  1
    #####:   77:    periods[i] = OPAL_INT_TO_BOOL(int_periods[i]);
        -:   78:  }
    #####:   79:  delete [] int_periods;
    $$$$$:   79-block  0
branch  0 never executed
branch  1 never executed
    $$$$$:   79-block  1
call    2 never executed
    #####:   80:}
        -:   81:
        -:   82:inline int
function _ZNK3MPI8Cartcomm13Get_cart_rankEPKi called 0 returned 0% blocks executed 0%
    #####:   83:MPI::Cartcomm::Get_cart_rank(const int coords[]) const
    $$$$$:   83-block  0
        -:   84:{
        -:   85:  int myrank;
    #####:   86:  (void)MPI_Cart_rank(mpi_comm, const_cast<int *>(coords), &myrank);
    $$$$$:   86-block  0
call    0 never executed
branch  1 never executed
branch  2 never executed
    #####:   87:  return myrank;
    $$$$$:   87-block  0
    $$$$$:   87-block  1
        -:   88:}
        -:   89:
        -:   90:inline void
function _ZNK3MPI8Cartcomm10Get_coordsEiiPi called 0 returned 0% blocks executed 0%
    #####:   91:MPI::Cartcomm::Get_coords(int rank, int maxdims, int coords[]) const
    $$$$$:   91-block  0
        -:   92:{
    #####:   93:  (void)MPI_Cart_coords(mpi_comm, rank, maxdims, coords);
    $$$$$:   93-block  0
call    0 never executed
    #####:   94:}
        -:   95:
        -:   96:inline void
function _ZNK3MPI8Cartcomm5ShiftEiiRiS1_ called 0 returned 0% blocks executed 0%
    #####:   97:MPI::Cartcomm::Shift(int direction, int disp,
    $$$$$:   97-block  0
        -:   98:			    int &rank_source, int &rank_dest) const
        -:   99:{
    #####:  100:  (void)MPI_Cart_shift(mpi_comm, direction, disp, &rank_source, &rank_dest);
    $$$$$:  100-block  0
call    0 never executed
    #####:  101:}
        -:  102:
        -:  103:inline MPI::Cartcomm
function _ZNK3MPI8Cartcomm3SubEPKb called 0 returned 0% blocks executed 0%
    #####:  104:MPI::Cartcomm::Sub(const bool remain_dims[]) const
    $$$$$:  104-block  0
        -:  105:{
        -:  106:  int ndims;
    #####:  107:  MPI_Cartdim_get(mpi_comm, &ndims);
    $$$$$:  107-block  0
call    0 never executed
branch  1 never executed
branch  2 never executed
    #####:  108:  int* int_remain_dims = new int[ndims];
    $$$$$:  108-block  0
branch  0 never executed
branch  1 never executed
    $$$$$:  108-block  1
    $$$$$:  108-block  2
call    2 never executed
    $$$$$:  108-block  3
call    3 never executed
branch  4 never executed
branch  5 never executed
    #####:  109:  for (int i=0; i<ndims; i++) {
    $$$$$:  109-block  0
    $$$$$:  109-block  1
branch  0 never executed
branch  1 never executed
    $$$$$:  109-block  2
    #####:  110:    int_remain_dims[i] = (int)remain_dims[i];
        -:  111:  }
        -:  112:  MPI_Comm newcomm;
    #####:  113:  (void)MPI_Cart_sub(mpi_comm, int_remain_dims, &newcomm);
    $$$$$:  113-block  0
call    0 never executed
branch  1 never executed
branch  2 never executed
    #####:  114:  delete [] int_remain_dims;
    $$$$$:  114-block  0
branch  0 never executed
branch  1 never executed
    $$$$$:  114-block  1
call    2 never executed
    #####:  115:  return newcomm;
    $$$$$:  115-block  0
call    0 never executed
branch  1 never executed
branch  2 never executed
    $$$$$:  115-block  1
    $$$$$:  115-block  2
    $$$$$:  115-block  3
        -:  116:}
        -:  117:
        -:  118:inline int
function _ZNK3MPI8Cartcomm3MapEiPKiPKb called 0 returned 0% blocks executed 0%
    #####:  119:MPI::Cartcomm::Map(int ndims, const int dims[], const bool periods[]) const
    $$$$$:  119-block  0
        -:  120:{
    #####:  121:  int *int_periods = new int [ndims];
    $$$$$:  121-block  0
branch  0 never executed
branch  1 never executed
    $$$$$:  121-block  1
    $$$$$:  121-block  2
call    2 never executed
    $$$$$:  121-block  3
call    3 never executed
branch  4 never executed
branch  5 never executed
    #####:  122:  for (int i=0; i<ndims; i++) {
    $$$$$:  122-block  0
    $$$$$:  122-block  1
branch  0 never executed
branch  1 never executed
    $$$$$:  122-block  2
    #####:  123:    int_periods[i] = (int) periods[i];
        -:  124:  }
        -:  125:  int newrank;
    #####:  126:  (void)MPI_Cart_map(mpi_comm, ndims, const_cast<int *>(dims), int_periods, &newrank);
    $$$$$:  126-block  0
call    0 never executed
branch  1 never executed
branch  2 never executed
    #####:  127:  delete [] int_periods;
    $$$$$:  127-block  0
branch  0 never executed
branch  1 never executed
    $$$$$:  127-block  1
call    2 never executed
    #####:  128:  return newrank;
    $$$$$:  128-block  0
    $$$$$:  128-block  1
        -:  129:}
        -:  130:
        -:  131:
        -:  132:inline MPI::Cartcomm&
function _ZNK3MPI8Cartcomm5CloneEv called 0 returned 0% blocks executed 0%
    #####:  133:MPI::Cartcomm::Clone() const
    $$$$$:  133-block  0
        -:  134:{
        -:  135:  MPI_Comm newcomm;
    #####:  136:  (void)MPI_Comm_dup(mpi_comm, &newcomm);
    $$$$$:  136-block  0
call    0 never executed
branch  1 never executed
branch  2 never executed
    #####:  137:  MPI::Cartcomm* dup = new MPI::Cartcomm(newcomm);
    $$$$$:  137-block  0
call    0 never executed
branch  1 never executed
branch  2 never executed
    $$$$$:  137-block  1
call    3 never executed
branch  4 never executed
branch  5 never executed
    %%%%%:  137-block  2
call    6 never executed
    #####:  138:  return *dup;
    $$$$$:  138-block  0
    $$$$$:  138-block  1
        -:  139:}
        -:  140:
        -:  141://
        -:  142://   ========   Graphcomm member functions  ========
        -:  143://
        -:  144:
        -:  145:inline
function _ZN3MPI9GraphcommC2ERKP19ompi_communicator_t called 0 returned 0% blocks executed 0%
    #####:  146:MPI::Graphcomm::Graphcomm(const MPI_Comm& data) {
    $$$$$:  146-block  0
    $$$$$:  146-block  1
call    0 never executed
    %%%%%:  146-block  2
call    1 never executed
    #####:  147:  int status = 0;
    #####:  148:  if (MPI::Is_initialized() && (data != MPI_COMM_NULL)) {
call    0 never executed
branch  1 never executed
branch  2 never executed
    $$$$$:  148-block  0
branch  3 never executed
branch  4 never executed
    $$$$$:  148-block  1
branch  5 never executed
branch  6 never executed
    $$$$$:  148-block  2
    $$$$$:  148-block  3
    $$$$$:  148-block  4
branch  7 never executed
branch  8 never executed
    #####:  149:    (void)MPI_Topo_test(data, &status) ;
    $$$$$:  149-block  0
call    0 never executed
branch  1 never executed
branch  2 never executed
    #####:  150:    if (status == MPI_GRAPH)
    $$$$$:  150-block  0
branch  0 never executed
branch  1 never executed
    #####:  151:      mpi_comm = data;
    $$$$$:  151-block  0
        -:  152:    else
    #####:  153:      mpi_comm = MPI_COMM_NULL;
    $$$$$:  153-block  0
    $$$$$:  153-block  1
        -:  154:  }
        -:  155:  else {
    #####:  156:    mpi_comm = data;
    $$$$$:  156-block  0
        -:  157:  }
    #####:  158:}
    $$$$$:  158-block  0
    %%%%%:  158-block  1
        -:  159:
        -:  160://
        -:  161:// Groups, Contexts, and Communicators
        -:  162://
        -:  163:
        -:  164:inline MPI::Graphcomm
        -:  165:MPI::Graphcomm::Dup() const
        -:  166:{
        -:  167:  MPI_Comm newcomm;
        -:  168:  (void)MPI_Comm_dup(mpi_comm, &newcomm);
        -:  169:  return newcomm;
        -:  170:}
        -:  171:
        -:  172://
        -:  173://  Process Topologies
        -:  174://
        -:  175:
        -:  176:inline void
function _ZNK3MPI9Graphcomm8Get_dimsEPiS1_ called 0 returned 0% blocks executed 0%
    #####:  177:MPI::Graphcomm::Get_dims(int nnodes[], int nedges[]) const
    $$$$$:  177-block  0
        -:  178:{
    #####:  179:  (void)MPI_Graphdims_get(mpi_comm, nnodes, nedges);
    $$$$$:  179-block  0
call    0 never executed
    #####:  180:}
        -:  181:
        -:  182:inline void
function _ZNK3MPI9Graphcomm8Get_topoEiiPiS1_ called 0 returned 0% blocks executed 0%
    #####:  183:MPI::Graphcomm::Get_topo(int maxindex, int maxedges, int index[],
    $$$$$:  183-block  0
        -:  184:	 int edges[]) const
        -:  185:{
    #####:  186:  (void)MPI_Graph_get(mpi_comm, maxindex, maxedges, index, edges);
    $$$$$:  186-block  0
call    0 never executed
    #####:  187:}
        -:  188:
        -:  189:inline int
function _ZNK3MPI9Graphcomm19Get_neighbors_countEi called 0 returned 0% blocks executed 0%
    #####:  190:MPI::Graphcomm::Get_neighbors_count(int rank) const
    $$$$$:  190-block  0
        -:  191:{
        -:  192:  int nneighbors;
    #####:  193:  (void)MPI_Graph_neighbors_count(mpi_comm, rank, &nneighbors);
    $$$$$:  193-block  0
call    0 never executed
branch  1 never executed
branch  2 never executed
    #####:  194:  return nneighbors;
    $$$$$:  194-block  0
    $$$$$:  194-block  1
        -:  195:}
        -:  196:
        -:  197:inline void
function _ZNK3MPI9Graphcomm13Get_neighborsEiiPi called 0 returned 0% blocks executed 0%
    #####:  198:MPI::Graphcomm::Get_neighbors(int rank, int maxneighbors,
    $$$$$:  198-block  0
        -:  199:	      int neighbors[]) const
        -:  200:{
    #####:  201:  (void)MPI_Graph_neighbors(mpi_comm, rank, maxneighbors, neighbors);
    $$$$$:  201-block  0
call    0 never executed
    #####:  202:}
        -:  203:
        -:  204:inline int
function _ZNK3MPI9Graphcomm3MapEiPKiS2_ called 0 returned 0% blocks executed 0%
    #####:  205:MPI::Graphcomm::Map(int nnodes, const int index[],
    $$$$$:  205-block  0
        -:  206:    const int edges[]) const
        -:  207:{
        -:  208:  int newrank;
    #####:  209:  (void)MPI_Graph_map(mpi_comm, nnodes, const_cast<int *>(index), const_cast<int *>(edges), &newrank);
    $$$$$:  209-block  0
call    0 never executed
branch  1 never executed
branch  2 never executed
    #####:  210:  return newrank;
    $$$$$:  210-block  0
    $$$$$:  210-block  1
        -:  211:}
        -:  212:
        -:  213:inline MPI::Graphcomm&
function _ZNK3MPI9Graphcomm5CloneEv called 0 returned 0% blocks executed 0%
    #####:  214:MPI::Graphcomm::Clone() const
    $$$$$:  214-block  0
        -:  215:{
        -:  216:  MPI_Comm newcomm;
    #####:  217:  (void)MPI_Comm_dup(mpi_comm, &newcomm);
    $$$$$:  217-block  0
call    0 never executed
branch  1 never executed
branch  2 never executed
    #####:  218:  MPI::Graphcomm* dup = new MPI::Graphcomm(newcomm);
    $$$$$:  218-block  0
call    0 never executed
branch  1 never executed
branch  2 never executed
    $$$$$:  218-block  1
call    3 never executed
branch  4 never executed
branch  5 never executed
    %%%%%:  218-block  2
call    6 never executed
    #####:  219:  return *dup;
    $$$$$:  219-block  0
    $$$$$:  219-block  1
        -:  220:}
