        -:    0:Source:/usr/lib/x86_64-linux-gnu/openmpi/include/openmpi/ompi/mpi/cxx/intercomm_inln.h
        -:    0:Graph:/home/m4zz31/cppprojct/cmake-build-debug-coverage/CMakeFiles/cppprojct.dir/main.cpp.gcno
        -:    0:Data:/home/m4zz31/cppprojct/cmake-build-debug-coverage/CMakeFiles/cppprojct.dir/main.cpp.gcda
        -:    0:Runs:1
        -:    0:Programs:1
        -:    1:// -*- c++ -*-
        -:    2://
        -:    3:// Copyright (c) 2004-2005 The Trustees of Indiana University and Indiana
        -:    4://                         University Research and Technology
        -:    5://                         Corporation.  All rights reserved.
        -:    6:// Copyright (c) 2004-2005 The University of Tennessee and The University
        -:    7://                         of Tennessee Research Foundation.  All rights
        -:    8://                         reserved.
        -:    9:// Copyright (c) 2004-2005 High Performance Computing Center Stuttgart,
        -:   10://                         University of Stuttgart.  All rights reserved.
        -:   11:// Copyright (c) 2004-2005 The Regents of the University of California.
        -:   12://                         All rights reserved.
        -:   13:// Copyright (c) 2011      FUJITSU LIMITED.  All rights reserved.
        -:   14:// $COPYRIGHT$
        -:   15://
        -:   16:// Additional copyrights may follow
        -:   17://
        -:   18:// $HEADER$
        -:   19://
        -:   20:
        -:   21:inline MPI::Intercomm
        -:   22:MPI::Intercomm::Dup() const
        -:   23:{
        -:   24:  MPI_Comm newcomm;
        -:   25:  (void)MPI_Comm_dup(mpi_comm, &newcomm);
        -:   26:  return newcomm;
        -:   27:}
        -:   28:
        -:   29:inline MPI::Intercomm&
function _ZNK3MPI9Intercomm5CloneEv called 0 returned 0% blocks executed 0%
    #####:   30:MPI::Intercomm::Clone() const
    $$$$$:   30-block  0
        -:   31:{
        -:   32:  MPI_Comm newcomm;
    #####:   33:  (void)MPI_Comm_dup(mpi_comm, &newcomm);
    $$$$$:   33-block  0
call    0 never executed
branch  1 never executed
branch  2 never executed
    #####:   34:  MPI::Intercomm* dup = new MPI::Intercomm(newcomm);
    $$$$$:   34-block  0
call    0 never executed
branch  1 never executed
branch  2 never executed
    $$$$$:   34-block  1
call    3 never executed
    #####:   35:  return *dup;
    $$$$$:   35-block  0
        -:   36:}
        -:   37:
        -:   38:inline int
function _ZNK3MPI9Intercomm15Get_remote_sizeEv called 0 returned 0% blocks executed 0%
    #####:   39:MPI::Intercomm::Get_remote_size() const
    $$$$$:   39-block  0
        -:   40:{
        -:   41:  int size;
    #####:   42:  (void)MPI_Comm_remote_size(mpi_comm, &size);
    $$$$$:   42-block  0
call    0 never executed
branch  1 never executed
branch  2 never executed
    #####:   43:  return size;
    $$$$$:   43-block  0
    $$$$$:   43-block  1
        -:   44:}
        -:   45:
        -:   46:inline MPI::Group
function _ZNK3MPI9Intercomm16Get_remote_groupEv called 0 returned 0% blocks executed 0%
    #####:   47:MPI::Intercomm::Get_remote_group() const
    $$$$$:   47-block  0
        -:   48:{
        -:   49:  MPI_Group group;
    #####:   50:  (void)MPI_Comm_remote_group(mpi_comm, &group);
    $$$$$:   50-block  0
call    0 never executed
branch  1 never executed
branch  2 never executed
    #####:   51:  return group;
    $$$$$:   51-block  0
call    0 never executed
    $$$$$:   51-block  1
        -:   52:}
        -:   53:
        -:   54:inline MPI::Intracomm
function _ZNK3MPI9Intercomm5MergeEb called 0 returned 0% blocks executed 0%
    #####:   55:MPI::Intercomm::Merge(bool high) const
    $$$$$:   55-block  0
        -:   56:{
        -:   57:  MPI_Comm newcomm;
    #####:   58:  (void)MPI_Intercomm_merge(mpi_comm, (int)high, &newcomm);
    $$$$$:   58-block  0
call    0 never executed
branch  1 never executed
branch  2 never executed
    #####:   59:  return newcomm;
    $$$$$:   59-block  0
call    0 never executed
branch  1 never executed
branch  2 never executed
    $$$$$:   59-block  1
    $$$$$:   59-block  2
    $$$$$:   59-block  3
        -:   60:}
        -:   61:
        -:   62:
        -:   63://
        -:   64:// Extended Collective Operations
        -:   65://
        -:   66:
        -:   67:inline MPI::Intercomm
function _ZNK3MPI9Intercomm6CreateERKNS_5GroupE called 0 returned 0% blocks executed 0%
    #####:   68:MPI::Intercomm::Create(const Group& group) const
    $$$$$:   68-block  0
        -:   69:{
        -:   70:  MPI_Comm newcomm;
    #####:   71:  (void) MPI_Comm_create(mpi_comm, (MPI_Group) group, &newcomm);
    $$$$$:   71-block  0
call    0 never executed
call    1 never executed
branch  2 never executed
branch  3 never executed
    #####:   72:  return newcomm;
    $$$$$:   72-block  0
call    0 never executed
    $$$$$:   72-block  1
        -:   73:}
        -:   74:
        -:   75:inline MPI::Intercomm
function _ZNK3MPI9Intercomm5SplitEii called 0 returned 0% blocks executed 0%
    #####:   76:MPI::Intercomm::Split(int color, int key) const
    $$$$$:   76-block  0
        -:   77:{
        -:   78:  MPI_Comm newcomm;
    #####:   79:  (void) MPI_Comm_split(mpi_comm, color, key, &newcomm);
    $$$$$:   79-block  0
call    0 never executed
branch  1 never executed
branch  2 never executed
    #####:   80:  return newcomm;
    $$$$$:   80-block  0
call    0 never executed
    $$$$$:   80-block  1
        -:   81:}
