        -:    0:Source:/home/m4zz31/cppprojct/Solvers/RungeKuttaSolver.h
        -:    0:Graph:/home/m4zz31/cppprojct/cmake-build-debug-coverage/CMakeFiles/cppprojct.dir/main.cpp.gcno
        -:    0:Data:/home/m4zz31/cppprojct/cmake-build-debug-coverage/CMakeFiles/cppprojct.dir/main.cpp.gcda
        -:    0:Runs:1
        -:    0:Programs:1
        -:    1://
        -:    2:// Created by m4zz31 on 3/11/21.
        -:    3://
        -:    4:
        -:    5:#ifndef CPPPROJCT_RUNGEKUTTASOLVER_H
        -:    6:#define CPPPROJCT_RUNGEKUTTASOLVER_H
        -:    7:
        -:    8:#include "GeneralSolver.h"
        -:    9:
        -:   10:
        -:   11:template <typename Equation>
        -:   12:class RungeKuttaSolver {
        -:   13:public:
function _ZN16RungeKuttaSolverI17NoiselessKuramotoEC2Ev called 1 returned 100% blocks executed 100%
        1:   14:    RungeKuttaSolver(){};
        1:   14-block  0
        -:   15:    double evolve(double t,
        -:   16:                  double h,
        -:   17:                  double a,
        -:   18:                  std::vector<double> &b,
        -:   19:                  std::vector<double> &c,
        -:   20:                  std::vector<double> &d,
        -:   21:                  Equation &E,//auto F,// ScalarFlow &F,
        -:   22:                  FlowSpecs &Specs);
        -:   23:};
        -:   24:
        -:   25:
        -:   26:
        -:   27:template <typename Equation>
        -:   28:double RungeKuttaSolver<Equation>::evolve(double t,
        -:   29:                                     double h,
        -:   30:                                     double a,
        -:   31:                                     std::vector<double> &b,
        -:   32:                                     std::vector<double> &c,
        -:   33:                                     std::vector<double> &d,
        -:   34:                                     Equation &E,//ScalarFlow &F,
        -:   35:                                     FlowSpecs &Specs){
        -:   36:
        -:   37:    return 1.0;
        -:   38:}
        -:   39:
        -:   40:
        -:   41:#endif //CPPPROJCT_RUNGEKUTTASOLVER_H
