        -:    0:Source:/usr/include/c++/7/bits/move.h
        -:    0:Graph:/home/m4zz31/cppprojct/cmake-build-debug-coverage/CMakeFiles/cppprojct.dir/main.cpp.gcno
        -:    0:Data:/home/m4zz31/cppprojct/cmake-build-debug-coverage/CMakeFiles/cppprojct.dir/main.cpp.gcda
        -:    0:Runs:1
        -:    0:Programs:1
        -:    1:// Move, forward and identity for C++11 + swap -*- C++ -*-
        -:    2:
        -:    3:// Copyright (C) 2007-2017 Free Software Foundation, Inc.
        -:    4://
        -:    5:// This file is part of the GNU ISO C++ Library.  This library is free
        -:    6:// software; you can redistribute it and/or modify it under the
        -:    7:// terms of the GNU General Public License as published by the
        -:    8:// Free Software Foundation; either version 3, or (at your option)
        -:    9:// any later version.
        -:   10:
        -:   11:// This library is distributed in the hope that it will be useful,
        -:   12:// but WITHOUT ANY WARRANTY; without even the implied warranty of
        -:   13:// MERCHANTABILITY or FITNESS FOR A PARTICULAR PURPOSE.  See the
        -:   14:// GNU General Public License for more details.
        -:   15:
        -:   16:// Under Section 7 of GPL version 3, you are granted additional
        -:   17:// permissions described in the GCC Runtime Library Exception, version
        -:   18:// 3.1, as published by the Free Software Foundation.
        -:   19:
        -:   20:// You should have received a copy of the GNU General Public License and
        -:   21:// a copy of the GCC Runtime Library Exception along with this program;
        -:   22:// see the files COPYING3 and COPYING.RUNTIME respectively.  If not, see
        -:   23:// <http://www.gnu.org/licenses/>.
        -:   24:
        -:   25:/** @file bits/move.h
        -:   26: *  This is an internal header file, included by other library headers.
        -:   27: *  Do not attempt to use it directly. @headername{utility}
        -:   28: */
        -:   29:
        -:   30:#ifndef _MOVE_H
        -:   31:#define _MOVE_H 1
        -:   32:
        -:   33:#include <bits/c++config.h>
        -:   34:#include <bits/concept_check.h>
        -:   35:
        -:   36:namespace std _GLIBCXX_VISIBILITY(default)
        -:   37:{
        -:   38:_GLIBCXX_BEGIN_NAMESPACE_VERSION
        -:   39:
        -:   40:  // Used, in C++03 mode too, by allocators, etc.
        -:   41:  /**
        -:   42:   *  @brief Same as C++11 std::addressof
        -:   43:   *  @ingroup utilities
        -:   44:   */
        -:   45:  template<typename _Tp>
        -:   46:    inline _GLIBCXX_CONSTEXPR _Tp*
function _ZSt11__addressofISaISt10_List_nodeIN5boost6detail8parallel14stored_in_edgeINS2_14edge_desc_implINS1_12directed_tagEmEEEEEEEPT_RSB_ called 200 returned 100% blocks executed 100%
function _ZSt11__addressofISt10_List_nodeImEEPT_RS2_ called 0 returned 0% blocks executed 0%
function _ZSt11__addressofISaISt10_List_nodeISt5tupleIJdiiEEEEEPT_RS5_ called 199500 returned 100% blocks executed 100%
function _ZSt11__addressofISaISt10_List_nodeISt5tupleIJddmEEEEEPT_RS5_ called 500 returned 100% blocks executed 100%
function _ZSt11__addressofISt4pairIddEEPT_RS2_ called 256 returned 100% blocks executed 100%
function _ZSt11__addressofIN5boost6detail20stored_edge_propertyImNS0_8propertyINS0_26edge_target_processor_id_tEs11DynamicEdgeEEEEEPT_RS8_ called 202 returned 100% blocks executed 100%
function _ZSt11__addressofIKcEPT_RS1_ called 181 returned 100% blocks executed 100%
function _ZSt11__addressofI15IntegrationCellEPT_RS1_ called 400 returned 100% blocks executed 100%
function _ZSt11__addressofI12ParallelCellEPT_RS1_ called 400 returned 100% blocks executed 100%
function _ZSt11__addressofIN5boost6detail12adj_list_genINS0_14adjacency_listINS0_4vecSES4_NS0_9directedSENS0_8propertyINS0_17vertex_in_edges_tENSt7__cxx114listINS1_8parallel14stored_in_edgeINS1_14edge_desc_implINS0_12directed_tagEmEEEESaISF_EEE11DynamicNodeEENS6_INS0_26edge_target_processor_id_tEs11DynamicEdgeEENS0_11no_propertyENS0_5listSEEES4_S4_S5_SJ_SM_SN_SO_E6config13stored_vertexEEPT_RST_ called 400 returned 100% blocks executed 100%
function _ZSt11__addressofINSt7__cxx114listISt5tupleIJdiiEESaIS3_EEEEPT_RS6_ called 4800 returned 100% blocks executed 100%
function _ZSt11__addressofINSt7__cxx114listISt5tupleIJddmEESaIS3_EEEEPT_RS6_ called 2400 returned 100% blocks executed 100%
function _ZSt11__addressofIcEPT_RS0_ called 9437374 returned 100% blocks executed 100%
  9646613:   47:    __addressof(_Tp& __r) _GLIBCXX_NOEXCEPT
      200:   47-block  0
    $$$$$:   47-block  1
   199500:   47-block  2
      500:   47-block  3
      256:   47-block  4
      202:   47-block  5
      181:   47-block  6
      400:   47-block  7
      400:   47-block  8
      400:   47-block  9
     4800:   47-block 10
     2400:   47-block 11
  9437374:   47-block 12
  9646613:   48:    { return __builtin_addressof(__r); }
      200:   48-block  0
    $$$$$:   48-block  1
   199500:   48-block  2
      500:   48-block  3
      256:   48-block  4
      202:   48-block  5
      181:   48-block  6
      400:   48-block  7
      400:   48-block  8
      400:   48-block  9
     4800:   48-block 10
     2400:   48-block 11
  9437374:   48-block 12
        -:   49:
        -:   50:_GLIBCXX_END_NAMESPACE_VERSION
        -:   51:} // namespace
        -:   52:
        -:   53:#if __cplusplus >= 201103L
        -:   54:#include <type_traits> // Brings in std::declval too.
        -:   55:
        -:   56:namespace std _GLIBCXX_VISIBILITY(default)
        -:   57:{
        -:   58:_GLIBCXX_BEGIN_NAMESPACE_VERSION
        -:   59:
        -:   60:  /**
        -:   61:   *  @addtogroup utilities
        -:   62:   *  @{
        -:   63:   */
        -:   64:
        -:   65:  /**
        -:   66:   *  @brief  Forward an lvalue.
        -:   67:   *  @return The parameter cast to the specified type.
        -:   68:   *
        -:   69:   *  This function is used to implement "perfect forwarding".
        -:   70:   */
        -:   71:  template<typename _Tp>
        -:   72:    constexpr _Tp&&
function _ZSt7forwardIRKN5boost6detail20stored_edge_propertyImNS0_8propertyINS0_26edge_target_processor_id_tEs11DynamicEdgeEEEEEOT_RNSt16remove_referenceISA_E4typeE called 1 returned 100% blocks executed 100%
function _ZSt7forwardIRPN5boost8propertyINS0_26edge_target_processor_id_tEs11DynamicEdgeEEEOT_RNSt16remove_referenceIS7_E4typeE called 603 returned 100% blocks executed 100%
function _ZSt7forwardISt14default_deleteIN5boost8propertyINS1_26edge_target_processor_id_tEs11DynamicEdgeEEEEOT_RNSt16remove_referenceIS7_E4typeE called 1206 returned 100% blocks executed 100%
function _ZSt7forwardIN9__gnu_cxx17__normal_iteratorIPN5boost6detail20stored_edge_propertyImNS2_8propertyINS2_26edge_target_processor_id_tEs11DynamicEdgeEEEESt6vectorIS9_SaIS9_EEEEEOT_RNSt16remove_referenceISF_E4typeE called 400 returned 100% blocks executed 100%
function _ZSt7forwardIRKSt4pairIddEEOT_RNSt16remove_referenceIS4_E4typeE called 407 returned 100% blocks executed 100%
function _ZSt7forwardIN5boost6detail14edge_desc_implINS0_12directed_tagEmEEEOT_RNSt16remove_referenceIS5_E4typeE called 400 returned 100% blocks executed 100%
function _ZSt7forwardIN5boost6detail20stored_edge_propertyImNS0_8propertyINS0_26edge_target_processor_id_tEs11DynamicEdgeEEEEEOT_RNSt16remove_referenceIS8_E4typeE called 1200 returned 100% blocks executed 100%
function _ZSt7forwardIRKN5boost6detail8parallel14stored_in_edgeINS1_14edge_desc_implINS0_12directed_tagEmEEEEEOT_RNSt16remove_referenceISA_E4typeE called 800 returned 100% blocks executed 100%
function _ZSt7forwardIRmEOT_RNSt16remove_referenceIS1_E4typeE called 381310 returned 100% blocks executed 100%
function _ZSt7forwardIRsEOT_RNSt16remove_referenceIS1_E4typeE called 381310 returned 100% blocks executed 100%
function _ZSt7forwardIRKN5boost5graph11distributed17mpi_process_group14message_headerEEOT_RNSt16remove_referenceIS7_E4typeE called 0 returned 0% blocks executed 0%
function _ZSt7forwardISt14_List_iteratorIN5boost6detail8parallel14stored_in_edgeINS2_14edge_desc_implINS1_12directed_tagEmEEEEEEOT_RNSt16remove_referenceISA_E4typeE called 400 returned 100% blocks executed 100%
function _ZSt7forwardIRKlEOT_RNSt16remove_referenceIS2_E4typeE called 201500 returned 100% blocks executed 100%
function _ZSt7forwardIN5boost9iterators18transform_iteratorINS0_6detail8parallel15edge_descriptorINS3_14edge_desc_implINS0_12directed_tagEmEEE13out_generatorINS0_14adjacency_listINS0_4vecSENS0_12distributedSINS0_5graph11distributed17mpi_process_groupESC_NS0_8defaultSEEENS0_14bidirectionalSE11DynamicNode11DynamicEdgeNS0_11no_propertyENS0_5listSEEEEENS3_13out_edge_iterIN9__gnu_cxx17__normal_iteratorIPNS3_20stored_edge_propertyImNS0_8propertyINS0_26edge_target_processor_id_tEsSL_EEEESt6vectorISX_SaISX_EEEEmS8_lEENS0_11use_defaultES14_EEEOT_RNSt16remove_referenceIS16_E4typeE called 2004000 returned 100% blocks executed 100%
function _ZSt7forwardIRN5boost6detail8parallel15edge_descriptorINS1_14edge_desc_implINS0_12directed_tagEmEEEEEOT_RNSt16remove_referenceIS9_E4typeE called 200 returned 100% blocks executed 100%
function _ZSt7forwardIN5boost6detail13out_edge_iterIN9__gnu_cxx17__normal_iteratorIPNS1_20stored_edge_propertyImNS0_8propertyINS0_26edge_target_processor_id_tEs11DynamicEdgeEEEESt6vectorISA_SaISA_EEEEmNS1_14edge_desc_implINS0_12directed_tagEmEElEEEOT_RNSt16remove_referenceISK_E4typeE called 4009196 returned 100% blocks executed 100%
function _ZSt7forwardIN5boost6detail12adj_list_genINS0_14adjacency_listINS0_4vecSES4_NS0_9directedSENS0_8propertyINS0_17vertex_in_edges_tENSt7__cxx114listINS1_8parallel14stored_in_edgeINS1_14edge_desc_implINS0_12directed_tagEmEEEESaISF_EEE11DynamicNodeEENS6_INS0_26edge_target_processor_id_tEs11DynamicEdgeEENS0_11no_propertyENS0_5listSEEES4_S4_S5_SJ_SM_SN_SO_E6config13stored_vertexEEOT_RNSt16remove_referenceIST_E4typeE called 0 returned 0% blocks executed 0%
function _ZSt7forwardIN5boost6detail8parallel15edge_descriptorINS1_14edge_desc_implINS0_12directed_tagEmEEEEEOT_RNSt16remove_referenceIS8_E4typeE called 202000 returned 100% blocks executed 100%
function _ZSt7forwardIN5boost9iterators18transform_iteratorINS0_6detail8parallel15edge_descriptorINS3_14edge_desc_implINS0_12directed_tagEmEEE12in_generatorINS0_14adjacency_listINS0_4vecSENS0_12distributedSINS0_5graph11distributed17mpi_process_groupESC_NS0_8defaultSEEENS0_14bidirectionalSE11DynamicNode11DynamicEdgeNS0_11no_propertyENS0_5listSEEEEESt20_List_const_iteratorINS4_14stored_in_edgeIS8_EEENS0_11use_defaultESU_EEEOT_RNSt16remove_referenceISW_E4typeE called 800000 returned 100% blocks executed 100%
function _ZSt7forwardIN5boost18adjacency_iteratorINS0_14adjacency_listINS0_4vecSENS0_12distributedSINS0_5graph11distributed17mpi_process_groupES3_NS0_8defaultSEEENS0_14bidirectionalSE11DynamicNode11DynamicEdgeNS0_11no_propertyENS0_5listSEEENS0_6detail8parallel17global_descriptorImEENS0_9iterators18transform_iteratorINSH_15edge_descriptorINSG_14edge_desc_implINS0_12directed_tagEmEEE13out_generatorISF_EENSG_13out_edge_iterIN9__gnu_cxx17__normal_iteratorIPNSG_20stored_edge_propertyImNS0_8propertyINS0_26edge_target_processor_id_tEsSC_EEEESt6vectorIS10_SaIS10_EEEEmSP_lEENS0_11use_defaultES17_EElEEEOT_RNSt16remove_referenceIS1A_E4typeE called 800000 returned 100% blocks executed 100%
function _ZSt7forwardIN5boost9iterators18transform_iteratorINS0_6detail8parallel17global_descriptorImE9generatorENS0_12range_detail16integer_iteratorImEENS0_11use_defaultESB_EEEOT_RNSt16remove_referenceISD_E4typeE called 4004 returned 100% blocks executed 100%
function _ZSt7forwardIRN5boost6detail8parallel14stored_in_edgeINS1_14edge_desc_implINS0_12directed_tagEmEEEEEOT_RNSt16remove_referenceIS9_E4typeE called 400 returned 100% blocks executed 100%
function _ZSt7forwardIsEOT_RNSt16remove_referenceIS0_E4typeE called 1795500 returned 100% blocks executed 100%
function _ZSt7forwardIRdEOT_RNSt16remove_referenceIS1_E4typeE called 804500 returned 100% blocks executed 100%
function _ZSt7forwardIRKcEOT_RNSt16remove_referenceIS2_E4typeE called 24 returned 100% blocks executed 100%
function _ZSt7forwardIcEOT_RNSt16remove_referenceIS0_E4typeE called 9437250 returned 100% blocks executed 100%
function _ZSt7forwardIN5boost12range_detail16integer_iteratorImEEEOT_RNSt16remove_referenceIS4_E4typeE called 8012 returned 100% blocks executed 100%
function _ZSt7forwardIRbEOT_RNSt16remove_referenceIS1_E4typeE called 600 returned 100% blocks executed 100%
function _ZSt7forwardIdEOT_RNSt16remove_referenceIS0_E4typeE called 800000 returned 100% blocks executed 100%
function _ZSt7forwardIRKiEOT_RNSt16remove_referenceIS2_E4typeE called 48 returned 100% blocks executed 100%
function _ZSt7forwardIRKP15ompi_datatype_tEOT_RNSt16remove_referenceIS4_E4typeE called 0 returned 0% blocks executed 0%
function _ZSt7forwardIlEOT_RNSt16remove_referenceIS0_E4typeE called 0 returned 0% blocks executed 0%
function _ZSt7forwardImEOT_RNSt16remove_referenceIS0_E4typeE called 2000000 returned 100% blocks executed 100%
function _ZSt7forwardIbEOT_RNSt16remove_referenceIS0_E4typeE called 202800 returned 100% blocks executed 100%
 23838071:   73:    forward(typename std::remove_reference<_Tp>::type& __t) noexcept
        1:   73-block  0
      603:   73-block  1
     1206:   73-block  2
      400:   73-block  3
      407:   73-block  4
      400:   73-block  5
     1200:   73-block  6
      800:   73-block  7
   381310:   73-block  8
   381310:   73-block  9
    $$$$$:   73-block 10
      400:   73-block 11
   201500:   73-block 12
  2004000:   73-block 13
      200:   73-block 14
  4009196:   73-block 15
    $$$$$:   73-block 16
   202000:   73-block 17
   800000:   73-block 18
   800000:   73-block 19
     4004:   73-block 20
      400:   73-block 21
  1795500:   73-block 22
   804500:   73-block 23
       24:   73-block 24
  9437250:   73-block 25
     8012:   73-block 26
      600:   73-block 27
   800000:   73-block 28
       48:   73-block 29
    $$$$$:   73-block 30
    $$$$$:   73-block 31
  2000000:   73-block 32
   202800:   73-block 33
 23838071:   74:    { return static_cast<_Tp&&>(__t); }
        1:   74-block  0
      603:   74-block  1
     1206:   74-block  2
      400:   74-block  3
      407:   74-block  4
      400:   74-block  5
     1200:   74-block  6
      800:   74-block  7
   381310:   74-block  8
   381310:   74-block  9
    $$$$$:   74-block 10
      400:   74-block 11
   201500:   74-block 12
  2004000:   74-block 13
      200:   74-block 14
  4009196:   74-block 15
    $$$$$:   74-block 16
   202000:   74-block 17
   800000:   74-block 18
   800000:   74-block 19
     4004:   74-block 20
      400:   74-block 21
  1795500:   74-block 22
   804500:   74-block 23
       24:   74-block 24
  9437250:   74-block 25
     8012:   74-block 26
      600:   74-block 27
   800000:   74-block 28
       48:   74-block 29
    $$$$$:   74-block 30
    $$$$$:   74-block 31
  2000000:   74-block 32
   202800:   74-block 33
        -:   75:
        -:   76:  /**
        -:   77:   *  @brief  Forward an rvalue.
        -:   78:   *  @return The parameter cast to the specified type.
        -:   79:   *
        -:   80:   *  This function is used to implement "perfect forwarding".
        -:   81:   */
        -:   82:  template<typename _Tp>
        -:   83:    constexpr _Tp&&
        -:   84:    forward(typename std::remove_reference<_Tp>::type&& __t) noexcept
        -:   85:    {
        -:   86:      static_assert(!std::is_lvalue_reference<_Tp>::value, "template argument"
        -:   87:		    " substituting _Tp is an lvalue reference type");
        -:   88:      return static_cast<_Tp&&>(__t);
        -:   89:    }
        -:   90:
        -:   91:  /**
        -:   92:   *  @brief  Convert a value to an rvalue.
        -:   93:   *  @param  __t  A thing of arbitrary type.
        -:   94:   *  @return The parameter cast to an rvalue-reference to allow moving it.
        -:   95:  */
        -:   96:  template<typename _Tp>
        -:   97:    constexpr typename std::remove_reference<_Tp>::type&&
function _ZSt4moveIRPN5boost8propertyINS0_26edge_target_processor_id_tEs11DynamicEdgeEEEONSt16remove_referenceIT_E4typeEOS8_ called 0 returned 0% blocks executed 0%
function _ZSt4moveIRSt10unique_ptrIN5boost8propertyINS1_26edge_target_processor_id_tEs11DynamicEdgeEESt14default_deleteIS5_EEEONSt16remove_referenceIT_E4typeEOSB_ called 201 returned 100% blocks executed 100%
function _ZSt4moveIRPN5boost6detail20stored_edge_propertyImNS0_8propertyINS0_26edge_target_processor_id_tEs11DynamicEdgeEEEEEONSt16remove_referenceIT_E4typeEOSB_ called 0 returned 0% blocks executed 0%
function _ZSt4moveIRSaISt10_List_nodeIN5boost6detail8parallel14stored_in_edgeINS2_14edge_desc_implINS1_12directed_tagEmEEEEEEEONSt16remove_referenceIT_E4typeEOSD_ called 0 returned 0% blocks executed 0%
function _ZSt4moveIRSaIN5boost6detail20stored_edge_propertyImNS0_8propertyINS0_26edge_target_processor_id_tEs11DynamicEdgeEEEEEEONSt16remove_referenceIT_E4typeEOSB_ called 0 returned 0% blocks executed 0%
function _ZSt4moveIRN5boost6detail20stored_edge_propertyImNS0_8propertyINS0_26edge_target_processor_id_tEs11DynamicEdgeEEEEEONSt16remove_referenceIT_E4typeEOSA_ called 200 returned 100% blocks executed 100%
function _ZSt4moveIRNSt7__cxx1110_List_baseIN5boost6detail8parallel14stored_in_edgeINS3_14edge_desc_implINS2_12directed_tagEmEEEESaIS9_EEEEONSt16remove_referenceIT_E4typeEOSE_ called 0 returned 0% blocks executed 0%
function _ZSt4moveIRNSt7__cxx114listIN5boost6detail8parallel14stored_in_edgeINS3_14edge_desc_implINS2_12directed_tagEmEEEESaIS9_EEEEONSt16remove_referenceIT_E4typeEOSE_ called 0 returned 0% blocks executed 0%
function _ZSt4moveIRSt6vectorIN5boost6detail20stored_edge_propertyImNS1_8propertyINS1_26edge_target_processor_id_tEs11DynamicEdgeEEEESaIS8_EEEONSt16remove_referenceIT_E4typeEOSD_ called 0 returned 0% blocks executed 0%
function _ZSt4moveIRN5boost6detail12adj_list_genINS0_14adjacency_listINS0_4vecSES4_NS0_9directedSENS0_8propertyINS0_17vertex_in_edges_tENSt7__cxx114listINS1_8parallel14stored_in_edgeINS1_14edge_desc_implINS0_12directed_tagEmEEEESaISF_EEE11DynamicNodeEENS6_INS0_26edge_target_processor_id_tEs11DynamicEdgeEENS0_11no_propertyENS0_5listSEEES4_S4_S5_SJ_SM_SN_SO_E6config13stored_vertexEEONSt16remove_referenceIT_E4typeEOSV_ called 0 returned 0% blocks executed 0%
function _ZSt4moveIRPdEONSt16remove_referenceIT_E4typeEOS3_ called 0 returned 0% blocks executed 0%
function _ZSt4moveIRSaIdEEONSt16remove_referenceIT_E4typeEOS3_ called 0 returned 0% blocks executed 0%
function _ZSt4moveIRPcEONSt16remove_referenceIT_E4typeEOS3_ called 0 returned 0% blocks executed 0%
function _ZSt4moveIRPN5boost5graph11distributed17mpi_process_group14message_headerEEONSt16remove_referenceIT_E4typeEOS8_ called 0 returned 0% blocks executed 0%
function _ZSt4moveIRSaIcEEONSt16remove_referenceIT_E4typeEOS3_ called 35 returned 100% blocks executed 100%
function _ZSt4moveIRlEONSt16remove_referenceIT_E4typeEOS2_ called 0 returned 0% blocks executed 0%
function _ZSt4moveIRSt6vectorIdSaIdEEEONSt16remove_referenceIT_E4typeEOS5_ called 0 returned 0% blocks executed 0%
function _ZSt4moveIRNSt7__cxx1112basic_stringIcSt11char_traitsIcESaIcEEEEONSt16remove_referenceIT_E4typeEOS8_ called 12 returned 100% blocks executed 100%
      448:   98:    move(_Tp&& __t) noexcept
    $$$$$:   98-block  0
      201:   98-block  1
    $$$$$:   98-block  2
    $$$$$:   98-block  3
    $$$$$:   98-block  4
      200:   98-block  5
    $$$$$:   98-block  6
    $$$$$:   98-block  7
    $$$$$:   98-block  8
    $$$$$:   98-block  9
    $$$$$:   98-block 10
    $$$$$:   98-block 11
    $$$$$:   98-block 12
    $$$$$:   98-block 13
       35:   98-block 14
    $$$$$:   98-block 15
    $$$$$:   98-block 16
       12:   98-block 17
      448:   99:    { return static_cast<typename std::remove_reference<_Tp>::type&&>(__t); }
    $$$$$:   99-block  0
      201:   99-block  1
    $$$$$:   99-block  2
    $$$$$:   99-block  3
    $$$$$:   99-block  4
      200:   99-block  5
    $$$$$:   99-block  6
    $$$$$:   99-block  7
    $$$$$:   99-block  8
    $$$$$:   99-block  9
    $$$$$:   99-block 10
    $$$$$:   99-block 11
    $$$$$:   99-block 12
    $$$$$:   99-block 13
       35:   99-block 14
    $$$$$:   99-block 15
    $$$$$:   99-block 16
       12:   99-block 17
        -:  100:
        -:  101:
        -:  102:  template<typename _Tp>
        -:  103:    struct __move_if_noexcept_cond
        -:  104:    : public __and_<__not_<is_nothrow_move_constructible<_Tp>>,
        -:  105:                    is_copy_constructible<_Tp>>::type { };
        -:  106:
        -:  107:  /**
        -:  108:   *  @brief  Conditionally convert a value to an rvalue.
        -:  109:   *  @param  __x  A thing of arbitrary type.
        -:  110:   *  @return The parameter, possibly cast to an rvalue-reference.
        -:  111:   *
        -:  112:   *  Same as std::move unless the type's move constructor could throw and the
        -:  113:   *  type is copyable, in which case an lvalue-reference is returned instead.
        -:  114:   */
        -:  115:  template<typename _Tp>
        -:  116:    constexpr typename
        -:  117:    conditional<__move_if_noexcept_cond<_Tp>::value, const _Tp&, _Tp&&>::type
        -:  118:    move_if_noexcept(_Tp& __x) noexcept
        -:  119:    { return std::move(__x); }
        -:  120:
        -:  121:  // declval, from type_traits.
        -:  122:
        -:  123:#if __cplusplus > 201402L
        -:  124:  // _GLIBCXX_RESOLVE_LIB_DEFECTS
        -:  125:  // 2296. std::addressof should be constexpr
        -:  126:# define __cpp_lib_addressof_constexpr 201603
        -:  127:#endif
        -:  128:  /**
        -:  129:   *  @brief Returns the actual address of the object or function
        -:  130:   *         referenced by r, even in the presence of an overloaded
        -:  131:   *         operator&.
        -:  132:   *  @param  __r  Reference to an object or function.
        -:  133:   *  @return   The actual address.
        -:  134:  */
        -:  135:  template<typename _Tp>
        -:  136:    inline _GLIBCXX17_CONSTEXPR _Tp*
function _ZSt9addressofIKcEPT_RS1_ called 181 returned 100% blocks executed 100%
function _ZSt9addressofIcEPT_RS0_ called 112 returned 100% blocks executed 100%
      293:  137:    addressof(_Tp& __r) noexcept
      181:  137-block  0
      112:  137-block  1
      293:  138:    { return std::__addressof(__r); }
      181:  138-block  0
call    0 returned 181
      112:  138-block  1
call    1 returned 112
        -:  139:
        -:  140:  // _GLIBCXX_RESOLVE_LIB_DEFECTS
        -:  141:  // 2598. addressof works on temporaries
        -:  142:  template<typename _Tp>
        -:  143:    const _Tp* addressof(const _Tp&&) = delete;
        -:  144:
        -:  145:  // C++11 version of std::exchange for internal use.
        -:  146:  template <typename _Tp, typename _Up = _Tp>
        -:  147:    inline _Tp
        -:  148:    __exchange(_Tp& __obj, _Up&& __new_val)
        -:  149:    {
        -:  150:      _Tp __old_val = std::move(__obj);
        -:  151:      __obj = std::forward<_Up>(__new_val);
        -:  152:      return __old_val;
        -:  153:    }
        -:  154:
        -:  155:  /// @} group utilities
        -:  156:_GLIBCXX_END_NAMESPACE_VERSION
        -:  157:} // namespace
        -:  158:
        -:  159:#define _GLIBCXX_MOVE(__val) std::move(__val)
        -:  160:#define _GLIBCXX_FORWARD(_Tp, __val) std::forward<_Tp>(__val)
        -:  161:#else
        -:  162:#define _GLIBCXX_MOVE(__val) (__val)
        -:  163:#define _GLIBCXX_FORWARD(_Tp, __val) (__val)
        -:  164:#endif
        -:  165:
        -:  166:namespace std _GLIBCXX_VISIBILITY(default)
        -:  167:{
        -:  168:_GLIBCXX_BEGIN_NAMESPACE_VERSION
        -:  169:
        -:  170:  /**
        -:  171:   *  @addtogroup utilities
        -:  172:   *  @{
        -:  173:   */
        -:  174:
        -:  175:  /**
        -:  176:   *  @brief Swaps two values.
        -:  177:   *  @param  __a  A thing of arbitrary type.
        -:  178:   *  @param  __b  Another thing of arbitrary type.
        -:  179:   *  @return   Nothing.
        -:  180:  */
        -:  181:  template<typename _Tp>
        -:  182:    inline
        -:  183:#if __cplusplus >= 201103L
        -:  184:    typename enable_if<__and_<__not_<__is_tuple_like<_Tp>>,
        -:  185:			      is_move_constructible<_Tp>,
        -:  186:			      is_move_assignable<_Tp>>::value>::type
function _ZSt4swapIPN5boost8propertyINS0_26edge_target_processor_id_tEs11DynamicEdgeEEENSt9enable_ifIXsrSt6__and_IJSt6__not_ISt15__is_tuple_likeIT_EESt21is_move_constructibleISA_ESt18is_move_assignableISA_EEE5valueEvE4typeERSA_SK_ called 0 returned 0% blocks executed 0%
function _ZSt4swapIPN5boost6detail20stored_edge_propertyImNS0_8propertyINS0_26edge_target_processor_id_tEs11DynamicEdgeEEEEENSt9enable_ifIXsrSt6__and_IJSt6__not_ISt15__is_tuple_likeIT_EESt21is_move_constructibleISD_ESt18is_move_assignableISD_EEE5valueEvE4typeERSD_SN_ called 0 returned 0% blocks executed 0%
function _ZSt4swapIPdENSt9enable_ifIXsrSt6__and_IJSt6__not_ISt15__is_tuple_likeIT_EESt21is_move_constructibleIS5_ESt18is_move_assignableIS5_EEE5valueEvE4typeERS5_SF_ called 0 returned 0% blocks executed 0%
function _ZSt4swapIPcENSt9enable_ifIXsrSt6__and_IJSt6__not_ISt15__is_tuple_likeIT_EESt21is_move_constructibleIS5_ESt18is_move_assignableIS5_EEE5valueEvE4typeERS5_SF_ called 0 returned 0% blocks executed 0%
function _ZSt4swapIPN5boost5graph11distributed17mpi_process_group14message_headerEENSt9enable_ifIXsrSt6__and_IJSt6__not_ISt15__is_tuple_likeIT_EESt21is_move_constructibleISA_ESt18is_move_assignableISA_EEE5valueEvE4typeERSA_SK_ called 0 returned 0% blocks executed 0%
    #####:  187:    swap(_Tp& __a, _Tp& __b)
    $$$$$:  187-block  0
    $$$$$:  187-block  1
    $$$$$:  187-block  2
    $$$$$:  187-block  3
    $$$$$:  187-block  4
        -:  188:    noexcept(__and_<is_nothrow_move_constructible<_Tp>,
        -:  189:	            is_nothrow_move_assignable<_Tp>>::value)
        -:  190:#else
        -:  191:    void
        -:  192:    swap(_Tp& __a, _Tp& __b)
        -:  193:#endif
        -:  194:    {
        -:  195:      // concept requirements
        -:  196:      __glibcxx_function_requires(_SGIAssignableConcept<_Tp>)
        -:  197:
    #####:  198:      _Tp __tmp = _GLIBCXX_MOVE(__a);
    $$$$$:  198-block  0
call    0 never executed
    $$$$$:  198-block  1
call    1 never executed
    $$$$$:  198-block  2
call    2 never executed
    $$$$$:  198-block  3
call    3 never executed
    $$$$$:  198-block  4
call    4 never executed
    #####:  199:      __a = _GLIBCXX_MOVE(__b);
call    0 never executed
call    1 never executed
call    2 never executed
call    3 never executed
call    4 never executed
    #####:  200:      __b = _GLIBCXX_MOVE(__tmp);
call    0 never executed
call    1 never executed
call    2 never executed
call    3 never executed
call    4 never executed
    #####:  201:    }
        -:  202:
        -:  203:  // _GLIBCXX_RESOLVE_LIB_DEFECTS
        -:  204:  // DR 809. std::swap should be overloaded for array types.
        -:  205:  /// Swap the contents of two arrays.
        -:  206:  template<typename _Tp, size_t _Nm>
        -:  207:    inline
        -:  208:#if __cplusplus >= 201103L
        -:  209:    typename enable_if<__is_swappable<_Tp>::value>::type
        -:  210:    swap(_Tp (&__a)[_Nm], _Tp (&__b)[_Nm])
        -:  211:    noexcept(__is_nothrow_swappable<_Tp>::value)
        -:  212:#else
        -:  213:    void
        -:  214:    swap(_Tp (&__a)[_Nm], _Tp (&__b)[_Nm])
        -:  215:#endif
        -:  216:    {
        -:  217:      for (size_t __n = 0; __n < _Nm; ++__n)
        -:  218:	swap(__a[__n], __b[__n]);
        -:  219:    }
        -:  220:
        -:  221:  /// @} group utilities
        -:  222:_GLIBCXX_END_NAMESPACE_VERSION
        -:  223:} // namespace
        -:  224:
        -:  225:#endif /* _MOVE_H */
