        -:    0:Source:/usr/include/boost/iterator/iterator_adaptor.hpp
        -:    0:Graph:/home/m4zz31/cppprojct/cmake-build-debug-coverage/CMakeFiles/cppprojct.dir/main.cpp.gcno
        -:    0:Data:/home/m4zz31/cppprojct/cmake-build-debug-coverage/CMakeFiles/cppprojct.dir/main.cpp.gcda
        -:    0:Runs:1
        -:    0:Programs:1
        -:    1:// (C) Copyright David Abrahams 2002.
        -:    2:// (C) Copyright Jeremy Siek    2002.
        -:    3:// (C) Copyright Thomas Witt    2002.
        -:    4:// Distributed under the Boost Software License, Version 1.0. (See
        -:    5:// accompanying file LICENSE_1_0.txt or copy at
        -:    6:// http://www.boost.org/LICENSE_1_0.txt)
        -:    7:#ifndef BOOST_ITERATOR_ADAPTOR_23022003THW_HPP
        -:    8:#define BOOST_ITERATOR_ADAPTOR_23022003THW_HPP
        -:    9:
        -:   10:#include <boost/static_assert.hpp>
        -:   11:
        -:   12:#include <boost/core/use_default.hpp>
        -:   13:
        -:   14:#include <boost/iterator/iterator_categories.hpp>
        -:   15:#include <boost/iterator/iterator_facade.hpp>
        -:   16:#include <boost/iterator/detail/enable_if.hpp>
        -:   17:
        -:   18:#include <boost/mpl/and.hpp>
        -:   19:#include <boost/mpl/not.hpp>
        -:   20:#include <boost/mpl/or.hpp>
        -:   21:
        -:   22:#include <boost/type_traits/is_same.hpp>
        -:   23:#include <boost/type_traits/is_convertible.hpp>
        -:   24:
        -:   25:#ifdef BOOST_ITERATOR_REF_CONSTNESS_KILLS_WRITABILITY
        -:   26:# include <boost/type_traits/remove_reference.hpp>
        -:   27:#endif
        -:   28:
        -:   29:#include <boost/type_traits/add_reference.hpp>
        -:   30:#include <boost/iterator/detail/config_def.hpp>
        -:   31:
        -:   32:#include <boost/iterator/iterator_traits.hpp>
        -:   33:
        -:   34:namespace boost {
        -:   35:namespace iterators {
        -:   36:
        -:   37:  // Used as a default template argument internally, merely to
        -:   38:  // indicate "use the default", this can also be passed by users
        -:   39:  // explicitly in order to specify that the default should be used.
        -:   40:  using boost::use_default;
        -:   41:
        -:   42:} // namespace iterators
        -:   43:
        -:   44:// the incompleteness of use_default causes massive problems for
        -:   45:// is_convertible (naturally).  This workaround is fortunately not
        -:   46:// needed for vc6/vc7.
        -:   47:template<class To>
        -:   48:struct is_convertible<use_default,To>
        -:   49:  : mpl::false_ {};
        -:   50:
        -:   51:namespace iterators {
        -:   52:
        -:   53:  namespace detail
        -:   54:  {
        -:   55:
        -:   56:    //
        -:   57:    // Result type used in enable_if_convertible meta function.
        -:   58:    // This can be an incomplete type, as only pointers to
        -:   59:    // enable_if_convertible< ... >::type are used.
        -:   60:    // We could have used void for this, but conversion to
        -:   61:    // void* is just to easy.
        -:   62:    //
        -:   63:    struct enable_type;
        -:   64:  }
        -:   65:
        -:   66:
        -:   67:  //
        -:   68:  // enable_if for use in adapted iterators constructors.
        -:   69:  //
        -:   70:  // In order to provide interoperability between adapted constant and
        -:   71:  // mutable iterators, adapted iterators will usually provide templated
        -:   72:  // conversion constructors of the following form
        -:   73:  //
        -:   74:  // template <class BaseIterator>
        -:   75:  // class adapted_iterator :
        -:   76:  //   public iterator_adaptor< adapted_iterator<Iterator>, Iterator >
        -:   77:  // {
        -:   78:  // public:
        -:   79:  //
        -:   80:  //   ...
        -:   81:  //
        -:   82:  //   template <class OtherIterator>
        -:   83:  //   adapted_iterator(
        -:   84:  //       OtherIterator const& it
        -:   85:  //     , typename enable_if_convertible<OtherIterator, Iterator>::type* = 0);
        -:   86:  //
        -:   87:  //   ...
        -:   88:  // };
        -:   89:  //
        -:   90:  // enable_if_convertible is used to remove those overloads from the overload
        -:   91:  // set that cannot be instantiated. For all practical purposes only overloads
        -:   92:  // for constant/mutable interaction will remain. This has the advantage that
        -:   93:  // meta functions like boost::is_convertible do not return false positives,
        -:   94:  // as they can only look at the signature of the conversion constructor
        -:   95:  // and not at the actual instantiation.
        -:   96:  //
        -:   97:  // enable_if_interoperable can be safely used in user code. It falls back to
        -:   98:  // always enabled for compilers that don't support enable_if or is_convertible.
        -:   99:  // There is no need for compiler specific workarounds in user code.
        -:  100:  //
        -:  101:  // The operators implementation relies on boost::is_convertible not returning
        -:  102:  // false positives for user/library defined iterator types. See comments
        -:  103:  // on operator implementation for consequences.
        -:  104:  //
        -:  105:#  if defined(BOOST_NO_IS_CONVERTIBLE) || defined(BOOST_NO_SFINAE)
        -:  106:
        -:  107:  template <class From, class To>
        -:  108:  struct enable_if_convertible
        -:  109:  {
        -:  110:      typedef boost::iterators::detail::enable_type type;
        -:  111:  };
        -:  112:
        -:  113:#  elif BOOST_WORKAROUND(_MSC_FULL_VER, BOOST_TESTED_AT(13102292))
        -:  114:
        -:  115:  // For some reason vc7.1 needs us to "cut off" instantiation
        -:  116:  // of is_convertible in a few cases.
        -:  117:  template<typename From, typename To>
        -:  118:  struct enable_if_convertible
        -:  119:    : iterators::enable_if<
        -:  120:        mpl::or_<
        -:  121:            is_same<From,To>
        -:  122:          , is_convertible<From, To>
        -:  123:        >
        -:  124:      , boost::iterators::detail::enable_type
        -:  125:    >
        -:  126:  {};
        -:  127:
        -:  128:#  else
        -:  129:
        -:  130:  template<typename From, typename To>
        -:  131:  struct enable_if_convertible
        -:  132:    : iterators::enable_if<
        -:  133:          is_convertible<From, To>
        -:  134:        , boost::iterators::detail::enable_type
        -:  135:      >
        -:  136:  {};
        -:  137:
        -:  138:# endif
        -:  139:
        -:  140:  //
        -:  141:  // Default template argument handling for iterator_adaptor
        -:  142:  //
        -:  143:  namespace detail
        -:  144:  {
        -:  145:    // If T is use_default, return the result of invoking
        -:  146:    // DefaultNullaryFn, otherwise return T.
        -:  147:    template <class T, class DefaultNullaryFn>
        -:  148:    struct ia_dflt_help
        -:  149:      : mpl::eval_if<
        -:  150:            is_same<T, use_default>
        -:  151:          , DefaultNullaryFn
        -:  152:          , mpl::identity<T>
        -:  153:        >
        -:  154:    {
        -:  155:    };
        -:  156:
        -:  157:    // A metafunction which computes an iterator_adaptor's base class,
        -:  158:    // a specialization of iterator_facade.
        -:  159:    template <
        -:  160:        class Derived
        -:  161:      , class Base
        -:  162:      , class Value
        -:  163:      , class Traversal
        -:  164:      , class Reference
        -:  165:      , class Difference
        -:  166:    >
        -:  167:    struct iterator_adaptor_base
        -:  168:    {
        -:  169:        typedef iterator_facade<
        -:  170:            Derived
        -:  171:
        -:  172:# ifdef BOOST_ITERATOR_REF_CONSTNESS_KILLS_WRITABILITY
        -:  173:          , typename boost::iterators::detail::ia_dflt_help<
        -:  174:                Value
        -:  175:              , mpl::eval_if<
        -:  176:                    is_same<Reference,use_default>
        -:  177:                  , iterator_value<Base>
        -:  178:                  , remove_reference<Reference>
        -:  179:                >
        -:  180:            >::type
        -:  181:# else
        -:  182:          , typename boost::iterators::detail::ia_dflt_help<
        -:  183:                Value, iterator_value<Base>
        -:  184:            >::type
        -:  185:# endif
        -:  186:
        -:  187:          , typename boost::iterators::detail::ia_dflt_help<
        -:  188:                Traversal
        -:  189:              , iterator_traversal<Base>
        -:  190:            >::type
        -:  191:
        -:  192:          , typename boost::iterators::detail::ia_dflt_help<
        -:  193:                Reference
        -:  194:              , mpl::eval_if<
        -:  195:                    is_same<Value,use_default>
        -:  196:                  , iterator_reference<Base>
        -:  197:                  , add_reference<Value>
        -:  198:                >
        -:  199:            >::type
        -:  200:
        -:  201:          , typename boost::iterators::detail::ia_dflt_help<
        -:  202:                Difference, iterator_difference<Base>
        -:  203:            >::type
        -:  204:        >
        -:  205:        type;
        -:  206:    };
        -:  207:
        -:  208:    // workaround for aC++ CR JAGaf33512
        -:  209:    template <class Tr1, class Tr2>
function _ZN5boost9iterators6detail33iterator_adaptor_assert_traversalINS1_32iterator_category_with_traversalISt18input_iterator_tagNS0_27random_access_traversal_tagEEES5_EEvv called 2734790 returned 100% blocks executed 100%
  2734790:  210:    inline void iterator_adaptor_assert_traversal ()
  2734790:  210-block  0
        -:  211:    {
        -:  212:      BOOST_STATIC_ASSERT((is_convertible<Tr1, Tr2>::value));
  2734790:  213:    }
        -:  214:  }
        -:  215:
        -:  216:  //
        -:  217:  // Iterator Adaptor
        -:  218:  //
        -:  219:  // The parameter ordering changed slightly with respect to former
        -:  220:  // versions of iterator_adaptor The idea is that when the user needs
        -:  221:  // to fiddle with the reference type it is highly likely that the
        -:  222:  // iterator category has to be adjusted as well.  Any of the
        -:  223:  // following four template arguments may be ommitted or explicitly
        -:  224:  // replaced by use_default.
        -:  225:  //
        -:  226:  //   Value - if supplied, the value_type of the resulting iterator, unless
        -:  227:  //      const. If const, a conforming compiler strips constness for the
        -:  228:  //      value_type. If not supplied, iterator_traits<Base>::value_type is used
        -:  229:  //
        -:  230:  //   Category - the traversal category of the resulting iterator. If not
        -:  231:  //      supplied, iterator_traversal<Base>::type is used.
        -:  232:  //
        -:  233:  //   Reference - the reference type of the resulting iterator, and in
        -:  234:  //      particular, the result type of operator*(). If not supplied but
        -:  235:  //      Value is supplied, Value& is used. Otherwise
        -:  236:  //      iterator_traits<Base>::reference is used.
        -:  237:  //
        -:  238:  //   Difference - the difference_type of the resulting iterator. If not
        -:  239:  //      supplied, iterator_traits<Base>::difference_type is used.
        -:  240:  //
        -:  241:  template <
        -:  242:      class Derived
        -:  243:    , class Base
        -:  244:    , class Value        = use_default
        -:  245:    , class Traversal    = use_default
        -:  246:    , class Reference    = use_default
        -:  247:    , class Difference   = use_default
        -:  248:  >
        -:  249:  class iterator_adaptor
        -:  250:    : public boost::iterators::detail::iterator_adaptor_base<
        -:  251:        Derived, Base, Value, Traversal, Reference, Difference
        -:  252:      >::type
        -:  253:  {
        -:  254:      friend class iterator_core_access;
        -:  255:
        -:  256:   protected:
        -:  257:      typedef typename boost::iterators::detail::iterator_adaptor_base<
        -:  258:          Derived, Base, Value, Traversal, Reference, Difference
        -:  259:      >::type super_t;
        -:  260:   public:
function _ZN5boost9iterators16iterator_adaptorINS0_18transform_iteratorINS_6detail8parallel15edge_descriptorINS3_14edge_desc_implINS_12directed_tagEmEEE12in_generatorINS_14adjacency_listINS_4vecSENS_12distributedSINS_5graph11distributed17mpi_process_groupESC_NS_8defaultSEEENS_14bidirectionalSE11DynamicNode11DynamicEdgeNS_11no_propertyENS_5listSEEEEESt20_List_const_iteratorINS4_14stored_in_edgeIS8_EEENS_11use_defaultESU_EEST_S9_SU_S9_SU_EC2Ev called 0 returned 0% blocks executed 0%
function _ZN5boost9iterators16iterator_adaptorINS0_18transform_iteratorINS_6detail8parallel15edge_descriptorINS3_14edge_desc_implINS_12directed_tagEmEEE13out_generatorINS_14adjacency_listINS_4vecSENS_12distributedSINS_5graph11distributed17mpi_process_groupESC_NS_8defaultSEEENS_14bidirectionalSE11DynamicNode11DynamicEdgeNS_11no_propertyENS_5listSEEEEENS3_13out_edge_iterIN9__gnu_cxx17__normal_iteratorIPNS3_20stored_edge_propertyImNS_8propertyINS_26edge_target_processor_id_tEsSL_EEEESt6vectorISX_SaISX_EEEEmS8_lEENS_11use_defaultES14_EES13_S9_S14_S9_S14_EC2Ev called 202000 returned 100% blocks executed 100%
function _ZN5boost9iterators16iterator_adaptorINS_6detail13out_edge_iterIN9__gnu_cxx17__normal_iteratorIPNS2_20stored_edge_propertyImNS_8propertyINS_26edge_target_processor_id_tEs11DynamicEdgeEEEESt6vectorISB_SaISB_EEEEmNS2_14edge_desc_implINS_12directed_tagEmEElEESG_SJ_NS_11use_defaultESJ_lEC2Ev called 202000 returned 100% blocks executed 100%
   808000:  261:      iterator_adaptor() {}
    $$$$$:  261-block  0
    $$$$$:  261-block  1
call    0 never executed
   202000:  261-block  2
   202000:  261-block  3
call    1 returned 202000
   202000:  261-block  4
   202000:  261-block  5
call    2 returned 202000
        -:  262:
function _ZN5boost9iterators16iterator_adaptorINS0_18transform_iteratorINS_6detail8parallel15edge_descriptorINS3_14edge_desc_implINS_12directed_tagEmEEE13out_generatorINS_14adjacency_listINS_4vecSENS_12distributedSINS_5graph11distributed17mpi_process_groupESC_NS_8defaultSEEENS_14bidirectionalSE11DynamicNode11DynamicEdgeNS_11no_propertyENS_5listSEEEEENS3_13out_edge_iterIN9__gnu_cxx17__normal_iteratorIPNS3_20stored_edge_propertyImNS_8propertyINS_26edge_target_processor_id_tEsSL_EEEESt6vectorISX_SaISX_EEEEmS8_lEENS_11use_defaultES14_EES13_S9_S14_S9_S14_EC2ERKS13_ called 1002000 returned 100% blocks executed 100%
function _ZN5boost9iterators16iterator_adaptorINS0_18transform_iteratorINS_6detail8parallel15edge_descriptorINS3_14edge_desc_implINS_12directed_tagEmEEE12in_generatorINS_14adjacency_listINS_4vecSENS_12distributedSINS_5graph11distributed17mpi_process_groupESC_NS_8defaultSEEENS_14bidirectionalSE11DynamicNode11DynamicEdgeNS_11no_propertyENS_5listSEEEEESt20_List_const_iteratorINS4_14stored_in_edgeIS8_EEENS_11use_defaultESU_EEST_S9_SU_S9_SU_EC2ERKST_ called 400000 returned 100% blocks executed 100%
function _ZN5boost9iterators16iterator_adaptorINS0_18transform_iteratorINS_6detail8parallel17global_descriptorImE9generatorENS_12range_detail16integer_iteratorImEENS_11use_defaultESB_EESA_S6_SB_S6_SB_EC2ERKSA_ called 2002 returned 100% blocks executed 100%
function _ZN5boost9iterators16iterator_adaptorINS_6detail13out_edge_iterIN9__gnu_cxx17__normal_iteratorIPNS2_20stored_edge_propertyImNS_8propertyINS_26edge_target_processor_id_tEs11DynamicEdgeEEEESt6vectorISB_SaISB_EEEEmNS2_14edge_desc_implINS_12directed_tagEmEElEESG_SJ_NS_11use_defaultESJ_lEC2ERKSG_ called 2004400 returned 100% blocks executed 100%
function _ZN5boost9iterators16iterator_adaptorINS_18adjacency_iteratorINS_14adjacency_listINS_4vecSENS_12distributedSINS_5graph11distributed17mpi_process_groupES4_NS_8defaultSEEENS_14bidirectionalSE11DynamicNode11DynamicEdgeNS_11no_propertyENS_5listSEEENS_6detail8parallel17global_descriptorImEENS0_18transform_iteratorINSI_15edge_descriptorINSH_14edge_desc_implINS_12directed_tagEmEEE13out_generatorISG_EENSH_13out_edge_iterIN9__gnu_cxx17__normal_iteratorIPNSH_20stored_edge_propertyImNS_8propertyINS_26edge_target_processor_id_tEsSD_EEEESt6vectorIS10_SaIS10_EEEEmSP_lEENS_11use_defaultES17_EElEES18_SK_S17_SK_lEC2ERKS18_ called 400000 returned 100% blocks executed 100%
function _ZN5boost9iterators16iterator_adaptorINS0_17counting_iteratorImNS_11use_defaultES3_EEmmNS0_27random_access_traversal_tagERKmlEC2ES7_ called 28 returned 100% blocks executed 100%
  3808430:  263:      explicit iterator_adaptor(Base const &iter)
  1002000:  263-block  0
   400000:  263-block  1
     2002:  263-block  2
  2004400:  263-block  3
   400000:  263-block  4
       28:  263-block  5
  3808430:  264:          : m_iterator(iter)
        -:  265:      {
  3808430:  266:      }
        -:  267:
        -:  268:      typedef Base base_type;
        -:  269:
function _ZNK5boost9iterators16iterator_adaptorINS0_18transform_iteratorINS_6detail8parallel15edge_descriptorINS3_14edge_desc_implINS_12directed_tagEmEEE13out_generatorINS_14adjacency_listINS_4vecSENS_12distributedSINS_5graph11distributed17mpi_process_groupESC_NS_8defaultSEEENS_14bidirectionalSE11DynamicNode11DynamicEdgeNS_11no_propertyENS_5listSEEEEENS3_13out_edge_iterIN9__gnu_cxx17__normal_iteratorIPNS3_20stored_edge_propertyImNS_8propertyINS_26edge_target_processor_id_tEsSL_EEEESt6vectorISX_SaISX_EEEEmS8_lEENS_11use_defaultES14_EES13_S9_S14_S9_S14_E4baseEv called 1488310 returned 100% blocks executed 100%
function _ZNK5boost9iterators16iterator_adaptorINS0_18transform_iteratorINS_6detail8parallel15edge_descriptorINS3_14edge_desc_implINS_12directed_tagEmEEE12in_generatorINS_14adjacency_listINS_4vecSENS_12distributedSINS_5graph11distributed17mpi_process_groupESC_NS_8defaultSEEENS_14bidirectionalSE11DynamicNode11DynamicEdgeNS_11no_propertyENS_5listSEEEEESt20_List_const_iteratorINS4_14stored_in_edgeIS8_EEENS_11use_defaultESU_EEST_S9_SU_S9_SU_E4baseEv called 563304 returned 100% blocks executed 100%
function _ZNK5boost9iterators16iterator_adaptorINS_18adjacency_iteratorINS_14adjacency_listINS_4vecSENS_12distributedSINS_5graph11distributed17mpi_process_groupES4_NS_8defaultSEEENS_14bidirectionalSE11DynamicNode11DynamicEdgeNS_11no_propertyENS_5listSEEENS_6detail8parallel17global_descriptorImEENS0_18transform_iteratorINSI_15edge_descriptorINSH_14edge_desc_implINS_12directed_tagEmEEE13out_generatorISG_EENSH_13out_edge_iterIN9__gnu_cxx17__normal_iteratorIPNSH_20stored_edge_propertyImNS_8propertyINS_26edge_target_processor_id_tEsSD_EEEESt6vectorIS10_SaIS10_EEEEmSP_lEENS_11use_defaultES17_EElEES18_SK_S17_SK_lE4baseEv called 1182310 returned 100% blocks executed 100%
function _ZNK5boost9iterators16iterator_adaptorINS0_18transform_iteratorINS_6detail8parallel17global_descriptorImE9generatorENS_12range_detail16integer_iteratorImEENS_11use_defaultESB_EESA_S6_SB_S6_SB_E4baseEv called 2086311 returned 100% blocks executed 100%
function _ZNK5boost9iterators16iterator_adaptorINS_6detail13out_edge_iterIN9__gnu_cxx17__normal_iteratorIPNS2_20stored_edge_propertyImNS_8propertyINS_26edge_target_processor_id_tEs11DynamicEdgeEEEESt6vectorISB_SaISB_EEEEmNS2_14edge_desc_implINS_12directed_tagEmEElEESG_SJ_NS_11use_defaultESJ_lE4baseEv called 2293410 returned 100% blocks executed 100%
function _ZNK5boost9iterators16iterator_adaptorINS0_17counting_iteratorImNS_11use_defaultES3_EEmmNS0_27random_access_traversal_tagERKmlE4baseEv called 30 returned 100% blocks executed 100%
  7613675:  270:      Base const& base() const
  1488310:  270-block  0
   563304:  270-block  1
  1182310:  270-block  2
  2086311:  270-block  3
  2293410:  270-block  4
       30:  270-block  5
  7613675:  271:        { return m_iterator; }
  1488310:  271-block  0
   563304:  271-block  1
  1182310:  271-block  2
  2086311:  271-block  3
  2293410:  271-block  4
       30:  271-block  5
        -:  272:
        -:  273:   protected:
        -:  274:      // for convenience in derived classes
        -:  275:      typedef iterator_adaptor<Derived,Base,Value,Traversal,Reference,Difference> iterator_adaptor_;
        -:  276:
        -:  277:      //
        -:  278:      // lvalue access to the Base object for Derived
        -:  279:      //
function _ZNK5boost9iterators16iterator_adaptorINS0_17counting_iteratorImNS_11use_defaultES3_EEmmNS0_27random_access_traversal_tagERKmlE14base_referenceEv called 1 returned 100% blocks executed 100%
        1:  280:      Base const& base_reference() const
        1:  280-block  0
        1:  281:        { return m_iterator; }
        1:  281-block  0
        -:  282:
        -:  283:      Base& base_reference()
        -:  284:        { return m_iterator; }
        -:  285:
        -:  286:   private:
        -:  287:      //
        -:  288:      // Core iterator interface for iterator_facade.  This is private
        -:  289:      // to prevent temptation for Derived classes to use it, which
        -:  290:      // will often result in an error.  Derived classes should use
        -:  291:      // base_reference(), above, to get direct access to m_iterator.
        -:  292:      //
        -:  293:      typename super_t::reference dereference() const
        -:  294:        { return *m_iterator; }
        -:  295:
        -:  296:      template <
        -:  297:      class OtherDerived, class OtherIterator, class V, class C, class R, class D
        -:  298:      >
function _ZNK5boost9iterators16iterator_adaptorINS0_18transform_iteratorINS_6detail8parallel15edge_descriptorINS3_14edge_desc_implINS_12directed_tagEmEEE13out_generatorINS_14adjacency_listINS_4vecSENS_12distributedSINS_5graph11distributed17mpi_process_groupESC_NS_8defaultSEEENS_14bidirectionalSE11DynamicNode11DynamicEdgeNS_11no_propertyENS_5listSEEEEENS3_13out_edge_iterIN9__gnu_cxx17__normal_iteratorIPNS3_20stored_edge_propertyImNS_8propertyINS_26edge_target_processor_id_tEsSL_EEEESt6vectorISX_SaISX_EEEEmS8_lEENS_11use_defaultES14_EES13_S9_S14_S9_S14_E5equalIS15_S13_S9_S14_S9_S14_EEbRKNS1_IT_T0_T1_T2_T3_T4_EE called 583810 returned 100% blocks executed 100%
function _ZNK5boost9iterators16iterator_adaptorINS_6detail13out_edge_iterIN9__gnu_cxx17__normal_iteratorIPNS2_20stored_edge_propertyImNS_8propertyINS_26edge_target_processor_id_tEs11DynamicEdgeEEEESt6vectorISB_SaISB_EEEEmNS2_14edge_desc_implINS_12directed_tagEmEElEESG_SJ_NS_11use_defaultESJ_lE5equalISK_SG_SJ_SL_SJ_lEEbRKNS1_IT_T0_T1_T2_T3_T4_EE called 584010 returned 100% blocks executed 100%
function _ZNK5boost9iterators16iterator_adaptorINS0_18transform_iteratorINS_6detail8parallel15edge_descriptorINS3_14edge_desc_implINS_12directed_tagEmEEE12in_generatorINS_14adjacency_listINS_4vecSENS_12distributedSINS_5graph11distributed17mpi_process_groupESC_NS_8defaultSEEENS_14bidirectionalSE11DynamicNode11DynamicEdgeNS_11no_propertyENS_5listSEEEEESt20_List_const_iteratorINS4_14stored_in_edgeIS8_EEENS_11use_defaultESU_EEST_S9_SU_S9_SU_E5equalISV_ST_S9_SU_S9_SU_EEbRKNS1_IT_T0_T1_T2_T3_T4_EE called 363304 returned 100% blocks executed 100%
function _ZNK5boost9iterators16iterator_adaptorINS_18adjacency_iteratorINS_14adjacency_listINS_4vecSENS_12distributedSINS_5graph11distributed17mpi_process_groupES4_NS_8defaultSEEENS_14bidirectionalSE11DynamicNode11DynamicEdgeNS_11no_propertyENS_5listSEEENS_6detail8parallel17global_descriptorImEENS0_18transform_iteratorINSI_15edge_descriptorINSH_14edge_desc_implINS_12directed_tagEmEEE13out_generatorISG_EENSH_13out_edge_iterIN9__gnu_cxx17__normal_iteratorIPNSH_20stored_edge_propertyImNS_8propertyINS_26edge_target_processor_id_tEsSD_EEEESt6vectorIS10_SaIS10_EEEEmSP_lEENS_11use_defaultES17_EElEES18_SK_S17_SK_lE5equalIS19_S18_SK_S17_SK_lEEbRKNS1_IT_T0_T1_T2_T3_T4_EE called 481310 returned 100% blocks executed 100%
function _ZNK5boost9iterators16iterator_adaptorINS0_18transform_iteratorINS_6detail8parallel17global_descriptorImE9generatorENS_12range_detail16integer_iteratorImEENS_11use_defaultESB_EESA_S6_SB_S6_SB_E5equalISC_SA_S6_SB_S6_SB_EEbRKNS1_IT_T0_T1_T2_T3_T4_EE called 503201 returned 100% blocks executed 100%
  2515635:  299:      bool equal(iterator_adaptor<OtherDerived, OtherIterator, V, C, R, D> const& x) const
   583810:  299-block  0
   584010:  299-block  1
   363304:  299-block  2
   481310:  299-block  3
   503201:  299-block  4
        -:  300:      {
        -:  301:        // Maybe readd with same_distance
        -:  302:        //           BOOST_STATIC_ASSERT(
        -:  303:        //               (detail::same_category_and_difference<Derived,OtherDerived>::value)
        -:  304:        //               );
  2515635:  305:          return m_iterator == x.base();
   583810:  305-block  0
call    0 returned 583810
call    1 returned 583810
   584010:  305-block  1
call    2 returned 584010
call    3 returned 584010
   363304:  305-block  2
call    4 returned 363304
call    5 returned 363304
   481310:  305-block  3
call    6 returned 481310
call    7 returned 481310
   503201:  305-block  4
call    8 returned 503201
call    9 returned 503201
        -:  306:      }
        -:  307:
        -:  308:      typedef typename iterator_category_to_traversal<
        -:  309:          typename super_t::iterator_category
        -:  310:      >::type my_traversal;
        -:  311:
        -:  312:# define BOOST_ITERATOR_ADAPTOR_ASSERT_TRAVERSAL(cat) \
        -:  313:      boost::iterators::detail::iterator_adaptor_assert_traversal<my_traversal, cat>();
        -:  314:
function _ZN5boost9iterators16iterator_adaptorINS_6detail13out_edge_iterIN9__gnu_cxx17__normal_iteratorIPNS2_20stored_edge_propertyImNS_8propertyINS_26edge_target_processor_id_tEs11DynamicEdgeEEEESt6vectorISB_SaISB_EEEEmNS2_14edge_desc_implINS_12directed_tagEmEElEESG_SJ_NS_11use_defaultESJ_lE7advanceEl called 743930 returned 100% blocks executed 100%
function _ZN5boost9iterators16iterator_adaptorINS0_18transform_iteratorINS_6detail8parallel15edge_descriptorINS3_14edge_desc_implINS_12directed_tagEmEEE13out_generatorINS_14adjacency_listINS_4vecSENS_12distributedSINS_5graph11distributed17mpi_process_groupESC_NS_8defaultSEEENS_14bidirectionalSE11DynamicNode11DynamicEdgeNS_11no_propertyENS_5listSEEEEENS3_13out_edge_iterIN9__gnu_cxx17__normal_iteratorIPNS3_20stored_edge_propertyImNS_8propertyINS_26edge_target_processor_id_tEsSL_EEEESt6vectorISX_SaISX_EEEEmS8_lEENS_11use_defaultES14_EES13_S9_S14_S9_S14_E7advanceEl called 743930 returned 100% blocks executed 100%
function _ZN5boost9iterators16iterator_adaptorINS_18adjacency_iteratorINS_14adjacency_listINS_4vecSENS_12distributedSINS_5graph11distributed17mpi_process_groupES4_NS_8defaultSEEENS_14bidirectionalSE11DynamicNode11DynamicEdgeNS_11no_propertyENS_5listSEEENS_6detail8parallel17global_descriptorImEENS0_18transform_iteratorINSI_15edge_descriptorINSH_14edge_desc_implINS_12directed_tagEmEEE13out_generatorISG_EENSH_13out_edge_iterIN9__gnu_cxx17__normal_iteratorIPNSH_20stored_edge_propertyImNS_8propertyINS_26edge_target_processor_id_tEsSD_EEEESt6vectorIS10_SaIS10_EEEEmSP_lEENS_11use_defaultES17_EElEES18_SK_S17_SK_lE7advanceEl called 743930 returned 100% blocks executed 100%
function _ZN5boost9iterators16iterator_adaptorINS0_18transform_iteratorINS_6detail8parallel17global_descriptorImE9generatorENS_12range_detail16integer_iteratorImEENS_11use_defaultESB_EESA_S6_SB_S6_SB_E7advanceEl called 203000 returned 100% blocks executed 100%
  2434790:  315:      void advance(typename super_t::difference_type n)
   743930:  315-block  0
   743930:  315-block  1
   743930:  315-block  2
   203000:  315-block  3
        -:  316:      {
  2434790:  317:          BOOST_ITERATOR_ADAPTOR_ASSERT_TRAVERSAL(random_access_traversal_tag)
   743930:  317-block  0
call    0 returned 743930
   743930:  317-block  1
call    1 returned 743930
   743930:  317-block  2
call    2 returned 743930
   203000:  317-block  3
call    3 returned 203000
  2434790:  318:          m_iterator += n;
call    0 returned 743930
call    1 returned 743930
call    2 returned 743930
call    3 returned 203000
  2434790:  319:      }
        -:  320:
function _ZN5boost9iterators16iterator_adaptorINS0_17counting_iteratorImNS_11use_defaultES3_EEmmNS0_27random_access_traversal_tagERKmlE9incrementEv called 1 returned 100% blocks executed 100%
function _ZN5boost9iterators16iterator_adaptorINS0_18transform_iteratorINS_6detail8parallel15edge_descriptorINS3_14edge_desc_implINS_12directed_tagEmEEE13out_generatorINS_14adjacency_listINS_4vecSENS_12distributedSINS_5graph11distributed17mpi_process_groupESC_NS_8defaultSEEENS_14bidirectionalSE11DynamicNode11DynamicEdgeNS_11no_propertyENS_5listSEEEEENS3_13out_edge_iterIN9__gnu_cxx17__normal_iteratorIPNS3_20stored_edge_propertyImNS_8propertyINS_26edge_target_processor_id_tEsSL_EEEESt6vectorISX_SaISX_EEEEmS8_lEENS_11use_defaultES14_EES13_S9_S14_S9_S14_E9incrementEv called 201500 returned 100% blocks executed 100%
function _ZN5boost9iterators16iterator_adaptorINS_6detail13out_edge_iterIN9__gnu_cxx17__normal_iteratorIPNS2_20stored_edge_propertyImNS_8propertyINS_26edge_target_processor_id_tEs11DynamicEdgeEEEESt6vectorISB_SaISB_EEEEmNS2_14edge_desc_implINS_12directed_tagEmEElEESG_SJ_NS_11use_defaultESJ_lE9incrementEv called 201700 returned 100% blocks executed 100%
function _ZN5boost9iterators16iterator_adaptorINS0_18transform_iteratorINS_6detail8parallel15edge_descriptorINS3_14edge_desc_implINS_12directed_tagEmEEE12in_generatorINS_14adjacency_listINS_4vecSENS_12distributedSINS_5graph11distributed17mpi_process_groupESC_NS_8defaultSEEENS_14bidirectionalSE11DynamicNode11DynamicEdgeNS_11no_propertyENS_5listSEEEEESt20_List_const_iteratorINS4_14stored_in_edgeIS8_EEENS_11use_defaultESU_EEST_S9_SU_S9_SU_E9incrementEv called 181994 returned 100% blocks executed 100%
function _ZN5boost9iterators16iterator_adaptorINS_18adjacency_iteratorINS_14adjacency_listINS_4vecSENS_12distributedSINS_5graph11distributed17mpi_process_groupES4_NS_8defaultSEEENS_14bidirectionalSE11DynamicNode11DynamicEdgeNS_11no_propertyENS_5listSEEENS_6detail8parallel17global_descriptorImEENS0_18transform_iteratorINSI_15edge_descriptorINSH_14edge_desc_implINS_12directed_tagEmEEE13out_generatorISG_EENSH_13out_edge_iterIN9__gnu_cxx17__normal_iteratorIPNSH_20stored_edge_propertyImNS_8propertyINS_26edge_target_processor_id_tEsSD_EEEESt6vectorIS10_SaIS10_EEEEmSP_lEENS_11use_defaultES17_EElEES18_SK_S17_SK_lE9incrementEv called 200000 returned 100% blocks executed 100%
function _ZN5boost9iterators16iterator_adaptorINS0_18transform_iteratorINS_6detail8parallel17global_descriptorImE9generatorENS_12range_detail16integer_iteratorImEENS_11use_defaultESB_EESA_S6_SB_S6_SB_E9incrementEv called 500200 returned 100% blocks executed 100%
  2570789:  321:      void increment() { ++m_iterator; }
        1:  321-block  0
   201500:  321-block  1
   201500:  321-block  2
call    0 returned 201500
   201700:  321-block  3
   201700:  321-block  4
call    1 returned 201700
   181994:  321-block  5
   181994:  321-block  6
call    2 returned 181994
   200000:  321-block  7
   200000:  321-block  8
call    3 returned 200000
   500200:  321-block  9
   500200:  321-block 10
call    4 returned 500200
        -:  322:
        -:  323:      void decrement()
        -:  324:      {
        -:  325:          BOOST_ITERATOR_ADAPTOR_ASSERT_TRAVERSAL(bidirectional_traversal_tag)
        -:  326:           --m_iterator;
        -:  327:      }
        -:  328:
        -:  329:      template <
        -:  330:          class OtherDerived, class OtherIterator, class V, class C, class R, class D
        -:  331:      >
        -:  332:      typename super_t::difference_type distance_to(
        -:  333:          iterator_adaptor<OtherDerived, OtherIterator, V, C, R, D> const& y) const
        -:  334:      {
        -:  335:          BOOST_ITERATOR_ADAPTOR_ASSERT_TRAVERSAL(random_access_traversal_tag)
        -:  336:          // Maybe readd with same_distance
        -:  337:          //           BOOST_STATIC_ASSERT(
        -:  338:          //               (detail::same_category_and_difference<Derived,OtherDerived>::value)
        -:  339:          //               );
        -:  340:          return y.base() - m_iterator;
        -:  341:      }
        -:  342:
        -:  343:# undef BOOST_ITERATOR_ADAPTOR_ASSERT_TRAVERSAL
        -:  344:
        -:  345:   private: // data members
        -:  346:      Base m_iterator;
        -:  347:  };
        -:  348:
        -:  349:} // namespace iterators
        -:  350:
        -:  351:using iterators::iterator_adaptor;
        -:  352:using iterators::enable_if_convertible;
        -:  353:
        -:  354:} // namespace boost
        -:  355:
        -:  356:#include <boost/iterator/detail/config_undef.hpp>
        -:  357:
        -:  358:#endif // BOOST_ITERATOR_ADAPTOR_23022003THW_HPP
