        -:    0:Source:/home/m4zz31/cppprojct/Utils/memory_management.cpp
        -:    0:Graph:/home/m4zz31/cppprojct/cmake-build-debug-coverage/CMakeFiles/cppprojct.dir/Utils/memory_management.cpp.gcno
        -:    0:Data:/home/m4zz31/cppprojct/cmake-build-debug-coverage/CMakeFiles/cppprojct.dir/Utils/memory_management.cpp.gcda
        -:    0:Runs:1
        -:    0:Programs:1
        -:    1://
        -:    2:// Created by m4zz31 on 1/11/21.
        -:    3://
        -:    4:
        -:    5:#include "memory_management.h"
        -:    6:
function _Z13clear_vectorsSt6vectorIdSaIdEES1_S1_ called 0 returned 0% blocks executed 0%
    #####:    7:void clear_vectors(std::vector<double> a,
    $$$$$:    7-block  0
        -:    8:                std::vector<double> b,
        -:    9:                 std::vector<double> c){
    #####:   10:    a.clear();
    $$$$$:   10-block  0
call    0 never executed
    #####:   11:    a.shrink_to_fit();
call    0 never executed
    #####:   12:    b.clear();
call    0 never executed
    #####:   13:    b.shrink_to_fit();
call    0 never executed
    #####:   14:    c.clear();
call    0 never executed
    #####:   15:    c.shrink_to_fit();
call    0 never executed
    #####:   16:};
