        -:    0:Source:/home/m4zz31/cppprojct/Utils/print_init.cpp
        -:    0:Graph:/home/m4zz31/cppprojct/cmake-build-debug-coverage/CMakeFiles/cppprojct.dir/Utils/print_init.cpp.gcno
        -:    0:Data:/home/m4zz31/cppprojct/cmake-build-debug-coverage/CMakeFiles/cppprojct.dir/Utils/print_init.cpp.gcda
        -:    0:Runs:1
        -:    0:Programs:1
        -:    1://
        -:    2:// Created by m4zz31 on 6/11/21.
        -:    3://
        -:    4:
        -:    5:#include "print_init.h"
        -:    6:#include "adequate_synchronization.h"
        -:    7:
function _Z10print_initi called 1 returned 100% blocks executed 100%
        1:    8:void print_init(int rank){
        1:    8-block  0
        1:    9:    if (rank == 0) {
        1:    9-block  0
branch  0 taken 1 (fallthrough)
branch  1 taken 0
        1:   10:        std::cout << init_msg << std::endl;
        1:   10-block  0
call    0 returned 1
call    1 returned 1
        -:   11:    }
function _GLOBAL__sub_I__Z10print_initi called 1 returned 100% blocks executed 100%
function _Z41__static_initialization_and_destruction_0ii called 1 returned 100% blocks executed 64%
        4:   12:};
        1:   12-block  0
        1:   12-block  1
call    0 returned 1
        1:   12-block  2
        1:   12-block  3
branch  1 taken 1 (fallthrough)
branch  2 taken 0
        1:   12-block  4
branch  3 taken 1 (fallthrough)
branch  4 taken 0
        1:   12-block  5
