        -:    0:Source:/home/m4zz31/cppprojct/Utils/print_warnings.cpp
        -:    0:Graph:/home/m4zz31/cppprojct/cmake-build-debug-coverage/CMakeFiles/cppprojct.dir/Utils/print_warnings.cpp.gcno
        -:    0:Data:/home/m4zz31/cppprojct/cmake-build-debug-coverage/CMakeFiles/cppprojct.dir/Utils/print_warnings.cpp.gcda
        -:    0:Runs:1
        -:    0:Programs:1
        -:    1://
        -:    2:// Created by m4zz31 on 6/11/21.
        -:    3://
        -:    4:
        -:    5:#include "print_warnings.h"
        -:    6:#include "adequate_synchronization.h"
        -:    7:
        -:    8:
function _Z14print_warningsi called 1 returned 100% blocks executed 100%
        1:    9:void print_warnings(int rank){
        1:    9-block  0
        1:   10:    if (rank == 0) {
        1:   10-block  0
branch  0 taken 1 (fallthrough)
branch  1 taken 0
        1:   11:        std::cout << init_warning << std::endl;
        1:   11-block  0
call    0 returned 1
call    1 returned 1
        -:   12:    }
function _GLOBAL__sub_I__Z14print_warningsi called 1 returned 100% blocks executed 100%
function _Z41__static_initialization_and_destruction_0ii called 1 returned 100% blocks executed 64%
        4:   13:};
        1:   13-block  0
        1:   13-block  1
call    0 returned 1
        1:   13-block  2
        1:   13-block  3
branch  1 taken 1 (fallthrough)
branch  2 taken 0
        1:   13-block  4
branch  3 taken 1 (fallthrough)
branch  4 taken 0
        1:   13-block  5
