        -:    0:Source:/home/m4zz31/cppprojct/Utils/global_standard_messages.h
        -:    0:Graph:/home/m4zz31/cppprojct/cmake-build-debug-coverage/CMakeFiles/cppprojct.dir/Utils/print_init.cpp.gcno
        -:    0:Data:/home/m4zz31/cppprojct/cmake-build-debug-coverage/CMakeFiles/cppprojct.dir/Utils/print_init.cpp.gcda
        -:    0:Runs:1
        -:    0:Programs:1
        -:    1://
        -:    2:// Created by m4zz31 on 31/10/21.
        -:    3://
        -:    4:
        -:    5:#ifndef GLOBAL_STANDARIZED_MESSAGES
        -:    6:#define GLOBAL_STANDARIZED_MESSAGES
        -:    7:
        1:    8:const std::string separator = "-------------------------------------";
call    0 returned 1
call    1 returned 1
branch  2 taken 1 (fallthrough)
branch  3 taken 0 (throw)
        1:    8-block  0
call    4 returned 1
call    5 returned 1
    %%%%%:    8-block  1
call    6 never executed
    %%%%%:    8-block  2
call    7 never executed
        1:    9:const std::string msg_prev = "[info][informal-test] about to run ";
call    0 returned 1
call    1 returned 1
branch  2 taken 1 (fallthrough)
branch  3 taken 0 (throw)
        1:    9-block  0
call    4 returned 1
call    5 returned 1
    %%%%%:    9-block  1
call    6 never executed
    %%%%%:    9-block  2
call    7 never executed
        1:   10:const std::string msg_post = "[info][informal-test] (apparent) success ";
call    0 returned 1
call    1 returned 1
branch  2 taken 1 (fallthrough)
branch  3 taken 0 (throw)
        1:   10-block  0
call    4 returned 1
call    5 returned 1
    %%%%%:   10-block  1
call    6 never executed
    %%%%%:   10-block  2
call    7 never executed
        1:   11:const std::string min_threads = "[error] This program requires the max N of threads to be AT LEAST 3: 1 for master (message passing), 1 for the master assistant and 1 for the worker. Environment variable is called OMP_THREAD_LIMIT, please set it to at least 3.";
call    0 returned 1
call    1 returned 1
branch  2 taken 1 (fallthrough)
branch  3 taken 0 (throw)
        1:   11-block  0
call    4 returned 1
call    5 returned 1
    %%%%%:   11-block  1
call    6 never executed
    %%%%%:   11-block  2
call    7 never executed
        1:   12:const std::string nested_threads = "[error] This program requires the OMP_NESTED be set to true. Master needs an assistant!";
call    0 returned 1
call    1 returned 1
branch  2 taken 1 (fallthrough)
branch  3 taken 0 (throw)
        1:   12-block  0
call    4 returned 1
call    5 returned 1
    %%%%%:   12-block  1
call    6 never executed
    %%%%%:   12-block  2
call    7 never executed
        1:   13:const std::string queue_timeout = "[error] TIME_COUNTER_TOLERANCE has been exceded in Communication/CommunicationFunctions/GetAllMsgs. Queue was empty so Master timed out.";
call    0 returned 1
call    1 returned 1
branch  2 taken 1 (fallthrough)
branch  3 taken 0 (throw)
        1:   13-block  0
call    4 returned 1
call    5 returned 1
    %%%%%:   13-block  1
call    6 never executed
    %%%%%:   13-block  2
call    7 never executed
        1:   14:const std::string init_warning = "[warning] We currently rely heavily on the long -> int conversion which during compilation raises warnings of being implementation-defined. Two important lines are:    \n(1) 'rank = in_degree(*v, g) + out_degree(*v, g);' and\n(2) 'NLocals = neighbors.second - neighbors.first;'";
call    0 returned 1
call    1 returned 1
branch  2 taken 1 (fallthrough)
branch  3 taken 0 (throw)
        1:   14-block  0
call    4 returned 1
call    5 returned 1
    %%%%%:   14-block  1
call    6 never executed
    %%%%%:   14-block  2
call    7 never executed
        1:   15:const std::string LOGO = "************************************************\n"
call    0 returned 1
call    1 returned 1
branch  2 taken 1 (fallthrough)
branch  3 taken 0 (throw)
        1:   15-block  0
call    4 returned 1
call    5 returned 1
    %%%%%:   15-block  1
call    6 never executed
    %%%%%:   15-block  2
call    7 never executed
        -:   16:                         "     .-\"\"L_ / \\  /|/  __//  _ \\/ \\/ ___\\/ ___\\  \n"
        -:   17:                         ";`, /   ( o\\| |\\ |||  \\  | | \\|| ||    \\|    \\  \n"
        -:   18:                         "\\  ;    `, /| | \\|||  /_ | |_/|| |\\___ |\\___ |  \n"
        -:   19:                         ";_/\"`.__.-\" \\_/  \\|\\____\\\\____/\\_/\\____/\\____/  \n"
        -:   20:                         "************************************************\n"
        -:   21:                         "  Network Diffusion & Synchronization Simulator";
        1:   22:const std::string init_msg = "\n\n"+LOGO+"\n\n\n";
call    0 returned 1
call    1 returned 1
branch  2 taken 1 (fallthrough)
branch  3 taken 0 (throw)
        1:   22-block  0
call    4 returned 1
call    5 returned 1
    %%%%%:   22-block  1
call    6 never executed
    %%%%%:   22-block  2
call    7 never executed
        1:   23:const std::string min_subthread_msg = "[error] Minimum Required Subthreads are at least 1.";
call    0 returned 1
call    1 returned 1
branch  2 taken 1 (fallthrough)
branch  3 taken 0 (throw)
        1:   23-block  0
call    4 returned 1
call    5 returned 1
    %%%%%:   23-block  1
call    6 never executed
    %%%%%:   23-block  2
call    7 never executed
        1:   24:const std::string min_batch_msg = "[error] a batch size of at least 1 is required in the message handling interface.";
call    0 returned 1
call    1 returned 1
branch  2 taken 1 (fallthrough)
branch  3 taken 0 (throw)
        1:   24-block  0
call    4 returned 1
call    5 returned 1
    %%%%%:   24-block  1
call    6 never executed
    %%%%%:   24-block  2
call    7 never executed
        -:   25:
        -:   26:#endif
