        -:    0:Source:/home/m4zz31/cppprojct/Utils/reproductibility.cpp
        -:    0:Graph:/home/m4zz31/cppprojct/cmake-build-debug-coverage/CMakeFiles/cppprojct.dir/Utils/reproductibility.cpp.gcno
        -:    0:Data:/home/m4zz31/cppprojct/cmake-build-debug-coverage/CMakeFiles/cppprojct.dir/Utils/reproductibility.cpp.gcda
        -:    0:Runs:1
        -:    0:Programs:1
        -:    1://
        -:    2:// Created by m4zz31 on 30/10/21.
        -:    3://
        -:    4:
        -:    5:#include "reproductibility.h"
        -:    6:
function _Z21reproductibility_lockj called 1 returned 100% blocks executed 90%
        1:    7:void reproductibility_lock(unsigned int SEED) {
        1:    7-block  0
        1:    8:    boost::mt19937 gener(1);
        1:    8-block  0
call    0 returned 1
branch  1 taken 1 (fallthrough)
branch  2 taken 0 (throw)
    %%%%%:    8-block  1
        1:    9:    boost::normal_distribution<> normal(0,1);
        1:    9-block  0
call    0 returned 1
        1:   10:    boost::variate_generator<boost::mt19937&,boost::normal_distribution<> > rng(gener, normal);
call    0 returned 1
        1:   11:    rng.engine().seed(SEED);
call    0 returned 1
branch  1 taken 1 (fallthrough)
branch  2 taken 0 (throw)
        1:   11-block  0
call    3 returned 1
branch  4 taken 1 (fallthrough)
branch  5 taken 0 (throw)
        1:   12:    rng.distribution().reset();
        1:   12-block  0
call    0 returned 1
call    1 returned 1
function _GLOBAL__sub_I__Z21reproductibility_lockj called 1 returned 100% blocks executed 100%
function _Z41__static_initialization_and_destruction_0ii called 1 returned 100% blocks executed 100%
        5:   13:}
        1:   13-block  0
        1:   13-block  1
call    0 returned 1
        1:   13-block  2
        1:   13-block  3
branch  1 taken 1 (fallthrough)
branch  2 taken 0
        1:   13-block  4
branch  3 taken 1 (fallthrough)
branch  4 taken 0
