        -:    0:Source:/usr/include/boost/graph/distributed/adjacency_list.hpp
        -:    0:Graph:/home/m4zz31/cppprojct/cmake-build-debug-coverage/CMakeFiles/cppprojct.dir/GraphClasses/RingGraph.cpp.gcno
        -:    0:Data:/home/m4zz31/cppprojct/cmake-build-debug-coverage/CMakeFiles/cppprojct.dir/GraphClasses/RingGraph.cpp.gcda
        -:    0:Runs:1
        -:    0:Programs:1
        -:    1:// Copyright (C) 2004-2006 The Trustees of Indiana University.
        -:    2:// Copyright (C) 2007 Douglas Gregor 
        -:    3:
        -:    4:// Use, modification and distribution is subject to the Boost Software
        -:    5:// License, Version 1.0. (See accompanying file LICENSE_1_0.txt or copy at
        -:    6:// http://www.boost.org/LICENSE_1_0.txt)
        -:    7:
        -:    8://  Authors: Douglas Gregor
        -:    9://           Andrew Lumsdaine
        -:   10:
        -:   11:#ifndef BOOST_GRAPH_DISTRIBUTED_ADJACENCY_LIST_HPP
        -:   12:#define BOOST_GRAPH_DISTRIBUTED_ADJACENCY_LIST_HPP
        -:   13:
        -:   14:#ifndef BOOST_GRAPH_USE_MPI
        -:   15:#error "Parallel BGL files should not be included unless <boost/graph/use_mpi.hpp> has been included"
        -:   16:#endif
        -:   17:
        -:   18:#include <boost/core/uncaught_exceptions.hpp>
        -:   19:#include <boost/graph/adjacency_list.hpp>
        -:   20:#include <boost/graph/properties.hpp>
        -:   21:#include <boost/graph/graph_traits.hpp>
        -:   22:#include <boost/graph/iteration_macros.hpp>
        -:   23:#include <boost/graph/distributed/concepts.hpp>
        -:   24:#include <boost/iterator/transform_iterator.hpp>
        -:   25:#include <boost/property_map/property_map.hpp>
        -:   26:#include <boost/graph/adjacency_iterator.hpp>
        -:   27:#include <boost/property_map/parallel/distributed_property_map.hpp>
        -:   28:#include <boost/property_map/parallel/local_property_map.hpp>
        -:   29:#include <boost/graph/parallel/detail/property_holders.hpp>
        -:   30:#include <boost/mpl/if.hpp>
        -:   31:#include <boost/type_traits/is_same.hpp>
        -:   32:#include <boost/assert.hpp>
        -:   33:#include <list>
        -:   34:#include <iterator>
        -:   35:#include <algorithm>
        -:   36:#include <boost/limits.hpp>
        -:   37:#include <boost/graph/parallel/properties.hpp>
        -:   38:#include <boost/graph/parallel/distribution.hpp>
        -:   39:#include <boost/graph/parallel/algorithm.hpp>
        -:   40:#include <boost/graph/distributed/selector.hpp>
        -:   41:#include <boost/graph/parallel/process_group.hpp>
        -:   42:#include <boost/pending/container_traits.hpp>
        -:   43:
        -:   44:// Callbacks
        -:   45:#include <boost/function/function2.hpp>
        -:   46:
        -:   47:// Serialization
        -:   48:#include <boost/serialization/base_object.hpp>
        -:   49:#include <boost/mpi/datatype.hpp>
        -:   50:#include <boost/pending/property_serialize.hpp>
        -:   51:#include <boost/graph/distributed/unsafe_serialize.hpp>
        -:   52:
        -:   53:// Named vertices
        -:   54:#include <boost/graph/distributed/named_graph.hpp>
        -:   55:
        -:   56:#include <boost/graph/distributed/shuffled_distribution.hpp>
        -:   57:
        -:   58:namespace boost {
        -:   59:
        -:   60:  /// The type used to store an identifier that uniquely names a processor.
        -:   61:  // NGE: I doubt we'll be running on more than 32768 procs for the time being
        -:   62:  typedef /*int*/ short processor_id_type;
        -:   63:
        -:   64:  // Tell which processor the target of an edge resides on (for
        -:   65:  // directed graphs) or which processor the other end point of the
        -:   66:  // edge resides on (for undirected graphs).
        -:   67:  enum edge_target_processor_id_t { edge_target_processor_id };
        -:   68:  BOOST_INSTALL_PROPERTY(edge, target_processor_id);
        -:   69:
        -:   70:  // For undirected graphs, tells whether the edge is locally owned.
        -:   71:  enum edge_locally_owned_t { edge_locally_owned };
        -:   72:  BOOST_INSTALL_PROPERTY(edge, locally_owned);
        -:   73:
        -:   74:  // For bidirectional graphs, stores the incoming edges.
        -:   75:  enum vertex_in_edges_t { vertex_in_edges };
        -:   76:  BOOST_INSTALL_PROPERTY(vertex, in_edges);
        -:   77:
        -:   78:  /// Tag class for directed, distributed adjacency list
        -:   79:  struct directed_distributed_adj_list_tag
        -:   80:    : public virtual distributed_graph_tag,
        -:   81:      public virtual distributed_vertex_list_graph_tag,
        -:   82:      public virtual distributed_edge_list_graph_tag,
        -:   83:      public virtual incidence_graph_tag,
        -:   84:      public virtual adjacency_graph_tag {};
        -:   85:
        -:   86:  /// Tag class for bidirectional, distributed adjacency list
        -:   87:  struct bidirectional_distributed_adj_list_tag
        -:   88:    : public virtual distributed_graph_tag,
        -:   89:      public virtual distributed_vertex_list_graph_tag,
        -:   90:      public virtual distributed_edge_list_graph_tag,
        -:   91:      public virtual incidence_graph_tag,
        -:   92:      public virtual adjacency_graph_tag,
        -:   93:      public virtual bidirectional_graph_tag {};
        -:   94:
        -:   95:  /// Tag class for undirected, distributed adjacency list
        -:   96:  struct undirected_distributed_adj_list_tag
        -:   97:    : public virtual distributed_graph_tag,
        -:   98:      public virtual distributed_vertex_list_graph_tag,
        -:   99:      public virtual distributed_edge_list_graph_tag,
        -:  100:      public virtual incidence_graph_tag,
        -:  101:      public virtual adjacency_graph_tag,
        -:  102:      public virtual bidirectional_graph_tag {};
        -:  103:
        -:  104:  namespace detail {
        -:  105:    template<typename Archiver, typename Directed, typename Vertex>
        -:  106:    void
        -:  107:    serialize(Archiver& ar, edge_base<Directed, Vertex>& e,
        -:  108:              const unsigned int /*version*/)
        -:  109:    {
        -:  110:      ar & unsafe_serialize(e.m_source)
        -:  111:         & unsafe_serialize(e.m_target);
        -:  112:    }
        -:  113:
        -:  114:    template<typename Archiver, typename Directed, typename Vertex>
        -:  115:    void
        -:  116:    serialize(Archiver& ar, edge_desc_impl<Directed, Vertex>& e,
        -:  117:              const unsigned int /*version*/)
        -:  118:    {
        -:  119:      ar & boost::serialization::base_object<edge_base<Directed, Vertex> >(e)
        -:  120:         & unsafe_serialize(e.m_eproperty);
        -:  121:    }
        -:  122:  }
        -:  123:
        -:  124:  namespace detail { namespace parallel {
        -:  125:  
        -:  126:    /**
        -:  127:     * A distributed vertex descriptor. These descriptors contain both
        -:  128:     * the ID of the processor that owns the vertex and a local vertex
        -:  129:     * descriptor that identifies the particular vertex for that
        -:  130:     * processor.
        -:  131:     */
        -:  132:    template<typename LocalDescriptor>
        -:  133:    struct global_descriptor
        -:  134:    {
        -:  135:      typedef LocalDescriptor local_descriptor_type;
        -:  136:
        -:  137:      global_descriptor() : owner(), local() { }
        -:  138:
function _ZN5boost6detail8parallel17global_descriptorImEC2Esm called 0 returned 0% blocks executed 0%
    #####:  139:      global_descriptor(processor_id_type owner, LocalDescriptor local)
    $$$$$:  139-block  0
    #####:  140:        : owner(owner), local(local) { }
        -:  141:
        -:  142:      processor_id_type owner;
        -:  143:      LocalDescriptor local;
        -:  144:
        -:  145:      /**
        -:  146:       * A function object that, given a processor ID, generates
        -:  147:       * distributed vertex descriptors from local vertex
        -:  148:       * descriptors. This function object is used by the
        -:  149:       * vertex_iterator of the distributed adjacency list.
        -:  150:       */
        -:  151:      struct generator
        -:  152:      {
        -:  153:        typedef global_descriptor<LocalDescriptor> result_type;
        -:  154:        typedef LocalDescriptor argument_type;
        -:  155:
        -:  156:        generator() {}
        -:  157:        generator(processor_id_type owner) : owner(owner) {}
        -:  158:
        -:  159:        result_type operator()(argument_type v) const
        -:  160:        { return result_type(owner, v); }
        -:  161:
        -:  162:      private:
        -:  163:        processor_id_type owner;
        -:  164:      };
        -:  165:
        -:  166:      template<typename Archiver>
        -:  167:      void serialize(Archiver& ar, const unsigned int /*version*/)
        -:  168:      {
        -:  169:        ar & owner & unsafe_serialize(local);
        -:  170:      }
        -:  171:    };
        -:  172:
        -:  173:    /// Determine the process that owns the given descriptor
        -:  174:    template<typename LocalDescriptor>
        -:  175:    inline processor_id_type owner(const global_descriptor<LocalDescriptor>& v)
        -:  176:    { return v.owner; }
        -:  177:
        -:  178:    /// Determine the local portion of the given descriptor
        -:  179:    template<typename LocalDescriptor>
        -:  180:    inline LocalDescriptor local(const global_descriptor<LocalDescriptor>& v)
        -:  181:    { return v.local; }
        -:  182:
        -:  183:    /// Compare distributed vertex descriptors for equality
        -:  184:    template<typename LocalDescriptor>
        -:  185:    inline bool
        -:  186:    operator==(const global_descriptor<LocalDescriptor>& u,
        -:  187:               const global_descriptor<LocalDescriptor>& v)
        -:  188:    {
        -:  189:      return u.owner == v.owner && u.local == v.local;
        -:  190:    }
        -:  191:
        -:  192:    /// Compare distributed vertex descriptors for inequality
        -:  193:    template<typename LocalDescriptor>
        -:  194:    inline bool
        -:  195:    operator!=(const global_descriptor<LocalDescriptor>& u,
        -:  196:               const global_descriptor<LocalDescriptor>& v)
        -:  197:    { return !(u == v); }
        -:  198:
        -:  199:    template<typename LocalDescriptor>
        -:  200:    inline bool
        -:  201:    operator<(const global_descriptor<LocalDescriptor>& u,
        -:  202:              const global_descriptor<LocalDescriptor>& v)
        -:  203:    {
        -:  204:      return (u.owner) < v.owner || (u.owner == v.owner && (u.local) < v.local);
        -:  205:    }
        -:  206:
        -:  207:    template<typename LocalDescriptor>
        -:  208:    inline bool
        -:  209:    operator<=(const global_descriptor<LocalDescriptor>& u,
        -:  210:               const global_descriptor<LocalDescriptor>& v)
        -:  211:    {
        -:  212:      return u.owner <= v.owner || (u.owner == v.owner && u.local <= v.local);
        -:  213:    }
        -:  214:
        -:  215:    template<typename LocalDescriptor>
        -:  216:    inline bool
        -:  217:    operator>(const global_descriptor<LocalDescriptor>& u,
        -:  218:              const global_descriptor<LocalDescriptor>& v)
        -:  219:    {
        -:  220:      return v < u;
        -:  221:    }
        -:  222:
        -:  223:    template<typename LocalDescriptor>
        -:  224:    inline bool
        -:  225:    operator>=(const global_descriptor<LocalDescriptor>& u,
        -:  226:               const global_descriptor<LocalDescriptor>& v)
        -:  227:    {
        -:  228:      return v <= u;
        -:  229:    }
        -:  230:
        -:  231:    // DPG TBD: Add <, <=, >=, > for global descriptors
        -:  232:
        -:  233:    /**
        -:  234:     * A Readable Property Map that extracts a global descriptor pair
        -:  235:     * from a global_descriptor.
        -:  236:     */
        -:  237:    template<typename LocalDescriptor>
        -:  238:    struct global_descriptor_property_map
        -:  239:    {
        -:  240:      typedef std::pair<processor_id_type, LocalDescriptor> value_type;
        -:  241:      typedef value_type reference;
        -:  242:      typedef global_descriptor<LocalDescriptor> key_type;
        -:  243:      typedef readable_property_map_tag category;
        -:  244:    };
        -:  245:
        -:  246:    template<typename LocalDescriptor>
        -:  247:    inline std::pair<processor_id_type, LocalDescriptor>
        -:  248:    get(global_descriptor_property_map<LocalDescriptor>,
        -:  249:        global_descriptor<LocalDescriptor> x)
        -:  250:    {
        -:  251:      return std::pair<processor_id_type, LocalDescriptor>(x.owner, x.local);
        -:  252:    }
        -:  253:
        -:  254:    /**
        -:  255:     * A Readable Property Map that extracts the owner of a global
        -:  256:     * descriptor.
        -:  257:     */
        -:  258:    template<typename LocalDescriptor>
        -:  259:    struct owner_property_map
        -:  260:    {
        -:  261:      typedef processor_id_type value_type;
        -:  262:      typedef value_type reference;
        -:  263:      typedef global_descriptor<LocalDescriptor> key_type;
        -:  264:      typedef readable_property_map_tag category;
        -:  265:    };
        -:  266:
        -:  267:    template<typename LocalDescriptor>
        -:  268:    inline processor_id_type
        -:  269:    get(owner_property_map<LocalDescriptor>,
        -:  270:        global_descriptor<LocalDescriptor> x)
        -:  271:    {
        -:  272:      return x.owner;
        -:  273:    }
        -:  274:
        -:  275:    /**
        -:  276:     * A Readable Property Map that extracts the local descriptor from
        -:  277:     * a global descriptor.
        -:  278:     */
        -:  279:    template<typename LocalDescriptor>
        -:  280:    struct local_descriptor_property_map
        -:  281:    {
        -:  282:      typedef LocalDescriptor value_type;
        -:  283:      typedef value_type reference;
        -:  284:      typedef global_descriptor<LocalDescriptor> key_type;
        -:  285:      typedef readable_property_map_tag category;
        -:  286:    };
        -:  287:
        -:  288:    template<typename LocalDescriptor>
        -:  289:    inline LocalDescriptor
        -:  290:    get(local_descriptor_property_map<LocalDescriptor>,
        -:  291:        global_descriptor<LocalDescriptor> x)
        -:  292:    {
        -:  293:      return x.local;
        -:  294:    }
        -:  295:
        -:  296:    /**
        -:  297:     * Stores an incoming edge for a bidirectional distributed
        -:  298:     * adjacency list. The user does not see this type directly,
        -:  299:     * because it is just an implementation detail.
        -:  300:     */
        -:  301:    template<typename Edge>
        -:  302:    struct stored_in_edge
        -:  303:    {
function _ZN5boost6detail8parallel14stored_in_edgeINS0_14edge_desc_implINS_12directed_tagEmEEEC2EsS5_ called 0 returned 0% blocks executed 0%
    #####:  304:      stored_in_edge(processor_id_type sp, Edge e)
    $$$$$:  304-block  0
    #####:  305:        : source_processor(sp), e(e) {}
        -:  306:
        -:  307:      processor_id_type source_processor;
        -:  308:      Edge e;
        -:  309:    };
        -:  310:
        -:  311:    /**
        -:  312:     * A distributed edge descriptor. These descriptors contain the
        -:  313:     * underlying edge descriptor, the processor IDs for both the
        -:  314:     * source and the target of the edge, and a boolean flag that
        -:  315:     * indicates which of the processors actually owns the edge.
        -:  316:     */
        -:  317:    template<typename Edge>
        -:  318:    struct edge_descriptor
        -:  319:    {
function _ZN5boost6detail8parallel15edge_descriptorINS0_14edge_desc_implINS_12directed_tagEmEEEC2EssbS5_ called 0 returned 0% blocks executed 0%
    #####:  320:      edge_descriptor(processor_id_type sp = processor_id_type(),
    $$$$$:  320-block  0
        -:  321:                      processor_id_type tp = processor_id_type(),
        -:  322:                      bool owns = false, Edge ld = Edge())
        -:  323:        : source_processor(sp), target_processor(tp),
    #####:  324:          source_owns_edge(owns), local(ld) {}
        -:  325:
        -:  326:      processor_id_type owner() const
        -:  327:      {
        -:  328:        return source_owns_edge? source_processor : target_processor;
        -:  329:      }
        -:  330:
        -:  331:      /// The processor that the source vertex resides on
        -:  332:      processor_id_type source_processor;
        -:  333:
        -:  334:      /// The processor that the target vertex resides on
        -:  335:      processor_id_type target_processor;
        -:  336:
        -:  337:      /// True when the source processor owns the edge, false when the
        -:  338:      /// target processor owns the edge.
        -:  339:      bool source_owns_edge;
        -:  340:
        -:  341:      /// The local edge descriptor.
        -:  342:      Edge local;
        -:  343:
        -:  344:      /**
        -:  345:       * Function object that generates edge descriptors for the
        -:  346:       * out_edge_iterator of the given distributed adjacency list
        -:  347:       * from the edge descriptors of the underlying adjacency list.
        -:  348:       */
        -:  349:      template<typename Graph>
        -:  350:      class out_generator
        -:  351:      {
        -:  352:        typedef typename Graph::directed_selector directed_selector;
        -:  353:
        -:  354:      public:
        -:  355:        typedef edge_descriptor<Edge> result_type;
        -:  356:        typedef Edge argument_type;
        -:  357:
        -:  358:        out_generator() : g(0) {}
        -:  359:        explicit out_generator(const Graph& g) : g(&g) {}
        -:  360:
        -:  361:        result_type operator()(argument_type e) const
        -:  362:        { return map(e, directed_selector()); }
        -:  363:
        -:  364:      private:
        -:  365:        result_type map(argument_type e, directedS) const
        -:  366:        {
        -:  367:          return result_type(g->processor(),
        -:  368:                             get(edge_target_processor_id, g->base(), e),
        -:  369:                             true, e);
        -:  370:        }
        -:  371:
        -:  372:        result_type map(argument_type e, bidirectionalS) const
        -:  373:        {
        -:  374:          return result_type(g->processor(),
        -:  375:                             get(edge_target_processor_id, g->base(), e),
        -:  376:                             true, e);
        -:  377:        }
        -:  378:
        -:  379:        result_type map(argument_type e, undirectedS) const
        -:  380:        {
        -:  381:          return result_type(g->processor(),
        -:  382:                             get(edge_target_processor_id, g->base(), e),
        -:  383:                             get(edge_locally_owned, g->base(), e),
        -:  384:                             e);
        -:  385:        }
        -:  386:
        -:  387:        const Graph* g;
        -:  388:      };
        -:  389:
        -:  390:      /**
        -:  391:       * Function object that generates edge descriptors for the
        -:  392:       * in_edge_iterator of the given distributed adjacency list
        -:  393:       * from the edge descriptors of the underlying adjacency list.
        -:  394:       */
        -:  395:      template<typename Graph>
        -:  396:      class in_generator
        -:  397:      {
        -:  398:        typedef typename Graph::directed_selector DirectedS;
        -:  399:
        -:  400:      public:
        -:  401:        typedef typename boost::mpl::if_<is_same<DirectedS, bidirectionalS>,
        -:  402:                                         stored_in_edge<Edge>,
        -:  403:                                         Edge>::type argument_type;
        -:  404:        typedef edge_descriptor<Edge> result_type;
        -:  405:
        -:  406:        in_generator() : g(0) {}
        -:  407:        explicit in_generator(const Graph& g) : g(&g) {}
        -:  408:
        -:  409:        result_type operator()(argument_type e) const
        -:  410:        { return map(e, DirectedS()); }
        -:  411:
        -:  412:      private:
        -:  413:        /**
        -:  414:         * For a bidirectional graph, we just generate the appropriate
        -:  415:         * edge. No tricks.
        -:  416:         */
        -:  417:        result_type map(argument_type e, bidirectionalS) const
        -:  418:        {
        -:  419:          return result_type(e.source_processor,
        -:  420:                             g->processor(),
        -:  421:                             true,
        -:  422:                             e.e);
        -:  423:        }
        -:  424:
        -:  425:        /**
        -:  426:         * For an undirected graph, we generate descriptors for the
        -:  427:         * incoming edges by swapping the source/target of the
        -:  428:         * underlying edge descriptor (a hack). The target processor
        -:  429:         * ID on the edge is actually the source processor for this
        -:  430:         * edge, and our processor is the target processor. If the
        -:  431:         * edge is locally owned, then it is owned by the target (us);
        -:  432:         * otherwise it is owned by the source.
        -:  433:         */
        -:  434:        result_type map(argument_type e, undirectedS) const
        -:  435:        {
        -:  436:          typename Graph::local_edge_descriptor local_edge(e);
        -:  437:          // TBD: This is a very, VERY lame hack that takes advantage
        -:  438:          // of our knowledge of the internals of the BGL
        -:  439:          // adjacency_list. There should be a cleaner way to handle
        -:  440:          // this...
        -:  441:          using std::swap;
        -:  442:          swap(local_edge.m_source, local_edge.m_target);
        -:  443:          return result_type(get(edge_target_processor_id, g->base(), e),
        -:  444:                             g->processor(),
        -:  445:                             !get(edge_locally_owned, g->base(), e),
        -:  446:                             local_edge);
        -:  447:        }
        -:  448:
        -:  449:        const Graph* g;
        -:  450:      };
        -:  451:
        -:  452:    private:
        -:  453:      friend class boost::serialization::access;
        -:  454:
        -:  455:      template<typename Archiver>
        -:  456:      void serialize(Archiver& ar, const unsigned int /*version*/)
        -:  457:      {
        -:  458:        ar
        -:  459:          & source_processor
        -:  460:          & target_processor
        -:  461:          & source_owns_edge
        -:  462:          & local;
        -:  463:      }
        -:  464:    };
        -:  465:
        -:  466:    /// Determine the process that owns this edge
        -:  467:    template<typename Edge>
        -:  468:    inline processor_id_type
        -:  469:    owner(const edge_descriptor<Edge>& e)
        -:  470:    { return e.source_owns_edge? e.source_processor : e.target_processor; }
        -:  471:
        -:  472:    /// Determine the local descriptor for this edge.
        -:  473:    template<typename Edge>
        -:  474:    inline Edge
        -:  475:    local(const edge_descriptor<Edge>& e)
        -:  476:    { return e.local; }
        -:  477:
        -:  478:    /**
        -:  479:     * A Readable Property Map that extracts the owner and local
        -:  480:     * descriptor of an edge descriptor.
        -:  481:     */
        -:  482:    template<typename Edge>
        -:  483:    struct edge_global_property_map
        -:  484:    {
        -:  485:      typedef std::pair<processor_id_type, Edge> value_type;
        -:  486:      typedef value_type reference;
        -:  487:      typedef edge_descriptor<Edge> key_type;
        -:  488:      typedef readable_property_map_tag category;
        -:  489:    };
        -:  490:
        -:  491:    template<typename Edge>
        -:  492:    inline std::pair<processor_id_type, Edge>
        -:  493:    get(edge_global_property_map<Edge>, const edge_descriptor<Edge>& e)
        -:  494:    {
        -:  495:      typedef std::pair<processor_id_type, Edge> result_type;
        -:  496:      return result_type(e.source_owns_edge? e.source_processor
        -:  497:                         /* target owns edge*/: e.target_processor,
        -:  498:                         e.local);
        -:  499:    }
        -:  500:
        -:  501:    /**
        -:  502:     * A Readable Property Map that extracts the owner of an edge
        -:  503:     * descriptor.
        -:  504:     */
        -:  505:    template<typename Edge>
        -:  506:    struct edge_owner_property_map
        -:  507:    {
        -:  508:      typedef processor_id_type value_type;
        -:  509:      typedef value_type reference;
        -:  510:      typedef edge_descriptor<Edge> key_type;
        -:  511:      typedef readable_property_map_tag category;
        -:  512:    };
        -:  513:
        -:  514:    template<typename Edge>
        -:  515:    inline processor_id_type
        -:  516:    get(edge_owner_property_map<Edge>, const edge_descriptor<Edge>& e)
        -:  517:    {
        -:  518:      return e.source_owns_edge? e.source_processor : e.target_processor;
        -:  519:    }
        -:  520:
        -:  521:    /**
        -:  522:     * A Readable Property Map that extracts the local descriptor from
        -:  523:     * an edge descriptor.
        -:  524:     */
        -:  525:    template<typename Edge>
        -:  526:    struct edge_local_property_map
        -:  527:    {
        -:  528:      typedef Edge value_type;
        -:  529:      typedef value_type reference;
        -:  530:      typedef edge_descriptor<Edge> key_type;
        -:  531:      typedef readable_property_map_tag category;
        -:  532:    };
        -:  533:
        -:  534:    template<typename Edge>
        -:  535:    inline Edge
        -:  536:    get(edge_local_property_map<Edge>,
        -:  537:        const edge_descriptor<Edge>& e)
        -:  538:    {
        -:  539:      return e.local;
        -:  540:    }
        -:  541:
        -:  542:    /** Compare distributed edge descriptors for equality.
        -:  543:     *
        -:  544:     * \todo need edge_descriptor to know if it is undirected so we
        -:  545:     * can compare both ways.
        -:  546:     */
        -:  547:    template<typename Edge>
        -:  548:    inline bool
        -:  549:    operator==(const edge_descriptor<Edge>& e1,
        -:  550:               const edge_descriptor<Edge>& e2)
        -:  551:    {
        -:  552:      return (e1.source_processor == e2.source_processor
        -:  553:              && e1.target_processor == e2.target_processor
        -:  554:              && e1.local == e2.local);
        -:  555:    }
        -:  556:
        -:  557:    /// Compare distributed edge descriptors for inequality.
        -:  558:    template<typename Edge>
        -:  559:    inline bool
        -:  560:    operator!=(const edge_descriptor<Edge>& e1,
        -:  561:               const edge_descriptor<Edge>& e2)
        -:  562:    { return !(e1 == e2); }
        -:  563:
        -:  564:    /**
        -:  565:     * Configuration for the distributed adjacency list. We use this
        -:  566:     * parameter to store all of the configuration details for the
        -:  567:     * implementation of the distributed adjacency list, which allows us to
        -:  568:     * get at the distribution type in the maybe_named_graph.
        -:  569:     */
        -:  570:    template<typename OutEdgeListS, typename ProcessGroup,
        -:  571:             typename InVertexListS, typename InDistribution,
        -:  572:             typename DirectedS, typename VertexProperty, 
        -:  573:             typename EdgeProperty, typename GraphProperty, 
        -:  574:             typename EdgeListS>
        -:  575:    struct adjacency_list_config
        -:  576:    {
        -:  577:      typedef typename mpl::if_<is_same<InVertexListS, defaultS>, 
        -:  578:                                vecS, InVertexListS>::type 
        -:  579:        VertexListS;
        -:  580:
        -:  581:      /// Introduce the target processor ID property for each edge
        -:  582:      typedef property<edge_target_processor_id_t, processor_id_type,
        -:  583:                       EdgeProperty> edge_property_with_id;
        -:  584:
        -:  585:      /// For undirected graphs, introduce the locally-owned property for edges
        -:  586:      typedef typename boost::mpl::if_<is_same<DirectedS, undirectedS>,
        -:  587:                                       property<edge_locally_owned_t, bool,
        -:  588:                                                edge_property_with_id>,
        -:  589:                                       edge_property_with_id>::type
        -:  590:        base_edge_property_type;
        -:  591:
        -:  592:      /// The edge descriptor type for the local subgraph
        -:  593:      typedef typename adjacency_list_traits<OutEdgeListS,
        -:  594:                                             VertexListS,
        -:  595:                                             directedS>::edge_descriptor
        -:  596:        local_edge_descriptor;
        -:  597:
        -:  598:      /// For bidirectional graphs, the type of an incoming stored edge
        -:  599:      typedef stored_in_edge<local_edge_descriptor> bidir_stored_edge;
        -:  600:
        -:  601:      /// The container type that will store incoming edges for a
        -:  602:      /// bidirectional graph.
        -:  603:      typedef typename container_gen<EdgeListS, bidir_stored_edge>::type
        -:  604:        in_edge_list_type;
        -:  605:
        -:  606:      // Bidirectional graphs have an extra vertex property to store
        -:  607:      // the incoming edges.
        -:  608:      typedef typename boost::mpl::if_<is_same<DirectedS, bidirectionalS>,
        -:  609:                                       property<vertex_in_edges_t, in_edge_list_type,
        -:  610:                                                VertexProperty>,
        -:  611:                                       VertexProperty>::type 
        -:  612:        base_vertex_property_type;
        -:  613:
        -:  614:      // The type of the distributed adjacency list
        -:  615:      typedef adjacency_list<OutEdgeListS,
        -:  616:                             distributedS<ProcessGroup, 
        -:  617:                                          VertexListS, 
        -:  618:                                          InDistribution>,
        -:  619:                             DirectedS, VertexProperty, EdgeProperty,
        -:  620:                             GraphProperty, EdgeListS> 
        -:  621:        graph_type;
        -:  622:
        -:  623:      // The type of the underlying adjacency list implementation
        -:  624:      typedef adjacency_list<OutEdgeListS, VertexListS, directedS,
        -:  625:                             base_vertex_property_type,
        -:  626:                             base_edge_property_type,
        -:  627:                             GraphProperty,
        -:  628:                             EdgeListS> 
        -:  629:        inherited;
        -:  630:      
        -:  631:      typedef InDistribution in_distribution_type;
        -:  632:      typedef typename inherited::vertices_size_type vertices_size_type;
        -:  633:
        -:  634:          typedef typename ::boost::graph::distributed::select_distribution<
        -:  635:              in_distribution_type, VertexProperty, vertices_size_type, 
        -:  636:              ProcessGroup>::type 
        -:  637:        base_distribution_type;
        -:  638:
        -:  639:          typedef ::boost::graph::distributed::shuffled_distribution<
        -:  640:          base_distribution_type> distribution_type;
        -:  641:
        -:  642:      typedef VertexProperty vertex_property_type;
        -:  643:      typedef EdgeProperty edge_property_type;
        -:  644:      typedef ProcessGroup process_group_type;
        -:  645:
        -:  646:      typedef VertexListS vertex_list_selector;
        -:  647:      typedef OutEdgeListS out_edge_list_selector;
        -:  648:      typedef DirectedS directed_selector;
        -:  649:      typedef GraphProperty graph_property_type;
        -:  650:      typedef EdgeListS edge_list_selector;
        -:  651:    };
        -:  652:
        -:  653:    // Maybe initialize the indices of each vertex
        -:  654:    template<typename IteratorPair, typename VertexIndexMap>
        -:  655:    void
        -:  656:    maybe_initialize_vertex_indices(IteratorPair p, VertexIndexMap to_index,
        -:  657:                                    read_write_property_map_tag)
        -:  658:    {
        -:  659:      typedef typename property_traits<VertexIndexMap>::value_type index_t;
        -:  660:      index_t next_index = 0;
        -:  661:      while (p.first != p.second)
        -:  662:        put(to_index, *p.first++, next_index++);
        -:  663:    }
        -:  664:
        -:  665:    template<typename IteratorPair, typename VertexIndexMap>
        -:  666:    inline void
        -:  667:    maybe_initialize_vertex_indices(IteratorPair p, VertexIndexMap to_index,
        -:  668:                                    readable_property_map_tag)
        -:  669:    {
        -:  670:      // Do nothing
        -:  671:    }
        -:  672:
        -:  673:    template<typename IteratorPair, typename VertexIndexMap>
        -:  674:    inline void
        -:  675:    maybe_initialize_vertex_indices(IteratorPair p, VertexIndexMap to_index)
        -:  676:    {
        -:  677:      typedef typename property_traits<VertexIndexMap>::category category;
        -:  678:      maybe_initialize_vertex_indices(p, to_index, category());
        -:  679:    }
        -:  680:
        -:  681:    template<typename IteratorPair>
        -:  682:    inline void
        -:  683:    maybe_initialize_vertex_indices(IteratorPair p,
        -:  684:                                    ::boost::detail::error_property_not_found)
        -:  685:    { }
        -:  686:
        -:  687:    /***********************************************************************
        -:  688:     * Message Payloads                                                    *
        -:  689:     ***********************************************************************/
        -:  690:
        -:  691:    /**
        -:  692:     * Data stored with a msg_add_edge message, which requests the
        -:  693:     * remote addition of an edge.
        -:  694:     */
        -:  695:    template<typename Vertex, typename LocalVertex>
        -:  696:    struct msg_add_edge_data
        -:  697:    {
        -:  698:      msg_add_edge_data() { }
        -:  699:
function _ZN5boost6detail8parallel17msg_add_edge_dataINS1_17global_descriptorImEEmEC2ES4_S4_ called 0 returned 0% blocks executed 0%
    #####:  700:      msg_add_edge_data(Vertex source, Vertex target)
    $$$$$:  700-block  0
    #####:  701:        : source(source.local), target(target) { }
        -:  702:
        -:  703:      /// The source of the edge; the processor will be the
        -:  704:      /// receiving processor.
        -:  705:      LocalVertex source;
        -:  706:        
        -:  707:      /// The target of the edge.
        -:  708:      Vertex target;
        -:  709:        
        -:  710:      template<typename Archiver>
        -:  711:      void serialize(Archiver& ar, const unsigned int /*version*/)
        -:  712:      {
        -:  713:        ar & unsafe_serialize(source) & target;
        -:  714:      }
        -:  715:    };
        -:  716:
        -:  717:    /**
        -:  718:     * Like @c msg_add_edge_data, but also includes a user-specified
        -:  719:     * property value to be attached to the edge.
        -:  720:     */
        -:  721:    template<typename Vertex, typename LocalVertex, typename EdgeProperty>
        -:  722:    struct msg_add_edge_with_property_data
        -:  723:      : msg_add_edge_data<Vertex, LocalVertex>, 
        -:  724:        maybe_store_property<EdgeProperty>
        -:  725:    {
        -:  726:    private:
        -:  727:      typedef msg_add_edge_data<Vertex, LocalVertex> inherited_data;
        -:  728:      typedef maybe_store_property<EdgeProperty> inherited_property;
        -:  729:
        -:  730:    public:
        -:  731:      msg_add_edge_with_property_data() { }
        -:  732:
        -:  733:      msg_add_edge_with_property_data(Vertex source, 
        -:  734:                                      Vertex target,
        -:  735:                                      const EdgeProperty& property)
        -:  736:        : inherited_data(source, target),
        -:  737:          inherited_property(property) { }
        -:  738:      
        -:  739:      template<typename Archiver>
        -:  740:      void serialize(Archiver& ar, const unsigned int /*version*/)
        -:  741:      {
        -:  742:        ar & boost::serialization::base_object<inherited_data>(*this) 
        -:  743:           & boost::serialization::base_object<inherited_property>(*this);
        -:  744:      }
        -:  745:    };
        -:  746:
        -:  747:    //------------------------------------------------------------------------
        -:  748:    // Distributed adjacency list property map details
        -:  749:    /**
        -:  750:     * Metafunction that extracts the given property from the given
        -:  751:     * distributed adjacency list type. This could be implemented much
        -:  752:     * more cleanly, but even newer versions of GCC (e.g., 3.2.3)
        -:  753:     * cannot properly handle partial specializations involving
        -:  754:     * enumerator types.
        -:  755:     */
        -:  756:    template<typename Property>
        -:  757:    struct get_adj_list_pmap
        -:  758:    {
        -:  759:      template<typename Graph>
        -:  760:      struct apply
        -:  761:      {
        -:  762:        typedef Graph graph_type;
        -:  763:        typedef typename graph_type::process_group_type process_group_type;
        -:  764:        typedef typename graph_type::inherited base_graph_type;
        -:  765:        typedef typename property_map<base_graph_type, Property>::type
        -:  766:          local_pmap;
        -:  767:        typedef typename property_map<base_graph_type, Property>::const_type
        -:  768:          local_const_pmap;
        -:  769:
        -:  770:        typedef graph_traits<graph_type> traits;
        -:  771:        typedef typename graph_type::local_vertex_descriptor local_vertex;
        -:  772:        typedef typename property_traits<local_pmap>::key_type local_key_type;
        -:  773:
        -:  774:        typedef typename property_traits<local_pmap>::value_type value_type;
        -:  775:
        -:  776:        typedef typename property_map<Graph, vertex_global_t>::const_type
        -:  777:          vertex_global_map;
        -:  778:        typedef typename property_map<Graph, edge_global_t>::const_type
        -:  779:          edge_global_map;
        -:  780:
        -:  781:        typedef typename mpl::if_c<(is_same<local_key_type,
        -:  782:                                            local_vertex>::value),
        -:  783:                                   vertex_global_map, edge_global_map>::type
        -:  784:          global_map;
        -:  785:
        -:  786:      public:
        -:  787:        typedef ::boost::parallel::distributed_property_map<
        -:  788:                  process_group_type, global_map, local_pmap> type;
        -:  789:
        -:  790:        typedef ::boost::parallel::distributed_property_map<
        -:  791:                  process_group_type, global_map, local_const_pmap> const_type;
        -:  792:      };
        -:  793:    };
        -:  794:
        -:  795:    /**
        -:  796:     * The local vertex index property map is actually a mapping from
        -:  797:     * the local vertex descriptors to vertex indices.
        -:  798:     */
        -:  799:    template<>
        -:  800:    struct get_adj_list_pmap<vertex_local_index_t>
        -:  801:    {
        -:  802:      template<typename Graph>
        -:  803:      struct apply
        -:  804:        : ::boost::property_map<typename Graph::inherited, vertex_index_t>
        -:  805:      { };
        -:  806:    };
        -:  807:
        -:  808:    /**
        -:  809:     * The vertex index property map maps from global descriptors
        -:  810:     * (e.g., the vertex descriptor of a distributed adjacency list)
        -:  811:     * to the underlying local index. It is not valid to use this
        -:  812:     * property map with nonlocal descriptors.
        -:  813:     */
        -:  814:    template<>
        -:  815:    struct get_adj_list_pmap<vertex_index_t>
        -:  816:    {
        -:  817:      template<typename Graph>
        -:  818:      struct apply
        -:  819:      {
        -:  820:      private:
        -:  821:        typedef typename property_map<Graph, vertex_global_t>::const_type
        -:  822:          global_map;
        -:  823:
        -:  824:        typedef property_map<typename Graph::inherited, vertex_index_t> local;
        -:  825:
        -:  826:      public:
        -:  827:        typedef local_property_map<typename Graph::process_group_type,
        -:  828:                                   global_map,
        -:  829:                                   typename local::type> type;
        -:  830:        typedef local_property_map<typename Graph::process_group_type,
        -:  831:                                   global_map,
        -:  832:                                   typename local::const_type> const_type;
        -:  833:      };
        -:  834:    };
        -:  835:
        -:  836:    /**
        -:  837:     * The vertex owner property map maps from vertex descriptors to
        -:  838:     * the processor that owns the vertex.
        -:  839:     */
        -:  840:    template<>
        -:  841:    struct get_adj_list_pmap<vertex_global_t>
        -:  842:    {
        -:  843:      template<typename Graph>
        -:  844:      struct apply
        -:  845:      {
        -:  846:      private:
        -:  847:        typedef typename Graph::local_vertex_descriptor
        -:  848:          local_vertex_descriptor;
        -:  849:      public:
        -:  850:        typedef global_descriptor_property_map<local_vertex_descriptor> type;
        -:  851:        typedef type const_type;
        -:  852:      };
        -:  853:    };
        -:  854:
        -:  855:    /**
        -:  856:     * The vertex owner property map maps from vertex descriptors to
        -:  857:     * the processor that owns the vertex.
        -:  858:     */
        -:  859:    template<>
        -:  860:    struct get_adj_list_pmap<vertex_owner_t>
        -:  861:    {
        -:  862:      template<typename Graph>
        -:  863:      struct apply
        -:  864:      {
        -:  865:      private:
        -:  866:        typedef typename Graph::local_vertex_descriptor
        -:  867:          local_vertex_descriptor;
        -:  868:      public:
        -:  869:        typedef owner_property_map<local_vertex_descriptor> type;
        -:  870:        typedef type const_type;
        -:  871:      };
        -:  872:    };
        -:  873:
        -:  874:    /**
        -:  875:     * The vertex local property map maps from vertex descriptors to
        -:  876:     * the local descriptor for that vertex.
        -:  877:     */
        -:  878:    template<>
        -:  879:    struct get_adj_list_pmap<vertex_local_t>
        -:  880:    {
        -:  881:      template<typename Graph>
        -:  882:      struct apply
        -:  883:      {
        -:  884:      private:
        -:  885:        typedef typename Graph::local_vertex_descriptor
        -:  886:          local_vertex_descriptor;
        -:  887:      public:
        -:  888:        typedef local_descriptor_property_map<local_vertex_descriptor> type;
        -:  889:        typedef type const_type;
        -:  890:      };
        -:  891:    };
        -:  892:
        -:  893:    /**
        -:  894:     * The edge global property map maps from edge descriptors to
        -:  895:     * a pair of the owning processor and local descriptor.
        -:  896:     */
        -:  897:    template<>
        -:  898:    struct get_adj_list_pmap<edge_global_t>
        -:  899:    {
        -:  900:      template<typename Graph>
        -:  901:      struct apply
        -:  902:      {
        -:  903:      private:
        -:  904:        typedef typename Graph::local_edge_descriptor
        -:  905:          local_edge_descriptor;
        -:  906:      public:
        -:  907:        typedef edge_global_property_map<local_edge_descriptor> type;
        -:  908:        typedef type const_type;
        -:  909:      };
        -:  910:    };
        -:  911:
        -:  912:    /**
        -:  913:     * The edge owner property map maps from edge descriptors to
        -:  914:     * the processor that owns the edge.
        -:  915:     */
        -:  916:    template<>
        -:  917:    struct get_adj_list_pmap<edge_owner_t>
        -:  918:    {
        -:  919:      template<typename Graph>
        -:  920:      struct apply
        -:  921:      {
        -:  922:      private:
        -:  923:        typedef typename Graph::local_edge_descriptor
        -:  924:          local_edge_descriptor;
        -:  925:      public:
        -:  926:        typedef edge_owner_property_map<local_edge_descriptor> type;
        -:  927:        typedef type const_type;
        -:  928:      };
        -:  929:    };
        -:  930:
        -:  931:    /**
        -:  932:     * The edge local property map maps from edge descriptors to
        -:  933:     * the local descriptor for that edge.
        -:  934:     */
        -:  935:    template<>
        -:  936:    struct get_adj_list_pmap<edge_local_t>
        -:  937:    {
        -:  938:      template<typename Graph>
        -:  939:      struct apply
        -:  940:      {
        -:  941:      private:
        -:  942:        typedef typename Graph::local_edge_descriptor
        -:  943:          local_edge_descriptor;
        -:  944:      public:
        -:  945:        typedef edge_local_property_map<local_edge_descriptor> type;
        -:  946:        typedef type const_type;
        -:  947:      };
        -:  948:    };
        -:  949:    //------------------------------------------------------------------------
        -:  950:
        -:  951:    // Directed graphs do not have in edges, so this is a no-op
        -:  952:    template<typename Graph>
        -:  953:    inline void
        -:  954:    remove_in_edge(typename Graph::edge_descriptor, Graph&, directedS)
        -:  955:    { }
        -:  956:
        -:  957:    // Bidirectional graphs have in edges stored in the
        -:  958:    // vertex_in_edges property.
        -:  959:    template<typename Graph>
        -:  960:    inline void
        -:  961:    remove_in_edge(typename Graph::edge_descriptor e, Graph& g, bidirectionalS)
        -:  962:    {
        -:  963:      typedef typename Graph::in_edge_list_type in_edge_list_type;
        -:  964:      in_edge_list_type& in_edges =
        -:  965:        get(vertex_in_edges, g.base())[target(e, g).local];
        -:  966:      typename in_edge_list_type::iterator i = in_edges.begin();
        -:  967:      while (i != in_edges.end()
        -:  968:             && !(i->source_processor == source(e, g).owner)
        -:  969:             && i->e == e.local)
        -:  970:        ++i;
        -:  971:
        -:  972:      BOOST_ASSERT(i != in_edges.end());
        -:  973:      in_edges.erase(i);
        -:  974:    }
        -:  975:
        -:  976:    // Undirected graphs have in edges stored as normal edges.
        -:  977:    template<typename Graph>
        -:  978:    inline void
        -:  979:    remove_in_edge(typename Graph::edge_descriptor e, Graph& g, undirectedS)
        -:  980:    {
        -:  981:      typedef typename Graph::inherited base_type;
        -:  982:      typedef typename graph_traits<Graph>::vertex_descriptor vertex_descriptor;
        -:  983:
        -:  984:      // TBD: can we make this more efficient?
        -:  985:      // Removing edge (v, u). v is local
        -:  986:      base_type& bg = g.base();
        -:  987:      vertex_descriptor u = source(e, g);
        -:  988:      vertex_descriptor v = target(e, g);
        -:  989:      if (v.owner != process_id(g.process_group())) {
        -:  990:        using std::swap;
        -:  991:        swap(u, v);
        -:  992:      }
        -:  993:
        -:  994:      typename graph_traits<base_type>::out_edge_iterator ei, ei_end;
        -:  995:      for (boost::tie(ei, ei_end) = out_edges(v.local, bg); ei != ei_end; ++ei)
        -:  996:      {
        -:  997:        if (target(*ei, g.base()) == u.local
        -:  998:            // TBD: deal with parallel edges properly && *ei == e
        -:  999:            && get(edge_target_processor_id, bg, *ei) == u.owner) {
        -: 1000:          remove_edge(ei, bg);
        -: 1001:          return;
        -: 1002:        }
        -: 1003:      }
        -: 1004:
        -: 1005:      if (v.owner == process_id(g.process_group())) {
        -: 1006:
        -: 1007:      }
        -: 1008:    }
        -: 1009:
        -: 1010:    //------------------------------------------------------------------------
        -: 1011:    // Lazy addition of edges
        -: 1012:
        -: 1013:    // Work around the fact that an adjacency_list with vecS vertex
        -: 1014:    // storage automatically adds edges when the descriptor is
        -: 1015:    // out-of-range.
        -: 1016:    template <class Graph, class Config, class Base>
        -: 1017:    inline std::pair<typename Config::edge_descriptor, bool>
function _ZN5boost6detail8parallel14add_local_edgeINS_14adjacency_listINS_4vecSES4_NS_9directedSENS_8propertyINS_17vertex_in_edges_tENSt7__cxx114listINS1_14stored_in_edgeINS0_14edge_desc_implINS_12directed_tagEmEEEESaISE_EEE11DynamicNodeEENS6_INS_26edge_target_processor_id_tEs11DynamicEdgeEENS_11no_propertyENS_5listSEEENS0_12adj_list_genISO_S4_S4_S5_SI_SL_SM_SN_E6configENS_21directed_graph_helperISR_EEEESt4pairINT0_15edge_descriptorEbENSV_17vertex_descriptorESY_RKNSV_18edge_property_typeERNS_17vec_adj_list_implIT_SV_T1_EE called 0 returned 0% blocks executed 0%
    #####: 1018:    add_local_edge(typename Config::vertex_descriptor u,
    $$$$$: 1018-block  0
        -: 1019:                   typename Config::vertex_descriptor v,
        -: 1020:                   const typename Config::edge_property_type& p,
        -: 1021:                   vec_adj_list_impl<Graph, Config, Base>& g_)
        -: 1022:    {
    #####: 1023:      adj_list_helper<Config, Base>& g = g_;
    #####: 1024:      return add_edge(u, v, p, g);
    $$$$$: 1024-block  0
call    0 never executed
        -: 1025:    }
        -: 1026:
        -: 1027:    template <class Graph, class Config, class Base>
        -: 1028:    inline std::pair<typename Config::edge_descriptor, bool>
        -: 1029:    add_local_edge(typename Config::vertex_descriptor u,
        -: 1030:                   typename Config::vertex_descriptor v,
        -: 1031:                   const typename Config::edge_property_type& p,
        -: 1032:                   boost::adj_list_impl<Graph, Config, Base>& g)
        -: 1033:    {
        -: 1034:      return add_edge(u, v, p, g);
        -: 1035:    }
        -: 1036:
        -: 1037:    template <class EdgeProperty,class EdgeDescriptor>
        -: 1038:    struct msg_nonlocal_edge_data
        -: 1039:      : public detail::parallel::maybe_store_property<EdgeProperty>
        -: 1040:    {
        -: 1041:      typedef EdgeProperty edge_property_type;
        -: 1042:      typedef EdgeDescriptor local_edge_descriptor;
        -: 1043:      typedef detail::parallel::maybe_store_property<edge_property_type> 
        -: 1044:        inherited;
        -: 1045:
        -: 1046:      msg_nonlocal_edge_data() {}
function _ZN5boost6detail8parallel22msg_nonlocal_edge_dataI11DynamicEdgeNS0_14edge_desc_implINS_12directed_tagEmEEEC2ES6_RKS3_ called 0 returned 0% blocks executed 0%
    #####: 1047:      msg_nonlocal_edge_data(local_edge_descriptor e,
    $$$$$: 1047-block  0
        -: 1048:                             const edge_property_type& p)
    #####: 1049:        : inherited(p), e(e) { }
    $$$$$: 1049-block  0
call    0 never executed
        -: 1050:
        -: 1051:      local_edge_descriptor e;
        -: 1052:
        -: 1053:      template<typename Archiver>
function _ZN5boost6detail8parallel22msg_nonlocal_edge_dataI11DynamicEdgeNS0_14edge_desc_implINS_12directed_tagEmEEE9serializeINS_3mpi15packed_oarchiveEEEvRT_j called 0 returned 0% blocks executed 0%
    #####: 1054:      void serialize(Archiver& ar, const unsigned int /*version*/)
    $$$$$: 1054-block  0
        -: 1055:      {
    #####: 1056:        ar & boost::serialization::base_object<inherited>(*this) & e;
    $$$$$: 1056-block  0
call    0 never executed
call    1 never executed
call    2 never executed
    #####: 1057:      }
        -: 1058:    };
        -: 1059:
        -: 1060:    template <class EdgeDescriptor>
        -: 1061:    struct msg_remove_edge_data
        -: 1062:    {
        -: 1063:      typedef EdgeDescriptor edge_descriptor;
        -: 1064:      msg_remove_edge_data() {}
        -: 1065:      explicit msg_remove_edge_data(edge_descriptor e) : e(e) {}
        -: 1066:
        -: 1067:      edge_descriptor e;
        -: 1068:
        -: 1069:      template<typename Archiver>
        -: 1070:      void serialize(Archiver& ar, const unsigned int /*version*/)
        -: 1071:      {
        -: 1072:        ar & e;
        -: 1073:      }
        -: 1074:    };
        -: 1075:
        -: 1076:  } } // end namespace detail::parallel
        -: 1077:
        -: 1078:  /**
        -: 1079:   * Adjacency list traits for a distributed adjacency list. Contains
        -: 1080:   * the vertex and edge descriptors, the directed-ness, and the
        -: 1081:   * parallel edges typedefs.
        -: 1082:   */
        -: 1083:  template<typename OutEdgeListS, typename ProcessGroup,
        -: 1084:           typename InVertexListS, typename InDistribution, typename DirectedS>
        -: 1085:  struct adjacency_list_traits<OutEdgeListS,
        -: 1086:                               distributedS<ProcessGroup, 
        -: 1087:                                            InVertexListS,
        -: 1088:                                            InDistribution>,
        -: 1089:                               DirectedS>
        -: 1090:  {
        -: 1091:  private:
        -: 1092:    typedef typename mpl::if_<is_same<InVertexListS, defaultS>,
        -: 1093:                              vecS,
        -: 1094:                              InVertexListS>::type VertexListS;
        -: 1095:
        -: 1096:    typedef adjacency_list_traits<OutEdgeListS, VertexListS, directedS>
        -: 1097:      base_type;
        -: 1098:
        -: 1099:  public:
        -: 1100:    typedef typename base_type::vertex_descriptor local_vertex_descriptor;
        -: 1101:    typedef typename base_type::edge_descriptor   local_edge_descriptor;
        -: 1102:
        -: 1103:    typedef typename boost::mpl::if_<typename DirectedS::is_bidir_t,
        -: 1104:      bidirectional_tag,
        -: 1105:      typename boost::mpl::if_<typename DirectedS::is_directed_t,
        -: 1106:        directed_tag, undirected_tag
        -: 1107:      >::type
        -: 1108:    >::type directed_category;
        -: 1109:
        -: 1110:    typedef typename parallel_edge_traits<OutEdgeListS>::type
        -: 1111:      edge_parallel_category;
        -: 1112:
        -: 1113:    typedef detail::parallel::global_descriptor<local_vertex_descriptor>
        -: 1114:      vertex_descriptor;
        -: 1115:
        -: 1116:    typedef detail::parallel::edge_descriptor<local_edge_descriptor>
        -: 1117:      edge_descriptor;
        -: 1118:  };
        -: 1119:
        -: 1120:#define PBGL_DISTRIB_ADJLIST_TEMPLATE_PARMS                                    \
        -: 1121:  typename OutEdgeListS, typename ProcessGroup, typename InVertexListS,        \
        -: 1122:  typename InDistribution, typename DirectedS, typename VertexProperty,        \
        -: 1123:  typename EdgeProperty,  typename GraphProperty, typename EdgeListS
        -: 1124:
        -: 1125:#define PBGL_DISTRIB_ADJLIST_TYPE                                              \
        -: 1126:  adjacency_list<OutEdgeListS,                                                 \
        -: 1127:                 distributedS<ProcessGroup, InVertexListS, InDistribution>,    \
        -: 1128:                 DirectedS, VertexProperty, EdgeProperty, GraphProperty,       \
        -: 1129:                 EdgeListS>
        -: 1130:
        -: 1131:#define PBGL_DISTRIB_ADJLIST_TEMPLATE_PARMS_CONFIG                             \
        -: 1132:  typename OutEdgeListS, typename ProcessGroup, typename InVertexListS,        \
        -: 1133:  typename InDistribution, typename VertexProperty,                            \
        -: 1134:  typename EdgeProperty,  typename GraphProperty, typename EdgeListS
        -: 1135:  
        -: 1136:#define PBGL_DISTRIB_ADJLIST_TYPE_CONFIG(directed)                             \
        -: 1137:  adjacency_list<OutEdgeListS,                                                 \
        -: 1138:                 distributedS<ProcessGroup, InVertexListS, InDistribution>,    \
        -: 1139:                 directed, VertexProperty, EdgeProperty, GraphProperty,        \
        -: 1140:                 EdgeListS>
        -: 1141:                 
        -: 1142:  /** A distributed adjacency list.
        -: 1143:   *
        -: 1144:   * This class template partial specialization defines a distributed
        -: 1145:   * (or "partitioned") adjacency list graph. The distributed
        -: 1146:   * adjacency list is similar to the standard Boost Graph Library
        -: 1147:   * adjacency list, which stores a list of vertices and for each
        -: 1148:   * verted the list of edges outgoing from the vertex (and, in some
        -: 1149:   * cases, also the edges incoming to the vertex). The distributed
        -: 1150:   * adjacency list differs in that it partitions the graph into
        -: 1151:   * several subgraphs that are then divided among different
        -: 1152:   * processors (or nodes within a cluster). The distributed adjacency
        -: 1153:   * list attempts to maintain a high degree of compatibility with the
        -: 1154:   * standard, non-distributed adjacency list.
        -: 1155:   *
        -: 1156:   * The graph is partitioned by vertex, with each processor storing
        -: 1157:   * all of the required information for a particular subset of the
        -: 1158:   * vertices, including vertex properties, outgoing edges, and (for
        -: 1159:   * bidirectional graphs) incoming edges. This information is
        -: 1160:   * accessible only on the processor that owns the vertex: for
        -: 1161:   * instance, if processor 0 owns vertex @c v, no other processor can
        -: 1162:   * directly access the properties of @c v or enumerate its outgoing
        -: 1163:   * edges.
        -: 1164:   *
        -: 1165:   * Edges in a graph may be entirely local (connecting two local
        -: 1166:   * vertices), but more often it is the case that edges are
        -: 1167:   * non-local, meaning that the two vertices they connect reside in
        -: 1168:   * different processes. Edge properties are stored with the
        -: 1169:   * originating vertex for directed and bidirectional graphs, and are
        -: 1170:   * therefore only accessible from the processor that owns the
        -: 1171:   * originating vertex. Other processors may query the source and
        -: 1172:   * target of the edge, but cannot access its properties. This is
        -: 1173:   * particularly interesting when accessing the incoming edges of a
        -: 1174:   * bidirectional graph, which are not guaranteed to be stored on the
        -: 1175:   * processor that is able to perform the iteration. For undirected
        -: 1176:   * graphs the situation is more complicated, since no vertex clearly
        -: 1177:   * owns the edges: the list of edges incident to a vertex may
        -: 1178:   * contain a mix of local and non-local edges.
        -: 1179:   *
        -: 1180:   * The distributed adjacency list is able to model several of the
        -: 1181:   * existing Graph concepts. It models the Graph concept because it
        -: 1182:   * exposes vertex and edge descriptors in the normal way; these
        -: 1183:   * descriptors model the GlobalDescriptor concept (because they have
        -: 1184:   * an owner and a local descriptor), and as such the distributed
        -: 1185:   * adjacency list models the DistributedGraph concept. The adjacency
        -: 1186:   * list also models the IncidenceGraph and AdjacencyGraph concepts,
        -: 1187:   * although this is only true so long as the domain of the valid
        -: 1188:   * expression arguments are restricted to vertices and edges stored
        -: 1189:   * locally. Likewise, bidirectional and undirected distributed
        -: 1190:   * adjacency lists model the BidirectionalGraph concept (vertex and
        -: 1191:   * edge domains must be respectived) and the distributed adjacency
        -: 1192:   * list models the MutableGraph concept (vertices and edges can only
        -: 1193:   * be added or removed locally). T he distributed adjacency list
        -: 1194:   * does not, however, model the VertexListGraph or EdgeListGraph
        -: 1195:   * concepts, because we can not efficiently enumerate all vertices
        -: 1196:   * or edges in the graph. Instead, the local subsets of vertices and
        -: 1197:   * edges can be enumerated (with the same syntax): the distributed
        -: 1198:   * adjacency list therefore models the DistributedVertexListGraph
        -: 1199:   * and DistributedEdgeListGraph concepts, because concurrent
        -: 1200:   * iteration over all of the vertices or edges stored on each
        -: 1201:   * processor will visit each vertex or edge.
        -: 1202:   *
        -: 1203:   * The distributed adjacency list is distinguished from the
        -: 1204:   * non-distributed version by the vertex list descriptor, which will
        -: 1205:   * be @c distributedS<ProcessGroup,VertexListS>. Here,
        -: 1206:   * the VertexListS type plays the same role as the VertexListS type
        -: 1207:   * in the non-distributed adjacency list: it allows one to select
        -: 1208:   * the data structure that will be used to store the local
        -: 1209:   * vertices. The ProcessGroup type, on the other hand, is unique to
        -: 1210:   * distributed data structures: it is the type that abstracts a
        -: 1211:   * group of cooperating processes, and it used for process
        -: 1212:   * identification, communication, and synchronization, among other
        -: 1213:   * things. Different process group types represent different
        -: 1214:   * communication mediums (e.g., MPI, PVM, TCP) or different models
        -: 1215:   * of communication (LogP, CGM, BSP, synchronous, etc.). This
        -: 1216:   * distributed adjacency list assumes a model based on non-blocking
        -: 1217:   * sends.
        -: 1218:   *
        -: 1219:   * Distribution of vertices across different processors is
        -: 1220:   * accomplished in two different ways. When initially constructing
        -: 1221:   * the graph, the user may provide a distribution object (that
        -: 1222:   * models the Distribution concept), which will determine the
        -: 1223:   * distribution of vertices to each process. Additionally, the @c
        -: 1224:   * add_vertex and @c add_edge operations add vertices or edges
        -: 1225:   * stored on the local processor. For @c add_edge, this is
        -: 1226:   * accomplished by requiring that the source vertex of the new edge
        -: 1227:   * be local to the process executing @c add_edge.
        -: 1228:   *
        -: 1229:   * Internal properties of a distributed adjacency list are
        -: 1230:   * accessible in the same manner as internal properties for a
        -: 1231:   * non-distributed adjacency list for local vertices or
        -: 1232:   * edges. Access to properties for remote vertices or edges occurs
        -: 1233:   * with the same syntax, but involve communication with the owner of
        -: 1234:   * the information: for more information, refer to class template
        -: 1235:   * @ref distributed_property_map, which manages distributed
        -: 1236:   * property maps. Note that the distributed property maps created
        -: 1237:   * for internal properties determine their reduction operation via
        -: 1238:   * the metafunction @ref property_reduce, which for the vast
        -: 1239:   * majority of uses is correct behavior.
        -: 1240:   *
        -: 1241:   * Communication among the processes coordinating on a particular
        -: 1242:   * distributed graph relies on non-blocking message passing along
        -: 1243:   * with synchronization. Local portions of the distributed graph may
        -: 1244:   * be modified concurrently, including the introduction of non-local
        -: 1245:   * edges, but prior to accessing the graph it is recommended that
        -: 1246:   * the @c synchronize free function be invoked on the graph to clear
        -: 1247:   * up any pending interprocess communication and modifications. All
        -: 1248:   * processes will then be released from the synchronization barrier
        -: 1249:   * concurrently.
        -: 1250:   *
        -: 1251:   * \todo Determine precisely what we should do with nonlocal edges
        -: 1252:   * in undirected graphs. Our parallelization of certain algorithms
        -: 1253:   * relies on the ability to access edge property maps immediately
        -: 1254:   * (e.g., edge_weight_t), so it may be necessary to duplicate the
        -: 1255:   * edge properties in both processes (but then we need some form of
        -: 1256:   * coherence protocol).
        -: 1257:   *
        -: 1258:   * \todo What does the user do if @c property_reduce doesn't do the
        -: 1259:   * right thing?
        -: 1260:   */
        -: 1261:  template<typename OutEdgeListS, typename ProcessGroup,
        -: 1262:           typename InVertexListS, typename InDistribution, typename DirectedS,
        -: 1263:           typename VertexProperty, typename EdgeProperty, 
        -: 1264:           typename GraphProperty, typename EdgeListS>
        -: 1265:  class adjacency_list<OutEdgeListS,
        -: 1266:                       distributedS<ProcessGroup, 
        -: 1267:                                    InVertexListS, 
        -: 1268:                                    InDistribution>,
        -: 1269:                       DirectedS, VertexProperty,
        -: 1270:                       EdgeProperty, GraphProperty, EdgeListS>
        -: 1271:    : // Support for named vertices
        -: 1272:      public graph::distributed::maybe_named_graph<   
        -: 1273:        adjacency_list<OutEdgeListS,
        -: 1274:                       distributedS<ProcessGroup,
        -: 1275:                                    InVertexListS,
        -: 1276:                                    InDistribution>,
        -: 1277:                       DirectedS, VertexProperty,
        -: 1278:                       EdgeProperty, GraphProperty, EdgeListS>,
        -: 1279:        typename adjacency_list_traits<OutEdgeListS, 
        -: 1280:                                       distributedS<ProcessGroup,
        -: 1281:                                                    InVertexListS,
        -: 1282:                                                    InDistribution>,
        -: 1283:                                       DirectedS>::vertex_descriptor,
        -: 1284:        typename adjacency_list_traits<OutEdgeListS, 
        -: 1285:                                       distributedS<ProcessGroup,
        -: 1286:                                                    InVertexListS,
        -: 1287:                                                    InDistribution>,
        -: 1288:                                       DirectedS>::edge_descriptor,
        -: 1289:        detail::parallel::adjacency_list_config<OutEdgeListS, ProcessGroup, 
        -: 1290:                                                InVertexListS, InDistribution,
        -: 1291:                                                DirectedS, VertexProperty, 
        -: 1292:                                                EdgeProperty, GraphProperty, 
        -: 1293:                                                EdgeListS> >
        -: 1294:  {
        -: 1295:    typedef detail::parallel::adjacency_list_config<OutEdgeListS, ProcessGroup, 
        -: 1296:                                                InVertexListS, InDistribution,
        -: 1297:                                                DirectedS, VertexProperty, 
        -: 1298:                                                EdgeProperty, GraphProperty, 
        -: 1299:                                                EdgeListS>
        -: 1300:      config_type;
        -: 1301:      
        -: 1302:    typedef adjacency_list_traits<OutEdgeListS,
        -: 1303:                                  distributedS<ProcessGroup, 
        -: 1304:                                               InVertexListS, 
        -: 1305:                                               InDistribution>,
        -: 1306:                                  DirectedS> 
        -: 1307:      traits_type;
        -: 1308:
        -: 1309:    typedef typename DirectedS::is_directed_t is_directed;
        -: 1310:
        -: 1311:    typedef EdgeListS edge_list_selector;
        -: 1312:
        -: 1313:  public:
        -: 1314:    /// The container type that will store incoming edges for a
        -: 1315:    /// bidirectional graph.
        -: 1316:    typedef typename config_type::in_edge_list_type in_edge_list_type;
        -: 1317://    typedef typename inherited::edge_descriptor   edge_descriptor;
        -: 1318:
        -: 1319:    /// The type of the underlying adjacency list implementation
        -: 1320:    typedef typename config_type::inherited inherited;
        -: 1321:
        -: 1322:    /// The type of properties stored in the local subgraph
        -: 1323:    /// Bidirectional graphs have an extra vertex property to store
        -: 1324:    /// the incoming edges.
        -: 1325:    typedef typename inherited::vertex_property_type
        -: 1326:      base_vertex_property_type;
        -: 1327:
        -: 1328:    /// The type of the distributed adjacency list (this type)
        -: 1329:    typedef typename config_type::graph_type graph_type;
        -: 1330:
        -: 1331:    /// Expose graph components and graph category
        -: 1332:    typedef typename traits_type::local_vertex_descriptor
        -: 1333:      local_vertex_descriptor;
        -: 1334:    typedef typename traits_type::local_edge_descriptor
        -: 1335:      local_edge_descriptor;
        -: 1336:    typedef typename traits_type::vertex_descriptor vertex_descriptor;
        -: 1337:    typedef typename traits_type::edge_descriptor edge_descriptor;
        -: 1338:
        -: 1339:    typedef typename traits_type::directed_category directed_category;
        -: 1340:    typedef typename inherited::edge_parallel_category
        -: 1341:      edge_parallel_category;
        -: 1342:    typedef typename inherited::graph_tag graph_tag;
        -: 1343:
        -: 1344:    // Current implementation requires the ability to have parallel
        -: 1345:    // edges in the underlying adjacency_list. Which processor each
        -: 1346:    // edge refers to is attached as an internal property. TBD:
        -: 1347:    // remove this restriction, which may require some rewriting.
        -: 1348:    BOOST_STATIC_ASSERT((is_same<edge_parallel_category,
        -: 1349:                                 allow_parallel_edge_tag>::value));
        -: 1350:
        -: 1351:    /** Determine the graph traversal category.
        -: 1352:     *
        -: 1353:     * A directed distributed adjacency list models the Distributed
        -: 1354:     * Graph, Incidence Graph, and Adjacency Graph
        -: 1355:     * concepts. Bidirectional and undirected graphs also model the
        -: 1356:     * Bidirectional Graph concept. Note that when modeling these
        -: 1357:     * concepts the domains of certain operations (e.g., in_edges)
        -: 1358:     * are restricted; see the distributed adjacency_list
        -: 1359:     * documentation.
        -: 1360:     */
        -: 1361:    typedef typename boost::mpl::if_<
        -: 1362:              is_same<DirectedS, directedS>,
        -: 1363:              directed_distributed_adj_list_tag,
        -: 1364:              typename boost::mpl::if_<is_same<DirectedS, bidirectionalS>,
        -: 1365:                                       bidirectional_distributed_adj_list_tag,
        -: 1366:                                       undirected_distributed_adj_list_tag>::type>
        -: 1367:      ::type traversal_category;
        -: 1368:
        -: 1369:    typedef typename inherited::degree_size_type degree_size_type;
        -: 1370:    typedef typename inherited::vertices_size_type vertices_size_type;
        -: 1371:    typedef typename inherited::edges_size_type edges_size_type;
        -: 1372:    typedef VertexProperty vertex_property_type;
        -: 1373:    typedef EdgeProperty edge_property_type;
        -: 1374:    typedef typename inherited::graph_property_type graph_property_type;
        -: 1375:    typedef typename inherited::vertex_bundled vertex_bundled;
        -: 1376:    typedef typename inherited::edge_bundled edge_bundled;
        -: 1377:    typedef typename inherited::graph_bundled graph_bundled;
        -: 1378:
        -: 1379:    typedef typename container_gen<edge_list_selector, edge_descriptor>::type
        -: 1380:      local_edge_list_type;
        -: 1381:
        -: 1382:  private:
        -: 1383:    typedef typename boost::mpl::if_<is_same<DirectedS, bidirectionalS>,
        -: 1384:                                     typename in_edge_list_type::const_iterator,
        -: 1385:                                     typename inherited::out_edge_iterator>::type
        -: 1386:      base_in_edge_iterator;
        -: 1387:
        -: 1388:    typedef typename inherited::out_edge_iterator base_out_edge_iterator;
        -: 1389:    typedef typename graph_traits<inherited>::edge_iterator
        -: 1390:      base_edge_iterator;
        -: 1391:    typedef typename inherited::edge_property_type base_edge_property_type;
        -: 1392:
        -: 1393:    typedef typename local_edge_list_type::const_iterator
        -: 1394:      undirected_edge_iterator;
        -: 1395:
        -: 1396:    typedef InDistribution in_distribution_type;
        -: 1397:
        -: 1398:    typedef parallel::trigger_receive_context trigger_receive_context;
        -: 1399:
        -: 1400:  public:
        -: 1401:    /// Iterator over the (local) vertices of the graph
        -: 1402:    typedef transform_iterator<typename vertex_descriptor::generator,
        -: 1403:                               typename inherited::vertex_iterator>
        -: 1404:      vertex_iterator;
        -: 1405:
        -: 1406:    /// Helper for out_edge_iterator
        -: 1407:    typedef typename edge_descriptor::template out_generator<adjacency_list>
        -: 1408:      out_edge_generator;
        -: 1409:
        -: 1410:    /// Iterator over the outgoing edges of a vertex
        -: 1411:    typedef transform_iterator<out_edge_generator,
        -: 1412:                               typename inherited::out_edge_iterator>
        -: 1413:      out_edge_iterator;
        -: 1414:
        -: 1415:    /// Helper for in_edge_iterator
        -: 1416:    typedef typename edge_descriptor::template in_generator<adjacency_list>
        -: 1417:      in_edge_generator;
        -: 1418:
        -: 1419:    /// Iterator over the incoming edges of a vertex
        -: 1420:    typedef transform_iterator<in_edge_generator, base_in_edge_iterator>
        -: 1421:      in_edge_iterator;
        -: 1422:
        -: 1423:    /// Iterator over the neighbors of a vertex
        -: 1424:    typedef boost::adjacency_iterator<
        -: 1425:              adjacency_list, vertex_descriptor, out_edge_iterator,
        -: 1426:              typename std::iterator_traits<base_out_edge_iterator>
        -: 1427:                         ::difference_type>
        -: 1428:      adjacency_iterator;
        -: 1429:
        -: 1430:    /// Iterator over the (local) edges in a graph
        -: 1431:    typedef typename boost::mpl::if_<is_same<DirectedS, undirectedS>,
        -: 1432:                                     undirected_edge_iterator,
        -: 1433:                                     transform_iterator<out_edge_generator,
        -: 1434:                                                        base_edge_iterator>
        -: 1435:                                     >::type 
        -: 1436:      edge_iterator;
        -: 1437:
        -: 1438:  public:
        -: 1439:    /// The type of the mixin for named vertices
[...]
        -: 3646:    return result_type();
        -: 3647:  }
        -: 3648:
        -: 3649:  template<PBGL_DISTRIB_ADJLIST_TEMPLATE_PARMS>
        -: 3650:  typename property_map<PBGL_DISTRIB_ADJLIST_TYPE, edge_local_t>::type
        -: 3651:  get(edge_local_t, PBGL_DISTRIB_ADJLIST_TYPE& g)
        -: 3652:  {
        -: 3653:    typedef typename property_map<
        -: 3654:                       PBGL_DISTRIB_ADJLIST_TYPE,
        -: 3655:                       edge_local_t>::type result_type;
        -: 3656:    return result_type();
        -: 3657:  }
        -: 3658:
        -: 3659:  template<PBGL_DISTRIB_ADJLIST_TEMPLATE_PARMS>
        -: 3660:  typename property_map<PBGL_DISTRIB_ADJLIST_TYPE, edge_local_t>::const_type
        -: 3661:  get(edge_local_t, const PBGL_DISTRIB_ADJLIST_TYPE& g)
        -: 3662:  {
        -: 3663:    typedef typename property_map<
        -: 3664:                       PBGL_DISTRIB_ADJLIST_TYPE,
        -: 3665:                       edge_local_t>::const_type result_type;
        -: 3666:    return result_type();
        -: 3667:  }
        -: 3668:
        -: 3669:  template<typename Property, PBGL_DISTRIB_ADJLIST_TEMPLATE_PARMS,
        -: 3670:           typename Key>
        -: 3671:  inline
        -: 3672:  typename property_traits<typename property_map<
        -: 3673:                PBGL_DISTRIB_ADJLIST_TYPE, Property>::const_type
        -: 3674:           >::value_type
        -: 3675:  get(Property p, const PBGL_DISTRIB_ADJLIST_TYPE& g, const Key& key)
        -: 3676:  {
        -: 3677:    if (owner(key) == process_id(g.process_group()))
        -: 3678:      return get(p, g.base(), local(key));
        -: 3679:    else
        -: 3680:      BOOST_ASSERT(false);
        -: 3681:  }
        -: 3682:
        -: 3683:  template<typename Property, PBGL_DISTRIB_ADJLIST_TEMPLATE_PARMS,
        -: 3684:           typename Key, typename Value>
        -: 3685:  void
        -: 3686:  put(Property p, PBGL_DISTRIB_ADJLIST_TYPE& g, const Key& key, const Value& v)
        -: 3687:  {
        -: 3688:    if (owner(key) == process_id(g.process_group()))
        -: 3689:      put(p, g.base(), local(key), v);
        -: 3690:    else
        -: 3691:      BOOST_ASSERT(false);
        -: 3692:  }
        -: 3693:
        -: 3694:  template<PBGL_DISTRIB_ADJLIST_TEMPLATE_PARMS>
        -: 3695:  typename property_map<PBGL_DISTRIB_ADJLIST_TYPE, vertex_index_t>::type
        -: 3696:  get(vertex_index_t vi, PBGL_DISTRIB_ADJLIST_TYPE& g)
        -: 3697:  {
        -: 3698:    typedef PBGL_DISTRIB_ADJLIST_TYPE graph_type;
        -: 3699:    typedef typename property_map<graph_type, vertex_index_t>::type
        -: 3700:      result_type;
        -: 3701:    return result_type(g.process_group(), get(vertex_global, g),
        -: 3702:                       get(vi, g.base()));
        -: 3703:  }
        -: 3704:
        -: 3705:  template<PBGL_DISTRIB_ADJLIST_TEMPLATE_PARMS>
        -: 3706:  typename property_map<PBGL_DISTRIB_ADJLIST_TYPE, vertex_index_t>::const_type
        -: 3707:  get(vertex_index_t vi, const PBGL_DISTRIB_ADJLIST_TYPE& g)
        -: 3708:  {
        -: 3709:    typedef PBGL_DISTRIB_ADJLIST_TYPE graph_type;
        -: 3710:    typedef typename property_map<graph_type, vertex_index_t>::const_type
        -: 3711:      result_type;
        -: 3712:    return result_type(g.process_group(), get(vertex_global, g),
        -: 3713:                       get(vi, g.base()));
        -: 3714:  }
        -: 3715:
        -: 3716:  /***************************************************************************
        -: 3717:   * Implementation of bundled properties
        -: 3718:   ***************************************************************************/
        -: 3719:  template<PBGL_DISTRIB_ADJLIST_TEMPLATE_PARMS, typename T, typename Bundle>
        -: 3720:  struct property_map<PBGL_DISTRIB_ADJLIST_TYPE, T Bundle::*>
        -: 3721:    : detail::parallel::get_adj_list_pmap<T Bundle::*>
        -: 3722:      ::template apply<PBGL_DISTRIB_ADJLIST_TYPE>
        -: 3723:  { };
        -: 3724:
        -: 3725:  template<PBGL_DISTRIB_ADJLIST_TEMPLATE_PARMS, typename T, typename Bundle>
        -: 3726:  struct property_map<PBGL_DISTRIB_ADJLIST_TYPE const, T Bundle::*>
        -: 3727:    : detail::parallel::get_adj_list_pmap<T Bundle::*>
        -: 3728:      ::template apply<PBGL_DISTRIB_ADJLIST_TYPE const>
        -: 3729:  { };
        -: 3730:
        -: 3731:  template<PBGL_DISTRIB_ADJLIST_TEMPLATE_PARMS, typename T, typename Bundle>
        -: 3732:  typename property_map<PBGL_DISTRIB_ADJLIST_TYPE, T Bundle::*>::type
        -: 3733:  get(T Bundle::* p, PBGL_DISTRIB_ADJLIST_TYPE& g)
        -: 3734:  {
        -: 3735:    typedef PBGL_DISTRIB_ADJLIST_TYPE Graph;
        -: 3736:    typedef typename property_map<Graph, T Bundle::*>::type result_type;
        -: 3737:    typedef typename property_traits<result_type>::value_type value_type;
        -: 3738:    typedef typename property_reduce<T Bundle::*>::template apply<value_type>
        -: 3739:      reduce;
        -: 3740:
        -: 3741:    typedef typename property_traits<result_type>::key_type descriptor;
        -: 3742:    typedef typename graph_traits<Graph>::vertex_descriptor vertex_descriptor;
        -: 3743:    typedef typename mpl::if_<is_same<descriptor, vertex_descriptor>,
        -: 3744:                              vertex_global_t, edge_global_t>::type
        -: 3745:      global_map_t;
        -: 3746:
        -: 3747:    return result_type(g.process_group(), get(global_map_t(), g),
        -: 3748:                       get(p, g.base()), reduce());
        -: 3749:  }
        -: 3750:
        -: 3751:  template<PBGL_DISTRIB_ADJLIST_TEMPLATE_PARMS, typename T, typename Bundle>
        -: 3752:  typename property_map<PBGL_DISTRIB_ADJLIST_TYPE, T Bundle::*>::const_type
        -: 3753:  get(T Bundle::* p, const PBGL_DISTRIB_ADJLIST_TYPE& g)
        -: 3754:  {
        -: 3755:    typedef PBGL_DISTRIB_ADJLIST_TYPE Graph;
        -: 3756:    typedef typename property_map<Graph, T Bundle::*>::const_type result_type;
        -: 3757:    typedef typename property_traits<result_type>::value_type value_type;
        -: 3758:    typedef typename property_reduce<T Bundle::*>::template apply<value_type>
        -: 3759:      reduce;
        -: 3760:
        -: 3761:    typedef typename property_traits<result_type>::key_type descriptor;
        -: 3762:    typedef typename graph_traits<Graph>::vertex_descriptor vertex_descriptor;
        -: 3763:    typedef typename mpl::if_<is_same<descriptor, vertex_descriptor>,
        -: 3764:                              vertex_global_t, edge_global_t>::type
        -: 3765:      global_map_t;
        -: 3766:
        -: 3767:    return result_type(g.process_group(), get(global_map_t(), g),
        -: 3768:                       get(p, g.base()), reduce());
        -: 3769:  }
        -: 3770:
        -: 3771:  /***************************************************************************
        -: 3772:   * Implementation of DistributedGraph concept
        -: 3773:   ***************************************************************************/
        -: 3774:  template<PBGL_DISTRIB_ADJLIST_TEMPLATE_PARMS>
        -: 3775:  void synchronize(const PBGL_DISTRIB_ADJLIST_TYPE& g)
        -: 3776:  {
        -: 3777:    synchronize(g.process_group());
        -: 3778:  }
        -: 3779:
        -: 3780:  template<PBGL_DISTRIB_ADJLIST_TEMPLATE_PARMS>
        -: 3781:  ProcessGroup
        -: 3782:  process_group(const PBGL_DISTRIB_ADJLIST_TYPE& g)
        -: 3783:  { return g.process_group(); }
        -: 3784:
        -: 3785:  /***************************************************************************
        -: 3786:   * Specializations of is_mpi_datatype for Serializable entities
        -: 3787:   ***************************************************************************/
        -: 3788:  namespace mpi {
        -: 3789:    template<typename Directed, typename Vertex>
        -: 3790:    struct is_mpi_datatype<boost::detail::edge_base<Directed, Vertex> >
        -: 3791:      : is_mpi_datatype<Vertex> { };
        -: 3792:
        -: 3793:    template<typename Directed, typename Vertex>
        -: 3794:    struct is_mpi_datatype<boost::detail::edge_desc_impl<Directed, Vertex> >
        -: 3795:      : is_mpi_datatype<boost::detail::edge_base<Directed, Vertex> > { };
        -: 3796:
        -: 3797:    template<typename LocalDescriptor>
        -: 3798:    struct is_mpi_datatype<boost::detail::parallel::global_descriptor<LocalDescriptor> >
        -: 3799:      : is_mpi_datatype<LocalDescriptor> { };
        -: 3800:
        -: 3801:    template<typename Edge>
        -: 3802:    struct is_mpi_datatype<boost::detail::parallel::edge_descriptor<Edge> >
        -: 3803:      : is_mpi_datatype<Edge> { };
        -: 3804:
        -: 3805:    template<typename Vertex, typename LocalVertex>
        -: 3806:    struct is_mpi_datatype<boost::detail::parallel::
        -: 3807:                             msg_add_edge_data<Vertex, LocalVertex> >
        -: 3808:      : is_mpi_datatype<Vertex> { };
        -: 3809:
        -: 3810:    template<typename Vertex, typename LocalVertex, typename EdgeProperty>
        -: 3811:    struct is_mpi_datatype<boost::detail::parallel::
        -: 3812:                             msg_add_edge_with_property_data<Vertex, 
        -: 3813:                                                             LocalVertex,
        -: 3814:                                                             EdgeProperty> >
        -: 3815:      : mpl::and_<is_mpi_datatype<Vertex>, is_mpi_datatype<EdgeProperty> > { };
        -: 3816:
        -: 3817:
        -: 3818:   template<typename EdgeProperty, typename EdgeDescriptor>
        -: 3819:   struct is_mpi_datatype<boost::detail::parallel::msg_nonlocal_edge_data<
        -: 3820:                          EdgeProperty,EdgeDescriptor> >
        -: 3821:           : mpl::and_<
        -: 3822:               is_mpi_datatype<boost::detail::parallel::maybe_store_property<
        -: 3823:                           EdgeProperty> >,
        -: 3824:           is_mpi_datatype<EdgeDescriptor> >
        -: 3825:  {};
        -: 3826:   
        -: 3827:   template<typename EdgeDescriptor>
        -: 3828:   struct is_mpi_datatype<
        -: 3829:            boost::detail::parallel::msg_remove_edge_data<EdgeDescriptor> >
        -: 3830:           : is_mpi_datatype<EdgeDescriptor> {};
        -: 3831:  }
        -: 3832:
        -: 3833:  /***************************************************************************
        -: 3834:   * Specializations of is_bitwise_serializable for Serializable entities
        -: 3835:   ***************************************************************************/
        -: 3836:  namespace serialization {
        -: 3837:    template<typename Directed, typename Vertex>
        -: 3838:    struct is_bitwise_serializable<boost::detail::edge_base<Directed, Vertex> >
        -: 3839:      : is_bitwise_serializable<Vertex> { };
        -: 3840:
        -: 3841:    template<typename Directed, typename Vertex>
        -: 3842:    struct is_bitwise_serializable<boost::detail::edge_desc_impl<Directed, Vertex> >
        -: 3843:      : is_bitwise_serializable<boost::detail::edge_base<Directed, Vertex> > { };
        -: 3844:
        -: 3845:    template<typename LocalDescriptor>
        -: 3846:    struct is_bitwise_serializable<boost::detail::parallel::global_descriptor<LocalDescriptor> >
        -: 3847:      : is_bitwise_serializable<LocalDescriptor> { };
        -: 3848:
        -: 3849:    template<typename Edge>
        -: 3850:    struct is_bitwise_serializable<boost::detail::parallel::edge_descriptor<Edge> >
        -: 3851:      : is_bitwise_serializable<Edge> { };
        -: 3852:
        -: 3853:    template<typename Vertex, typename LocalVertex>
        -: 3854:    struct is_bitwise_serializable<boost::detail::parallel::
        -: 3855:                             msg_add_edge_data<Vertex, LocalVertex> >
        -: 3856:      : is_bitwise_serializable<Vertex> { };
        -: 3857:
        -: 3858:    template<typename Vertex, typename LocalVertex, typename EdgeProperty>
        -: 3859:    struct is_bitwise_serializable<boost::detail::parallel::
        -: 3860:                             msg_add_edge_with_property_data<Vertex, 
        -: 3861:                                                             LocalVertex,
        -: 3862:                                                             EdgeProperty> >
        -: 3863:      : mpl::and_<is_bitwise_serializable<Vertex>, 
        -: 3864:                  is_bitwise_serializable<EdgeProperty> > { };
        -: 3865:
        -: 3866:   template<typename EdgeProperty, typename EdgeDescriptor>
        -: 3867:   struct is_bitwise_serializable<boost::detail::parallel::msg_nonlocal_edge_data<
        -: 3868:                                  EdgeProperty,EdgeDescriptor> >
        -: 3869:           : mpl::and_<
        -: 3870:               is_bitwise_serializable<
        -: 3871:                boost::detail::parallel::maybe_store_property<EdgeProperty> >,
        -: 3872:           is_bitwise_serializable<EdgeDescriptor> >
        -: 3873:  {};
        -: 3874:   
        -: 3875:   template<typename EdgeDescriptor>
        -: 3876:   struct is_bitwise_serializable<
        -: 3877:            boost::detail::parallel::msg_remove_edge_data<EdgeDescriptor> >
        -: 3878:           : is_bitwise_serializable<EdgeDescriptor> {};
        -: 3879:   
        -: 3880:    template<typename Directed, typename Vertex>
        -: 3881:    struct implementation_level<boost::detail::edge_base<Directed, Vertex> >
        -: 3882:      : mpl::int_<object_serializable> {};
        -: 3883:
        -: 3884:    template<typename Directed, typename Vertex>
        -: 3885:    struct implementation_level<boost::detail::edge_desc_impl<Directed, Vertex> >
        -: 3886:      : mpl::int_<object_serializable> {};
        -: 3887:
        -: 3888:    template<typename LocalDescriptor>
        -: 3889:    struct implementation_level<boost::detail::parallel::global_descriptor<LocalDescriptor> >
        -: 3890:      : mpl::int_<object_serializable> {};
        -: 3891:
        -: 3892:    template<typename Edge>
        -: 3893:    struct implementation_level<boost::detail::parallel::edge_descriptor<Edge> >
        -: 3894:      : mpl::int_<object_serializable> {};
        -: 3895:
        -: 3896:    template<typename Vertex, typename LocalVertex>
        -: 3897:    struct implementation_level<boost::detail::parallel::
        -: 3898:                             msg_add_edge_data<Vertex, LocalVertex> >
        -: 3899:      : mpl::int_<object_serializable> {};
        -: 3900:
        -: 3901:    template<typename Vertex, typename LocalVertex, typename EdgeProperty>
        -: 3902:    struct implementation_level<boost::detail::parallel::
        -: 3903:                             msg_add_edge_with_property_data<Vertex, 
        -: 3904:                                                             LocalVertex,
        -: 3905:                                                             EdgeProperty> >
        -: 3906:      : mpl::int_<object_serializable> {};
        -: 3907:
        -: 3908:   template<typename EdgeProperty, typename EdgeDescriptor>
        -: 3909:   struct implementation_level<boost::detail::parallel::msg_nonlocal_edge_data<
        -: 3910:                               EdgeProperty,EdgeDescriptor> >
        -: 3911:           : mpl::int_<object_serializable> {};
        -: 3912:   
        -: 3913:   template<typename EdgeDescriptor>
        -: 3914:   struct implementation_level<
        -: 3915:            boost::detail::parallel::msg_remove_edge_data<EdgeDescriptor> >
        -: 3916:          : mpl::int_<object_serializable> {};
        -: 3917:   
        -: 3918:    template<typename Directed, typename Vertex>
        -: 3919:    struct tracking_level<boost::detail::edge_base<Directed, Vertex> >
        -: 3920:      : mpl::int_<track_never> {};
        -: 3921:
        -: 3922:    template<typename Directed, typename Vertex>
        -: 3923:    struct tracking_level<boost::detail::edge_desc_impl<Directed, Vertex> >
        -: 3924:      : mpl::int_<track_never> {};
        -: 3925:
        -: 3926:    template<typename LocalDescriptor>
        -: 3927:    struct tracking_level<boost::detail::parallel::global_descriptor<LocalDescriptor> >
        -: 3928:      : mpl::int_<track_never> {};
        -: 3929:
        -: 3930:    template<typename Edge>
        -: 3931:    struct tracking_level<boost::detail::parallel::edge_descriptor<Edge> >
        -: 3932:      : mpl::int_<track_never> {};
        -: 3933:
        -: 3934:    template<typename Vertex, typename LocalVertex>
        -: 3935:    struct tracking_level<boost::detail::parallel::
        -: 3936:                             msg_add_edge_data<Vertex, LocalVertex> >
        -: 3937:      : mpl::int_<track_never> {};
        -: 3938:
        -: 3939:    template<typename Vertex, typename LocalVertex, typename EdgeProperty>
        -: 3940:    struct tracking_level<boost::detail::parallel::
        -: 3941:                             msg_add_edge_with_property_data<Vertex, 
        -: 3942:                                                             LocalVertex,
        -: 3943:                                                             EdgeProperty> >
        -: 3944:      : mpl::int_<track_never> {};
        -: 3945:
        -: 3946:   template<typename EdgeProperty, typename EdgeDescriptor>
        -: 3947:   struct tracking_level<boost::detail::parallel::msg_nonlocal_edge_data<
        -: 3948:                         EdgeProperty,EdgeDescriptor> >
        -: 3949:           : mpl::int_<track_never> {};
        -: 3950:   
        -: 3951:   template<typename EdgeDescriptor>
        -: 3952:   struct tracking_level<
        -: 3953:            boost::detail::parallel::msg_remove_edge_data<EdgeDescriptor> >
        -: 3954:          : mpl::int_<track_never> {};
        -: 3955:  }
        -: 3956:
        -: 3957:  // Hash function for global descriptors
        -: 3958:  template<typename LocalDescriptor>
        -: 3959:  struct hash<detail::parallel::global_descriptor<LocalDescriptor> >
        -: 3960:  {
        -: 3961:    typedef detail::parallel::global_descriptor<LocalDescriptor> argument_type;
        -: 3962:    std::size_t operator()(argument_type const& x) const
        -: 3963:    {
        -: 3964:      std::size_t hash = hash_value(x.owner);
        -: 3965:      hash_combine(hash, x.local);
        -: 3966:      return hash;
        -: 3967:    }
        -: 3968:  };
        -: 3969:
        -: 3970:  // Hash function for parallel edge descriptors
        -: 3971:  template<typename Edge>
        -: 3972:  struct hash<detail::parallel::edge_descriptor<Edge> >
        -: 3973:  {
        -: 3974:    typedef detail::parallel::edge_descriptor<Edge> argument_type;
        -: 3975:
        -: 3976:    std::size_t operator()(argument_type const& x) const
        -: 3977:    {
        -: 3978:      std::size_t hash = hash_value(x.owner());
        -: 3979:      hash_combine(hash, x.local);
        -: 3980:      return hash;
        -: 3981:    }
        -: 3982:  };
        -: 3983:
        -: 3984:} // end namespace boost
        -: 3985:
        -: 3986:#include <boost/graph/distributed/adjlist/handlers.hpp>
        -: 3987:#include <boost/graph/distributed/adjlist/initialize.hpp>
        -: 3988:#include <boost/graph/distributed/adjlist/redistribute.hpp>
        -: 3989:#include <boost/graph/distributed/adjlist/serialization.hpp>
        -: 3990:
        -: 3991:#endif // BOOST_GRAPH_DISTRIBUTED_ADJACENCY_LIST_HPP
