        -:    0:Source:/usr/include/boost/archive/detail/interface_oarchive.hpp
        -:    0:Graph:/home/m4zz31/cppprojct/cmake-build-debug-coverage/CMakeFiles/cppprojct.dir/GraphClasses/RingGraph.cpp.gcno
        -:    0:Data:/home/m4zz31/cppprojct/cmake-build-debug-coverage/CMakeFiles/cppprojct.dir/GraphClasses/RingGraph.cpp.gcda
        -:    0:Runs:1
        -:    0:Programs:1
        -:    1:#ifndef BOOST_ARCHIVE_DETAIL_INTERFACE_OARCHIVE_HPP
        -:    2:#define BOOST_ARCHIVE_DETAIL_INTERFACE_OARCHIVE_HPP
        -:    3:
        -:    4:// MS compatible compilers support #pragma once
        -:    5:#if defined(_MSC_VER)
        -:    6:# pragma once
        -:    7:#endif
        -:    8:
        -:    9://///////1/////////2/////////3/////////4/////////5/////////6/////////7/////////8
        -:   10:// interface_oarchive.hpp
        -:   11:
        -:   12:// (C) Copyright 2002 Robert Ramey - http://www.rrsd.com .
        -:   13:// Use, modification and distribution is subject to the Boost Software
        -:   14:// License, Version 1.0. (See accompanying file LICENSE_1_0.txt or copy at
        -:   15:// http://www.boost.org/LICENSE_1_0.txt)
        -:   16:
        -:   17://  See http://www.boost.org for updates, documentation, and revision history.
        -:   18:#include <cstddef> // NULL
        -:   19:#include <boost/cstdint.hpp>
        -:   20:#include <boost/mpl/bool.hpp>
        -:   21:
        -:   22:#include <boost/archive/detail/auto_link_archive.hpp>
        -:   23:#include <boost/archive/detail/oserializer.hpp>
        -:   24:#include <boost/archive/detail/abi_prefix.hpp> // must be the last header
        -:   25:
        -:   26:#include <boost/serialization/singleton.hpp>
        -:   27:
        -:   28:namespace boost {
        -:   29:namespace archive {
        -:   30:namespace detail {
        -:   31:
        -:   32:class basic_pointer_oserializer;
        -:   33:
        -:   34:template<class Archive>
        -:   35:class interface_oarchive
        -:   36:{
        -:   37:protected:
function _ZN5boost7archive6detail18interface_oarchiveINS_3mpi15packed_oarchiveEEC2Ev called 0 returned 0% blocks executed 0%
    #####:   38:    interface_oarchive() {}
    $$$$$:   38-block  0
        -:   39:public:
        -:   40:    /////////////////////////////////////////////////////////
        -:   41:    // archive public interface
        -:   42:    typedef mpl::bool_<false> is_loading;
        -:   43:    typedef mpl::bool_<true> is_saving;
        -:   44:
        -:   45:    // return a pointer to the most derived class
function _ZN5boost7archive6detail18interface_oarchiveINS_3mpi15packed_oarchiveEE4ThisEv called 0 returned 0% blocks executed 0%
    #####:   46:    Archive * This(){
    $$$$$:   46-block  0
    #####:   47:        return static_cast<Archive *>(this);
    $$$$$:   47-block  0
        -:   48:    }
        -:   49:
        -:   50:    template<class T>
        -:   51:    const basic_pointer_oserializer *
        -:   52:    register_type(const T * = NULL){
        -:   53:        const basic_pointer_oserializer & bpos =
        -:   54:            boost::serialization::singleton<
        -:   55:                pointer_oserializer<Archive, T>
        -:   56:            >::get_const_instance();
        -:   57:        this->This()->register_basic_serializer(bpos.get_basic_serializer());
        -:   58:        return & bpos;
        -:   59:    }
        -:   60:
        -:   61:    template<class Helper>
        -:   62:    Helper &
        -:   63:    get_helper(void * const id = 0){
        -:   64:        helper_collection & hc = this->This()->get_helper_collection();
        -:   65:        return hc.template find_helper<Helper>(id);
        -:   66:    }
        -:   67:
        -:   68:    template<class T>
function _ZN5boost7archive6detail18interface_oarchiveINS_3mpi15packed_oarchiveEElsINS0_13tracking_typeEEERS4_RKT_ called 0 returned 0% blocks executed 0%
function _ZN5boost7archive6detail18interface_oarchiveINS_3mpi15packed_oarchiveEElsINS0_15class_name_typeEEERS4_RKT_ called 0 returned 0% blocks executed 0%
function _ZN5boost7archive6detail18interface_oarchiveINS_3mpi15packed_oarchiveEElsINS0_23class_id_reference_typeEEERS4_RKT_ called 0 returned 0% blocks executed 0%
function _ZN5boost7archive6detail18interface_oarchiveINS_3mpi15packed_oarchiveEElsINS0_22class_id_optional_typeEEERS4_RKT_ called 0 returned 0% blocks executed 0%
function _ZN5boost7archive6detail18interface_oarchiveINS_3mpi15packed_oarchiveEElsINS0_13class_id_typeEEERS4_RKT_ called 0 returned 0% blocks executed 0%
function _ZN5boost7archive6detail18interface_oarchiveINS_3mpi15packed_oarchiveEElsINS0_21object_reference_typeEEERS4_RKT_ called 0 returned 0% blocks executed 0%
function _ZN5boost7archive6detail18interface_oarchiveINS_3mpi15packed_oarchiveEElsINS0_14object_id_typeEEERS4_RKT_ called 0 returned 0% blocks executed 0%
function _ZN5boost7archive6detail18interface_oarchiveINS_3mpi15packed_oarchiveEElsINS0_12version_typeEEERS4_RKT_ called 0 returned 0% blocks executed 0%
function _ZN5boost7archive6detail18interface_oarchiveINS_3mpi15packed_oarchiveEElsIdEERS4_RKT_ called 0 returned 0% blocks executed 0%
function _ZN5boost7archive6detail18interface_oarchiveINS_3mpi15packed_oarchiveEElsI11DynamicEdgeEERS4_RKT_ called 0 returned 0% blocks executed 0%
function _ZN5boost7archive6detail18interface_oarchiveINS_3mpi15packed_oarchiveEElsINS_6detail14edge_desc_implINS_12directed_tagEmEEEERS4_RKT_ called 0 returned 0% blocks executed 0%
function _ZN5boost7archive6detail18interface_oarchiveINS_3mpi15packed_oarchiveEElsINS_6detail8parallel20maybe_store_propertyI11DynamicEdgeEEEERS4_RKT_ called 0 returned 0% blocks executed 0%
function _ZN5boost7archive6detail18interface_oarchiveINS_3mpi15packed_oarchiveEElsINS_6detail8parallel17msg_add_edge_dataINS8_17global_descriptorImEEmEEEERS4_RKT_ called 0 returned 0% blocks executed 0%
function _ZN5boost7archive6detail18interface_oarchiveINS_3mpi15packed_oarchiveEElsINS_6detail8parallel22msg_nonlocal_edge_dataI11DynamicEdgeNS7_14edge_desc_implINS_12directed_tagEmEEEEEERS4_RKT_ called 0 returned 0% blocks executed 0%
function _ZN5boost7archive6detail18interface_oarchiveINS_3mpi15packed_oarchiveEElsIaEERS4_RKT_ called 0 returned 0% blocks executed 0%
function _ZN5boost7archive6detail18interface_oarchiveINS_3mpi15packed_oarchiveEElsIsEERS4_RKT_ called 0 returned 0% blocks executed 0%
function _ZN5boost7archive6detail18interface_oarchiveINS_3mpi15packed_oarchiveEElsINSt7__cxx1112basic_stringIcSt11char_traitsIcESaIcEEEEERS4_RKT_ called 0 returned 0% blocks executed 0%
    #####:   69:    Archive & operator<<(const T & t){
    $$$$$:   69-block  0
    $$$$$:   69-block  1
    $$$$$:   69-block  2
    $$$$$:   69-block  3
    $$$$$:   69-block  4
    $$$$$:   69-block  5
    $$$$$:   69-block  6
    $$$$$:   69-block  7
    $$$$$:   69-block  8
    $$$$$:   69-block  9
    $$$$$:   69-block 10
    $$$$$:   69-block 11
    $$$$$:   69-block 12
    $$$$$:   69-block 13
    $$$$$:   69-block 14
    $$$$$:   69-block 15
    $$$$$:   69-block 16
    #####:   70:        this->This()->save_override(t);
    $$$$$:   70-block  0
call    0 never executed
call    1 never executed
    $$$$$:   70-block  1
call    2 never executed
call    3 never executed
    $$$$$:   70-block  2
call    4 never executed
call    5 never executed
    $$$$$:   70-block  3
call    6 never executed
call    7 never executed
    $$$$$:   70-block  4
call    8 never executed
call    9 never executed
    $$$$$:   70-block  5
call   10 never executed
call   11 never executed
    $$$$$:   70-block  6
call   12 never executed
call   13 never executed
    $$$$$:   70-block  7
call   14 never executed
call   15 never executed
    $$$$$:   70-block  8
call   16 never executed
call   17 never executed
    $$$$$:   70-block  9
call   18 never executed
call   19 never executed
    $$$$$:   70-block 10
call   20 never executed
call   21 never executed
    $$$$$:   70-block 11
call   22 never executed
call   23 never executed
    $$$$$:   70-block 12
call   24 never executed
call   25 never executed
    $$$$$:   70-block 13
call   26 never executed
call   27 never executed
    $$$$$:   70-block 14
call   28 never executed
call   29 never executed
    $$$$$:   70-block 15
call   30 never executed
call   31 never executed
    $$$$$:   70-block 16
call   32 never executed
call   33 never executed
    #####:   71:        return * this->This();
call    0 never executed
call    1 never executed
call    2 never executed
call    3 never executed
call    4 never executed
call    5 never executed
call    6 never executed
call    7 never executed
call    8 never executed
call    9 never executed
call   10 never executed
call   11 never executed
call   12 never executed
call   13 never executed
call   14 never executed
call   15 never executed
call   16 never executed
        -:   72:    }
        -:   73:
        -:   74:    // the & operator
        -:   75:    template<class T>
function _ZN5boost7archive6detail18interface_oarchiveINS_3mpi15packed_oarchiveEEanIdEERS4_RKT_ called 0 returned 0% blocks executed 0%
function _ZN5boost7archive6detail18interface_oarchiveINS_3mpi15packed_oarchiveEEanI11DynamicEdgeEERS4_RKT_ called 0 returned 0% blocks executed 0%
function _ZN5boost7archive6detail18interface_oarchiveINS_3mpi15packed_oarchiveEEanINS_6detail14edge_desc_implINS_12directed_tagEmEEEERS4_RKT_ called 0 returned 0% blocks executed 0%
function _ZN5boost7archive6detail18interface_oarchiveINS_3mpi15packed_oarchiveEEanINS_6detail8parallel20maybe_store_propertyI11DynamicEdgeEEEERS4_RKT_ called 0 returned 0% blocks executed 0%
    #####:   76:    Archive & operator&(const T & t){
    $$$$$:   76-block  0
    $$$$$:   76-block  1
    $$$$$:   76-block  2
    $$$$$:   76-block  3
    #####:   77:        return * this ->This() << t;
    $$$$$:   77-block  0
call    0 never executed
call    1 never executed
    $$$$$:   77-block  1
call    2 never executed
call    3 never executed
    $$$$$:   77-block  2
call    4 never executed
call    5 never executed
    $$$$$:   77-block  3
call    6 never executed
call    7 never executed
        -:   78:    }
        -:   79:};
        -:   80:
        -:   81:} // namespace detail
        -:   82:} // namespace archive
        -:   83:} // namespace boost
        -:   84:
        -:   85:#include <boost/archive/detail/abi_suffix.hpp> // pops abi_suffix.hpp pragmas
        -:   86:
        -:   87:#endif // BOOST_ARCHIVE_DETAIL_INTERFACE_IARCHIVE_HPP
