        -:    0:Source:/home/m4zz31/cppprojct/Simulation/Simulation.cpp
        -:    0:Graph:/home/m4zz31/cppprojct/cmake-build-debug-coverage/CMakeFiles/cppprojct.dir/Simulation/Simulation.cpp.gcno
        -:    0:Data:/home/m4zz31/cppprojct/cmake-build-debug-coverage/CMakeFiles/cppprojct.dir/Simulation/Simulation.cpp.gcda
        -:    0:Runs:1
        -:    0:Programs:1
        -:    1://
        -:    2:// Created by m4zz31 on 29/10/21.
        -:    3://
        -:    4:#include <iostream>
        -:    5:#include <fstream>
        -:    6:#include <cmath>
        -:    7:
        -:    8:using namespace std;
        -:    9:
        -:   10://#include <Eigen/Dense>
        -:   11://using namespace Eigen;
        -:   12:
        -:   13:
function _Z14toy_simulationiPPc called 0 returned 0% blocks executed 0%
    #####:   14:void toy_simulation(int argc, char* argv[]){
    $$$$$:   14-block  0
        -:   15:
        -:   16:    // Ring size initialization
    #####:   17:    const int N = 20;
        -:   18:
        -:   19:    // Open files
    #####:   20:    ofstream cfiles[N];
    $$$$$:   20-block  0
    $$$$$:   20-block  1
branch  0 never executed
branch  1 never executed
    $$$$$:   20-block  2
call    2 never executed
branch  3 never executed
branch  4 never executed
    $$$$$:   20-block  3
    $$$$$:   20-block  4
    $$$$$:   20-block  5
branch  5 never executed
branch  6 never executed
    $$$$$:   20-block  6
call    7 never executed
    %%%%%:   20-block  7
    %%%%%:   20-block  8
branch  8 never executed
branch  9 never executed
    %%%%%:   20-block  9
call   10 never executed
    %%%%%:   20-block 10
    %%%%%:   20-block 11
    %%%%%:   20-block 12
branch 11 never executed
branch 12 never executed
    %%%%%:   20-block 13
call   13 never executed
    %%%%%:   20-block 14
    #####:   21:    for (int  i=0; i<N; i++){
    $$$$$:   21-block  0
    $$$$$:   21-block  1
branch  0 never executed
branch  1 never executed
    #####:   22:        cfiles[i].open("osc" + to_string(i) + ".txt");
    $$$$$:   22-block  0
call    0 never executed
call    1 never executed
branch  2 never executed
branch  3 never executed
    $$$$$:   22-block  1
call    4 never executed
branch  5 never executed
branch  6 never executed
    $$$$$:   22-block  2
call    7 never executed
branch  8 never executed
branch  9 never executed
    $$$$$:   22-block  3
call   10 never executed
branch 11 never executed
branch 12 never executed
    $$$$$:   22-block  4
call   13 never executed
call   14 never executed
call   15 never executed
    %%%%%:   22-block  5
call   16 never executed
    %%%%%:   22-block  6
    %%%%%:   22-block  7
call   17 never executed
    %%%%%:   22-block  8
    %%%%%:   22-block  9
call   18 never executed
    %%%%%:   22-block 10
        -:   23:    }
        -:   24:
        -:   25:    // Time initialization
    #####:   26:    double t_0 = 0;
    #####:   27:    double t_max = 1;
    #####:   28:    double dt=1e-3;
    #####:   29:    double t = t_0;
    #####:   30:    const int Nt = (int) (1/dt) + 1;
        -:   31:
        -:   32:    // Iterator initialization
        -:   33:    int i,j,k;
        -:   34:
        -:   35:    // Container initialization
    #####:   36:    double B[N] = {0};
    #####:   37:    double W[N] = {1};
    #####:   38:    double A[N][Nt] ;
        -:   39:
        -:   40:    // Define eqs. parameters
    #####:   41:    double K = 3.;
    #####:   42:    if (argc>1){
    $$$$$:   42-block  0
branch  0 never executed
branch  1 never executed
        -:   43:        //K = stod (argv[0], nullptr);
    #####:   44:        K = atof(argv[1]);
    #####:   45:        cout << "Recieved K: " << K << endl;
    $$$$$:   45-block  0
call    0 never executed
branch  1 never executed
branch  2 never executed
    $$$$$:   45-block  1
call    3 never executed
branch  4 never executed
branch  5 never executed
    $$$$$:   45-block  2
call    6 never executed
branch  7 never executed
branch  8 never executed
    $$$$$:   45-block  3
        -:   46:    }
    #####:   47:    const double K_by_N = K / (double) N;
    #####:   48:    double dW = 0.01;
        -:   49:    double TH_0;
    #####:   50:    TH_0 = (double) M_PI / (double) 6;
        -:   51:    double sum[N];
    #####:   52:    for (i=0;i<N;i++){
    $$$$$:   52-block  0
    $$$$$:   52-block  1
branch  0 never executed
branch  1 never executed
    $$$$$:   52-block  2
    #####:   53:        W[i] = W[i] + i * dW;
    #####:   54:        A[i][0] = M_PI * (1/ (double) N) * i + TH_0;
        -:   55:    }
        -:   56:
        -:   57:
        -:   58:    // eq. is:
        -:   59:    //
        -:   60:    // dA_i/dt = w_i + K/N * sum_j(A_j - A_i);
        -:   61:    //
        -:   62:    // therefore the code should be
        -:   63:    // B_i(t) = (w_i + K/N * sum_j(A_j-A_i))
        -:   64:    // A_i(t+dt) = dt * B_i(t) + A_i(t)
        -:   65:
        -:   66:    // Start writing and integrating!
    #####:   67:    for (j=0; j<Nt-1; j++) {
    $$$$$:   67-block  0
    $$$$$:   67-block  1
branch  0 never executed
branch  1 never executed
    $$$$$:   67-block  2
branch  2 never executed
branch  3 never executed
    $$$$$:   67-block  3
    $$$$$:   67-block  4
branch  4 never executed
branch  5 never executed
    $$$$$:   67-block  5
    $$$$$:   67-block  6
        -:   68:# pragma omp for
        -:   69:        for (i=0; i<N; i++) {
    #####:   70:            for (k=0; k<N; k++){
    $$$$$:   70-block  0
    $$$$$:   70-block  1
branch  0 never executed
branch  1 never executed
    $$$$$:   70-block  2
    #####:   71:                sum[i] += sin(A[k][j] - A[i][j]);
        -:   72:            }
    #####:   73:            B[i] = W[i] + K_by_N  * sum[i];
    $$$$$:   73-block  0
branch  0 never executed
branch  1 never executed
        -:   74:        }
    #####:   75:        for (i=0; i<N; i++) {
    $$$$$:   75-block  0
    $$$$$:   75-block  1
branch  0 never executed
branch  1 never executed
    $$$$$:   75-block  2
    #####:   76:            A[i][j+1] = A[i][j] + dt * B[i];
    #####:   77:            cfiles[i] << A[i][j] << "," ;
    $$$$$:   77-block  0
call    0 never executed
branch  1 never executed
branch  2 never executed
    $$$$$:   77-block  1
call    3 never executed
branch  4 never executed
branch  5 never executed
        -:   78:        }
    #####:   79:        t += dt;
        -:   80:    }
        -:   81:
    #####:   82:    for (int  i=0; i<N; i++){
    $$$$$:   82-block  0
    $$$$$:   82-block  1
branch  0 never executed
branch  1 never executed
    $$$$$:   82-block  2
    #####:   83:        cfiles[i].close();
    $$$$$:   83-block  0
call    0 never executed
branch  1 never executed
branch  2 never executed
    #####:   84:    }
        -:   85:
        -:   86:
        -:   87:
function _GLOBAL__sub_I__Z14toy_simulationiPPc called 1 returned 100% blocks executed 100%
function _Z41__static_initialization_and_destruction_0ii called 1 returned 100% blocks executed 100%
        4:   88:}
        1:   88-block  0
        1:   88-block  1
call    0 returned 1
        1:   88-block  2
        1:   88-block  3
branch  1 taken 1 (fallthrough)
branch  2 taken 0
        1:   88-block  4
branch  3 taken 1 (fallthrough)
branch  4 taken 0
    $$$$$:   88-block  5
    %%%%%:   88-block  6
branch  5 never executed
branch  6 never executed
